   7.88941383E-02   0.00000000       0.00000000    
  1.4000    456.3  9.35146E+03  1.116E+06  4.5510E+01  6.9754E+03  1.6494E+00  6.8109E-01  1.5541E+00  2.0135E+03  2.1372E-08
  1.3000    373.2  7.32158E+03  1.116E+06  4.5538E+01  6.9790E+03  1.6418E+00  6.8109E-01  1.4575E+00  1.9162E+03  1.9790E-08
  1.2000    300.5  4.80149E+03  1.116E+06  4.5566E+01  6.9826E+03  1.6343E+00  6.8109E-01  1.3230E+00  1.7791E+03  1.6784E-08
  1.1000    237.6  2.80794E+03  1.116E+06  4.5595E+01  6.9862E+03  1.6268E+00  6.8109E-01  1.1560E+00  1.5999E+03  1.3686E-08
  1.0000    183.6  1.51380E+03  1.116E+06  4.5623E+01  6.9898E+03  1.6193E+00  6.8109E-01  9.6589E-01  1.3837E+03  1.0961E-08
  0.9000    138.1  7.66844E+02  1.116E+06  4.5651E+01  6.9934E+03  1.6117E+00  6.8109E-01  7.6773E-01  1.1448E+03  8.6482E-09
  0.8000    100.3  3.61945E+02  1.116E+06  4.5680E+01  6.9970E+03  1.6042E+00  6.8109E-01  5.7636E-01  9.0077E+02  6.6760E-09
  0.7000     69.5  1.54936E+02  1.116E+06  4.5708E+01  7.0006E+03  1.5967E+00  6.8109E-01  4.0082E-01  6.6480E+02  4.9781E-09
  0.6000     45.2  5.93455E+01  1.116E+06  4.5736E+01  7.0042E+03  1.5892E+00  6.8109E-01  2.4588E-01  4.4648E+02  3.4928E-09
  0.5000     26.7  1.97850E+01  1.116E+06  4.5765E+01  7.0078E+03  1.5817E+00  6.8109E-01  1.1599E-01  2.5645E+02  2.2015E-09
  0.4000     13.3  5.21941E+00  1.116E+06  4.5793E+01  7.0114E+03  1.5741E+00  6.8109E-01  1.6365E-02  1.0695E+02  1.1342E-09
  0.3000      4.3  8.90648E-01  1.116E+06  4.5821E+01  7.0150E+03  1.5666E+00  6.8109E-01  4.4392E-02  1.5031E+01  3.4615E-10
  0.2000      0.8  9.09157E-02  1.116E+06  4.5850E+01  7.0186E+03  1.5591E+00  6.8109E-01  5.9017E-02  6.7969E+00  8.0689E-11
  0.1000      2.9  1.70158E-01  1.116E+06  4.5878E+01  7.0222E+03  1.5516E+00  6.8109E-01  3.5725E-02  2.6312E+01  1.4867E-10
  0.0000      2.4  8.42552E-02  1.116E+06  4.5906E+01  7.0258E+03  1.5441E+00  6.8109E-01  0.0000E+00  7.2078E+01  1.9099E-11
 -0.1000      0.0  8.60310E-03  1.116E+06  4.5935E+01  7.0294E+03  1.5365E+00  6.8109E-01  2.6026E-02  9.6094E+01  2.6665E-10
 -0.2000      3.5  3.77245E-02  1.116E+06  4.5963E+01  7.0330E+03  1.5290E+00  6.8109E-01  4.0970E-02  9.5523E+01  5.0616E-10
 -0.3000      7.5  6.43826E-02  1.116E+06  4.5991E+01  7.0367E+03  1.5215E+00  6.8109E-01  5.6271E-02  8.4047E+01  7.0855E-10
 -0.4000     11.5  7.88851E-02  1.116E+06  4.6020E+01  7.0402E+03  1.5140E+00  6.8109E-01  8.1570E-02  7.2211E+01  8.5632E-10
 -0.5000     14.7  8.36935E-02  1.116E+06  4.6048E+01  7.0438E+03  1.5064E+00  6.8109E-01  1.2109E-01  6.4312E+01  9.4309E-10
 -0.6000     17.4  8.29282E-02  1.116E+06  4.6076E+01  7.0475E+03  1.4989E+00  6.8109E-01  1.7574E-01  6.1219E+01  9.8844E-10
 -0.7000     19.6  7.94573E-02  1.116E+06  4.6104E+01  7.0511E+03  1.4914E+00  6.8109E-01  2.4458E-01  6.1930E+01  1.0102E-09
 -0.8000     21.5  7.53512E-02  1.116E+06  4.6133E+01  7.0547E+03  1.4839E+00  6.8109E-01  3.2542E-01  6.4691E+01  1.0142E-09
 -0.9000     23.3  7.11529E-02  1.116E+06  4.6161E+01  7.0583E+03  1.4763E+00  6.8109E-01  4.1673E-01  6.8242E+01  1.0076E-09
 -1.0000     25.1  6.71856E-02  1.116E+06  4.6189E+01  7.0619E+03  1.4688E+00  6.8109E-01  5.1869E-01  7.2219E+01  9.9688E-10
 -1.1000     27.2  6.38335E-02  1.116E+06  4.6218E+01  7.0655E+03  1.4613E+00  6.8109E-01  6.3145E-01  7.6199E+01  9.8989E-10
 -1.2000     29.6  6.11808E-02  1.116E+06  4.6246E+01  7.0691E+03  1.4538E+00  6.8109E-01  7.5594E-01  7.9914E+01  9.8555E-10
 -1.3000     32.5  5.92296E-02  1.116E+06  4.6274E+01  7.0727E+03  1.4463E+00  6.8109E-01  8.9526E-01  8.3654E+01  9.8678E-10
 -1.4000     36.0  5.79190E-02  1.116E+06  4.6303E+01  7.0763E+03  1.4387E+00  6.8109E-01  1.0527E+00  8.7555E+01  9.9485E-10
 -1.5000     39.9  5.67137E-02  1.116E+06  4.6331E+01  7.0799E+03  1.4312E+00  6.8109E-01  1.2292E+00  9.1234E+01  1.0028E-09
 -1.6000     43.7  5.49545E-02  1.116E+06  4.6359E+01  7.0835E+03  1.4237E+00  6.8109E-01  1.4247E+00  9.4354E+01  1.0014E-09
 -1.7000     47.1  5.21508E-02  1.116E+06  4.6388E+01  7.0871E+03  1.4162E+00  6.8109E-01  1.6416E+00  9.7320E+01  9.8673E-10
 -1.8000     49.6  4.81117E-02  1.116E+06  4.6416E+01  7.0907E+03  1.4086E+00  6.8109E-01  1.8854E+00  1.0103E+02  9.6037E-10
 -1.9000     51.0  4.31172E-02  1.116E+06  4.6444E+01  7.0943E+03  1.4011E+00  6.8109E-01  2.1594E+00  1.0584E+02  9.2695E-10
 -2.0000     50.8  3.72552E-02  1.116E+06  4.6472E+01  7.0979E+03  1.3936E+00  6.8109E-01  2.4638E+00  1.1156E+02  8.8653E-10
 -2.1000     48.7  3.06414E-02  1.116E+06  4.6501E+01  7.1015E+03  1.3861E+00  6.8109E-01  2.7987E+00  1.1808E+02  8.4006E-10
 -2.2000     44.4  2.34094E-02  1.116E+06  4.6529E+01  7.1051E+03  1.3786E+00  6.8109E-01  3.1658E+00  1.2547E+02  7.8934E-10
 -2.3000     37.6  1.57542E-02  1.116E+06  4.6557E+01  7.1087E+03  1.3710E+00  6.8109E-01  3.5719E+00  1.3412E+02  7.3865E-10
 -2.4000     29.9  8.75989E-03  1.116E+06  4.6586E+01  7.1123E+03  1.3635E+00  6.8109E-01  4.0305E+00  1.4447E+02  7.0254E-10
 -2.5000     22.7  3.15812E-03  1.116E+06  4.6614E+01  7.1159E+03  1.3560E+00  6.8109E-01  4.5611E+00  1.5667E+02  6.9064E-10
 -2.6000     17.7  4.66555E-04  1.116E+06  4.6642E+01  7.1195E+03  1.3485E+00  6.8109E-01  5.1887E+00  1.7064E+02  7.0962E-10
 -2.7000     16.6  2.19327E-03  1.116E+06  4.6671E+01  7.1232E+03  1.3409E+00  6.8109E-01  5.9471E+00  1.8621E+02  7.5837E-10
 -2.8000     21.0  1.93387E-03  1.116E+06  4.6699E+01  7.1268E+03  1.3334E+00  6.8109E-01  6.8778E+00  2.0309E+02  8.3694E-10
 -2.9000     32.5  7.27028E-05  1.116E+06  4.6727E+01  7.1303E+03  1.3259E+00  6.8109E-01  8.0268E+00  2.2072E+02  9.4034E-10
 -3.0000     52.7  3.66113E-03  1.116E+06  4.6756E+01  7.1340E+03  1.3184E+00  6.8109E-01  9.4451E+00  2.3839E+02  1.0639E-09
 -3.1000     83.3  8.49721E-03  1.116E+06  4.6784E+01  7.1376E+03  1.3108E+00  6.8109E-01  1.1189E+01  2.5529E+02  1.2004E-09
 -3.2000    125.9  1.41806E-02  1.116E+06  4.6812E+01  7.1412E+03  1.3033E+00  6.8109E-01  1.3329E+01  2.7073E+02  1.3423E-09
 -3.3000    182.2  1.83237E-02  1.116E+06  4.6841E+01  7.1448E+03  1.2958E+00  6.8109E-01  1.6118E+01  2.8771E+02  1.4732E-09
 -3.4000    253.7  1.98874E-02  1.116E+06  4.6869E+01  7.1484E+03  1.2883E+00  6.8109E-01  2.0143E+01  3.1330E+02  1.6205E-09
 -3.5000    342.2  1.82993E-02  1.116E+06  4.6897E+01  7.1520E+03  1.2808E+00  6.8109E-01  2.6394E+01  3.5461E+02  1.8134E-09
 -3.6000    449.1  1.31199E-02  1.116E+06  4.6926E+01  7.1556E+03  1.2732E+00  6.8109E-01  3.6647E+01  4.1896E+02  2.0699E-09
 -3.7000    576.3  6.58304E-03  1.116E+06  4.6954E+01  7.1592E+03  1.2657E+00  6.8109E-01  5.4214E+01  5.1234E+02  2.4008E-09
 -3.8000    725.2  4.42040E-03  1.116E+06  4.6982E+01  7.1628E+03  1.2582E+00  6.8109E-01  8.4835E+01  6.3029E+02  2.7805E-09
 -3.9000    897.6  9.55199E-03  1.116E+06  4.7010E+01  7.1664E+03  1.2507E+00  6.8109E-01  1.4047E+02  7.5365E+02  3.1389E-09
 -4.0000   1095.0  0.00000E+00  1.116E+06  4.7039E+01  7.1700E+03  1.2431E+00  6.8109E-01  3.3201E+02  8.8270E+02  3.4741E-09
