   5.39968014E-02   0.00000000       0.00000000    
  1.4000    302.3  5.98462E+03  1.675E+06  1.2775E+04  2.3231E+06  1.0913E+00  4.4992E-01  9.3713E-01  1.2399E+03  1.3165E-08
  1.3000    247.3  5.03485E+03  1.675E+06  9.8109E+03  1.7826E+06  1.0863E+00  4.4992E-01  8.8920E-01  1.1908E+03  1.2746E-08
  1.2000    199.2  3.39879E+03  1.675E+06  7.3516E+03  1.3344E+06  1.0812E+00  4.4992E-01  8.1664E-01  1.1175E+03  1.0989E-08
  1.1000    157.5  2.00173E+03  1.675E+06  5.3500E+03  9.6971E+05  1.0762E+00  4.4992E-01  7.2197E-01  1.0174E+03  8.9931E-09
  1.0000    121.7  1.07367E+03  1.675E+06  3.7591E+03  6.8005E+05  1.0711E+00  4.4992E-01  6.0978E-01  8.9127E+02  7.2049E-09
  0.9000     91.6  5.37616E+02  1.675E+06  2.5316E+03  4.5677E+05  1.0661E+00  4.4992E-01  4.8889E-01  7.4669E+02  5.6923E-09
  0.8000     66.5  2.50135E+02  1.675E+06  1.6206E+03  2.9124E+05  1.0610E+00  4.4992E-01  3.6908E-01  5.9461E+02  4.4087E-09
  0.7000     46.1  1.05473E+02  1.675E+06  9.7901E+02  1.7485E+05  1.0560E+00  4.4992E-01  2.5701E-01  4.4411E+02  3.3032E-09
  0.6000     30.0  3.98043E+01  1.675E+06  5.5963E+02  9.8989E+04  1.0509E+00  4.4992E-01  1.5662E-01  3.0236E+02  2.3309E-09
  0.5000     17.7  1.30837E+01  1.675E+06  3.1542E+02  5.5033E+04  1.0459E+00  4.4992E-01  7.1518E-02  1.7725E+02  1.4790E-09
  0.4000      8.8  3.40224E+00  1.675E+06  1.9930E+02  3.4371E+04  1.0408E+00  4.4992E-01  5.7831E-03  7.7875E+01  7.6957E-10
  0.3000      2.8  5.67154E-01  1.675E+06  1.6418E+02  2.8385E+04  1.0358E+00  4.4992E-01  3.4138E-02  1.6766E+01  2.4380E-10
  0.2000      0.6  6.64940E-02  1.675E+06  1.6296E+02  2.8460E+04  1.0307E+00  4.4992E-01  4.2843E-02  3.1406E+00  3.9336E-11
  0.1000      2.0  1.15082E-01  1.675E+06  1.5700E+02  2.7531E+04  1.0257E+00  4.4992E-01  2.5744E-02  2.6781E+01  8.0490E-11
  0.0000      1.6  5.82371E-02  1.675E+06  1.4142E+02  2.4727E+04  1.0206E+00  4.4992E-01  0.0000E+00  5.8938E+01  3.6664E-11
 -0.1000      0.1  8.27980E-03  1.675E+06  1.1978E+02  2.0729E+04  1.0156E+00  4.4992E-01  1.9800E-02  7.6656E+01  2.0759E-10
 -0.2000      2.2  2.29511E-02  1.675E+06  9.5660E+01  1.6219E+04  1.0105E+00  4.4992E-01  3.2866E-02  7.8125E+01  3.7357E-10
 -0.3000      4.9  4.14104E-02  1.675E+06  7.2610E+01  1.1877E+04  1.0055E+00  4.4992E-01  4.6585E-02  7.2141E+01  5.1443E-10
 -0.4000      7.6  5.16605E-02  1.675E+06  5.4197E+01  8.3836E+03  1.0004E+00  4.4992E-01  6.7295E-02  6.5586E+01  6.1837E-10
 -0.5000      9.8  5.51834E-02  1.675E+06  4.3119E+01  6.2554E+03  9.9538E-01  4.4992E-01  9.8145E-02  6.1555E+01  6.8209E-10
 -0.6000     11.6  5.47338E-02  1.675E+06  3.8603E+01  5.3535E+03  9.9033E-01  4.4992E-01  1.4040E-01  6.0961E+01  7.1935E-10
 -0.7000     13.2  5.23105E-02  1.675E+06  3.9011E+01  5.3749E+03  9.8528E-01  4.4992E-01  1.9416E-01  6.3398E+01  7.4270E-10
 -0.8000     14.5  4.94094E-02  1.675E+06  4.2703E+01  6.0168E+03  9.8024E-01  4.4992E-01  2.5861E-01  6.7773E+01  7.5578E-10
 -0.9000     15.7  4.64101E-02  1.675E+06  4.8041E+01  6.9762E+03  9.7519E-01  4.4992E-01  3.3321E-01  7.3199E+01  7.6297E-10
 -1.0000     17.0  4.35259E-02  1.675E+06  5.3385E+01  7.9501E+03  9.7013E-01  4.4992E-01  4.1861E-01  7.9352E+01  7.6842E-10
 -1.1000     18.3  4.10106E-02  1.675E+06  5.7439E+01  8.6974E+03  9.6510E-01  4.4992E-01  5.1555E-01  8.5875E+01  7.7713E-10
 -1.2000     19.9  3.89161E-02  1.675E+06  6.0278E+01  9.2247E+03  9.6004E-01  4.4992E-01  6.2527E-01  9.2543E+01  7.8817E-10
 -1.3000     21.7  3.72403E-02  1.675E+06  6.2321E+01  9.6003E+03  9.5498E-01  4.4992E-01  7.5075E-01  9.9508E+01  8.0339E-10
 -1.4000     24.0  3.59564E-02  1.675E+06  6.3986E+01  9.8926E+03  9.4994E-01  4.4992E-01  8.9528E-01  1.0687E+02  8.2391E-10
 -1.5000     26.4  3.47551E-02  1.675E+06  6.5691E+01  1.0170E+04  9.4489E-01  4.4992E-01  1.0610E+00  1.1439E+02  8.4567E-10
 -1.6000     28.7  3.31980E-02  1.675E+06  6.7854E+01  1.0501E+04  9.3985E-01  4.4992E-01  1.2496E+00  1.2186E+02  8.6278E-10
 -1.7000     30.8  3.09374E-02  1.675E+06  7.0857E+01  1.0946E+04  9.3479E-01  4.4992E-01  1.4650E+00  1.2960E+02  8.7260E-10
 -1.8000     32.3  2.78429E-02  1.675E+06  7.4930E+01  1.1538E+04  9.2974E-01  4.4992E-01  1.7142E+00  1.3829E+02  8.7650E-10
 -1.9000     33.0  2.41241E-02  1.675E+06  8.0271E+01  1.2303E+04  9.2470E-01  4.4992E-01  2.0037E+00  1.4829E+02  8.7842E-10
 -2.0000     32.7  1.98371E-02  1.675E+06  8.7071E+01  1.3264E+04  9.1964E-01  4.4992E-01  2.3391E+00  1.5960E+02  8.7892E-10
 -2.1000     31.2  1.50431E-02  1.675E+06  9.5528E+01  1.4449E+04  9.1460E-01  4.4992E-01  2.7270E+00  1.7228E+02  8.7907E-10
 -2.2000     28.2  9.82654E-03  1.675E+06  1.0583E+02  1.5881E+04  9.0955E-01  4.4992E-01  3.1772E+00  1.8650E+02  8.8059E-10
 -2.3000     23.7  4.27473E-03  1.675E+06  1.1794E+02  1.7552E+04  9.0450E-01  4.4992E-01  3.7047E+00  2.0265E+02  8.8638E-10
 -2.4000     18.5  8.46088E-04  1.675E+06  1.3082E+02  1.9316E+04  8.9945E-01  4.4992E-01  4.3300E+00  2.2106E+02  9.0689E-10
 -2.5000     13.9  5.02598E-03  1.675E+06  1.4321E+02  2.0993E+04  8.9440E-01  4.4992E-01  5.0793E+00  2.4185E+02  9.4876E-10
 -2.6000     10.8  7.75561E-03  1.675E+06  1.5382E+02  2.2401E+04  8.8936E-01  4.4992E-01  5.9837E+00  2.6493E+02  1.0179E-09
 -2.7000     10.4  9.21226E-03  1.675E+06  1.6140E+02  2.3361E+04  8.8431E-01  4.4992E-01  7.0817E+00  2.9018E+02  1.1121E-09
 -2.8000     13.9  9.25633E-03  1.675E+06  1.6466E+02  2.3693E+04  8.7925E-01  4.4992E-01  8.4198E+00  3.1739E+02  1.2324E-09
 -2.9000     22.2  8.06656E-03  1.675E+06  1.6360E+02  2.3398E+04  8.7421E-01  4.4992E-01  1.0048E+01  3.4614E+02  1.3751E-09
 -3.0000     36.6  5.62154E-03  1.675E+06  1.6328E+02  2.3203E+04  8.6916E-01  4.4992E-01  1.2018E+01  3.7580E+02  1.5381E-09
 -3.1000     58.1  2.04900E-03  1.675E+06  1.7001E+02  2.4018E+04  8.6411E-01  4.4992E-01  1.4379E+01  4.0547E+02  1.7167E-09
 -3.2000     87.8  2.48834E-03  1.675E+06  1.9011E+02  2.6752E+04  8.5906E-01  4.4992E-01  1.7174E+01  4.3401E+02  1.9047E-09
 -3.3000    126.8  5.73759E-03  1.675E+06  2.2989E+02  3.2316E+04  8.5401E-01  4.4992E-01  2.0526E+01  4.6245E+02  2.0749E-09
 -3.4000    176.2  7.81474E-03  1.675E+06  2.9567E+02  4.1617E+04  8.4897E-01  4.4992E-01  2.4683E+01  4.9407E+02  2.2467E-09
 -3.5000    237.2  9.18882E-03  1.675E+06  3.9377E+02  5.5566E+04  8.4391E-01  4.4992E-01  2.9954E+01  5.3134E+02  2.4406E-09
 -3.6000    310.9  9.51481E-03  1.675E+06  5.3050E+02  7.5072E+04  8.3886E-01  4.4992E-01  3.6738E+01  5.7599E+02  2.6612E-09
 -3.7000    398.3  8.49920E-03  1.675E+06  7.1219E+02  1.0104E+05  8.3382E-01  4.4992E-01  4.5605E+01  6.2943E+02  2.9122E-09
 -3.8000    500.5  6.31676E-03  1.675E+06  9.4514E+02  1.3439E+05  8.2877E-01  4.4992E-01  5.7488E+01  6.9375E+02  3.1997E-09
 -3.9000    618.7  3.22168E-03  1.675E+06  1.2357E+03  1.7603E+05  8.2372E-01  4.4992E-01  7.4004E+01  7.7162E+02  3.5316E-09
 -4.0000    754.0  0.00000E+00  1.675E+06  1.5901E+03  2.2685E+05  8.1867E-01  4.4992E-01  9.8140E+01  8.6470E+02  3.9117E-09
