   9.13472176E-02   0.00000000       0.00000000    
  1.4000    562.4  6.69724E+03  2.046E+06  2.9004E+01  4.4184E+03  8.9781E-01  8.3853E-01  4.6323E+00  6.4084E+03  3.7915E-08
  1.3000    460.1  4.29810E+03  2.046E+06  2.9004E+01  4.4184E+03  8.9781E-01  8.3853E-01  3.8498E+00  5.4364E+03  3.1636E-08
  1.2000    370.6  2.66075E+03  2.046E+06  2.9004E+01  4.4184E+03  8.9781E-01  8.3853E-01  3.1097E+00  4.4865E+03  2.6035E-08
  1.1000    293.0  1.59242E+03  2.046E+06  2.9004E+01  4.4184E+03  8.9781E-01  8.3853E-01  2.4368E+00  3.5956E+03  2.1083E-08
  1.0000    226.5  9.21661E+02  2.046E+06  2.9004E+01  4.4184E+03  8.9781E-01  8.3853E-01  1.8482E+00  2.7937E+03  1.6736E-08
  0.9000    170.4  5.14764E+02  2.046E+06  2.9004E+01  4.4184E+03  8.9781E-01  8.3853E-01  1.3528E+00  2.1014E+03  1.2954E-08
  0.8000    123.8  2.70509E+02  2.046E+06  2.9004E+01  4.4184E+03  8.9781E-01  8.3853E-01  9.4889E-01  1.5238E+03  9.7297E-09
  0.7000     85.9  1.28908E+02  2.046E+06  2.9004E+01  4.4184E+03  8.9781E-01  8.3853E-01  6.2403E-01  1.0489E+03  7.0257E-09
  0.6000     55.9  5.47791E+01  2.046E+06  2.9004E+01  4.4184E+03  8.9781E-01  8.3853E-01  3.6572E-01  6.6356E+02  4.7633E-09
  0.5000     33.0  2.01413E+01  2.046E+06  2.9004E+01  4.4184E+03  8.9781E-01  8.3853E-01  1.6740E-01  3.6319E+02  2.9059E-09
  0.4000     16.5  5.80836E+00  2.046E+06  2.9004E+01  4.4184E+03  8.9781E-01  8.3853E-01  2.6413E-02  1.4791E+02  1.4596E-09
  0.3000      5.4  1.07773E+00  2.046E+06  2.9004E+01  4.4184E+03  8.9781E-01  8.3853E-01  5.4646E-02  2.4516E+01  4.4605E-10
  0.2000      1.0  1.08799E-01  2.046E+06  2.9004E+01  4.4184E+03  8.9781E-01  8.3853E-01  7.3895E-02  4.4844E+00  8.4100E-11
  0.1000      3.5  2.22858E-01  2.046E+06  2.9004E+01  4.4184E+03  8.9781E-01  8.3853E-01  4.5205E-02  3.5297E+01  1.6846E-10
  0.0000      2.9  1.13338E-01  2.046E+06  2.9004E+01  4.4184E+03  8.9781E-01  8.3853E-01  0.0000E+00  9.1859E+01  3.5243E-11
 -0.1000      0.0  1.12629E-02  2.046E+06  2.9004E+01  4.4184E+03  8.9781E-01  8.3853E-01  3.3235E-02  1.2209E+02  3.3683E-10
 -0.2000      4.3  4.98037E-02  2.046E+06  2.9004E+01  4.4184E+03  8.9781E-01  8.3853E-01  5.0404E-02  1.1995E+02  6.2511E-10
 -0.3000      9.3  8.20513E-02  2.046E+06  2.9004E+01  4.4184E+03  8.9781E-01  8.3853E-01  6.6254E-02  1.0305E+02  8.6726E-10
 -0.4000     14.1  9.82399E-02  2.046E+06  2.9004E+01  4.4184E+03  8.9781E-01  8.3853E-01  9.5028E-02  8.6625E+01  1.0473E-09
 -0.5000     18.2  1.03222E-01  2.046E+06  2.9004E+01  4.4184E+03  8.9781E-01  8.3853E-01  1.4268E-01  7.6359E+01  1.1567E-09
 -0.6000     21.5  1.02205E-01  2.046E+06  2.9004E+01  4.4184E+03  8.9781E-01  8.3853E-01  2.0965E-01  7.2516E+01  1.2159E-09
 -0.7000     24.3  9.82871E-02  2.046E+06  2.9004E+01  4.4184E+03  8.9781E-01  8.3853E-01  2.9373E-01  7.3156E+01  1.2444E-09
 -0.8000     26.7  9.36384E-02  2.046E+06  2.9004E+01  4.4184E+03  8.9781E-01  8.3853E-01  3.9171E-01  7.5867E+01  1.2486E-09
 -0.9000     29.0  8.87794E-02  2.046E+06  2.9004E+01  4.4184E+03  8.9781E-01  8.3853E-01  5.0169E-01  7.9258E+01  1.2376E-09
 -1.0000     31.3  8.40888E-02  2.046E+06  2.9004E+01  4.4184E+03  8.9781E-01  8.3853E-01  6.2428E-01  8.3156E+01  1.2210E-09
 -1.1000     33.9  8.00483E-02  2.046E+06  2.9004E+01  4.4184E+03  8.9781E-01  8.3853E-01  7.6019E-01  8.7250E+01  1.2092E-09
 -1.2000     36.9  7.67848E-02  2.046E+06  2.9004E+01  4.4184E+03  8.9781E-01  8.3853E-01  9.1101E-01  9.1328E+01  1.2014E-09
 -1.3000     40.6  7.43494E-02  2.046E+06  2.9004E+01  4.4184E+03  8.9781E-01  8.3853E-01  1.0808E+00  9.5781E+01  1.2018E-09
 -1.4000     45.1  7.26888E-02  2.046E+06  2.9004E+01  4.4184E+03  8.9781E-01  8.3853E-01  1.2739E+00  1.0073E+02  1.2119E-09
 -1.5000     49.9  7.11488E-02  2.046E+06  2.9004E+01  4.4184E+03  8.9781E-01  8.3853E-01  1.4915E+00  1.0559E+02  1.2226E-09
 -1.6000     54.7  6.89294E-02  2.046E+06  2.9004E+01  4.4184E+03  8.9781E-01  8.3853E-01  1.7326E+00  1.0977E+02  1.2218E-09
 -1.7000     58.9  6.54286E-02  2.046E+06  2.9004E+01  4.4184E+03  8.9781E-01  8.3853E-01  1.9992E+00  1.1361E+02  1.2040E-09
 -1.8000     62.0  6.03986E-02  2.046E+06  2.9004E+01  4.4184E+03  8.9781E-01  8.3853E-01  2.2969E+00  1.1807E+02  1.1706E-09
 -1.9000     63.7  5.41936E-02  2.046E+06  2.9004E+01  4.4184E+03  8.9781E-01  8.3853E-01  2.6286E+00  1.2356E+02  1.1269E-09
 -2.0000     63.4  4.69012E-02  2.046E+06  2.9004E+01  4.4184E+03  8.9781E-01  8.3853E-01  2.9930E+00  1.2980E+02  1.0729E-09
 -2.1000     60.6  3.86600E-02  2.046E+06  2.9004E+01  4.4184E+03  8.9781E-01  8.3853E-01  3.3893E+00  1.3673E+02  1.0097E-09
 -2.2000     54.9  2.96113E-02  2.046E+06  2.9004E+01  4.4184E+03  8.9781E-01  8.3853E-01  3.8183E+00  1.4449E+02  9.3993E-10
 -2.3000     46.3  2.00217E-02  2.046E+06  2.9004E+01  4.4184E+03  8.9781E-01  8.3853E-01  4.2884E+00  1.5368E+02  8.6940E-10
 -2.4000     36.3  1.12486E-02  2.046E+06  2.9004E+01  4.4184E+03  8.9781E-01  8.3853E-01  4.8159E+00  1.6494E+02  8.1680E-10
 -2.5000     27.1  4.23813E-03  2.046E+06  2.9004E+01  4.4184E+03  8.9781E-01  8.3853E-01  5.4248E+00  1.7852E+02  7.9456E-10
 -2.6000     20.7  3.08752E-04  2.046E+06  2.9004E+01  4.4184E+03  8.9781E-01  8.3853E-01  6.1458E+00  1.9434E+02  8.1096E-10
 -2.7000     19.2  2.46233E-03  2.046E+06  2.9004E+01  4.4184E+03  8.9781E-01  8.3853E-01  7.0205E+00  2.1217E+02  8.6473E-10
 -2.8000     24.6  2.15361E-03  2.046E+06  2.9004E+01  4.4184E+03  8.9781E-01  8.3853E-01  8.1009E+00  2.3168E+02  9.5561E-10
 -2.9000     39.0  3.03715E-04  2.046E+06  2.9004E+01  4.4184E+03  8.9781E-01  8.3853E-01  9.4468E+00  2.5225E+02  1.0775E-09
 -3.0000     64.5  4.64320E-03  2.046E+06  2.9004E+01  4.4184E+03  8.9781E-01  8.3853E-01  1.1131E+01  2.7324E+02  1.2249E-09
 -3.1000    103.1  1.03850E-02  2.046E+06  2.9004E+01  4.4184E+03  8.9781E-01  8.3853E-01  1.3246E+01  2.9413E+02  1.3902E-09
 -3.2000    156.8  1.69366E-02  2.046E+06  2.9004E+01  4.4184E+03  8.9781E-01  8.3853E-01  1.5927E+01  3.1482E+02  1.5666E-09
 -3.3000    227.9  2.09864E-02  2.046E+06  2.9004E+01  4.4184E+03  8.9781E-01  8.3853E-01  1.9589E+01  3.4000E+02  1.7379E-09
 -3.4000    318.3  2.09192E-02  2.046E+06  2.9004E+01  4.4184E+03  8.9781E-01  8.3853E-01  2.5185E+01  3.7970E+02  1.9403E-09
 -3.5000    430.0  1.65190E-02  2.046E+06  2.9004E+01  4.4184E+03  8.9781E-01  8.3853E-01  3.4433E+01  4.4426E+02  2.2121E-09
 -3.6000    565.2  1.01495E-02  2.046E+06  2.9004E+01  4.4184E+03  8.9781E-01  8.3853E-01  5.0414E+01  5.4137E+02  2.5673E-09
 -3.7000    725.9  1.02398E-02  2.046E+06  2.9004E+01  4.4184E+03  8.9781E-01  8.3853E-01  7.7791E+01  6.6450E+02  2.9703E-09
 -3.8000    914.2  2.47803E-02  2.046E+06  2.9004E+01  4.4184E+03  8.9781E-01  8.3853E-01  1.2244E+02  7.8394E+02  3.3167E-09
 -3.9000   1132.2  4.87916E-02  2.046E+06  2.9004E+01  4.4184E+03  8.9781E-01  8.3853E-01  1.9970E+02  8.7186E+02  3.5228E-09
 -4.0000   1381.8  0.00000E+00  2.046E+06  2.9004E+01  4.4184E+03  8.9781E-01  8.3853E-01  9.2273E+02  9.4836E+02  3.6585E-09
