  0.129206717       0.00000000       0.00000000    
  1.4000     24.0  6.60100E+01  5.653E+06  4.7834E+01  7.3326E+03  1.4782E+00  1.3795E+00  9.0723E-01  4.4778E+03  9.3735E-09
  1.3000     24.5  5.89578E+01  5.653E+06  4.7834E+01  7.3326E+03  1.4782E+00  1.3795E+00  9.1277E-01  4.3135E+03  9.2468E-09
  1.2000     25.1  5.22441E+01  5.653E+06  4.7834E+01  7.3326E+03  1.4782E+00  1.3795E+00  9.1370E-01  4.1533E+03  9.1244E-09
  1.1000     25.6  4.59269E+01  5.653E+06  4.7834E+01  7.3326E+03  1.4782E+00  1.3795E+00  9.0994E-01  3.9964E+03  9.0054E-09
  1.0000     26.1  4.00460E+01  5.653E+06  4.7834E+01  7.3326E+03  1.4782E+00  1.3795E+00  9.0140E-01  3.8420E+03  8.8885E-09
  0.9000     26.7  3.46278E+01  5.653E+06  4.7834E+01  7.3326E+03  1.4782E+00  1.3795E+00  8.8786E-01  3.6894E+03  8.7724E-09
  0.8000     27.2  2.90346E+01  5.653E+06  4.7834E+01  7.3326E+03  1.4782E+00  1.3795E+00  8.6878E-01  3.5358E+03  8.6761E-09
  0.7000     27.8  2.29507E+01  5.653E+06  4.7834E+01  7.3326E+03  1.4782E+00  1.3795E+00  8.4238E-01  3.3743E+03  8.6107E-09
  0.6000     28.3  1.71343E+01  5.653E+06  4.7834E+01  7.3326E+03  1.4782E+00  1.3795E+00  8.0515E-01  3.1943E+03  8.5421E-09
  0.5000     28.8  1.21150E+01  5.653E+06  4.7834E+01  7.3326E+03  1.4782E+00  1.3795E+00  7.5169E-01  2.9838E+03  8.4273E-09
  0.4000     29.4  7.90034E+00  5.653E+06  4.7834E+01  7.3326E+03  1.4782E+00  1.3795E+00  6.7294E-01  2.7242E+03  8.2281E-09
  0.3000     29.9  4.99406E+00  5.653E+06  4.7834E+01  7.3326E+03  1.4782E+00  1.3795E+00  5.5813E-01  2.3979E+03  7.8224E-09
  0.2000     30.4  3.08975E+00  5.653E+06  4.7834E+01  7.3326E+03  1.4782E+00  1.3795E+00  4.0067E-01  2.0012E+03  7.1572E-09
  0.1000     31.0  1.91821E+00  5.653E+06  4.7834E+01  7.3326E+03  1.4782E+00  1.3795E+00  2.0623E-01  1.5560E+03  6.2382E-09
  0.0000     31.5  1.20107E+00  5.653E+06  4.7834E+01  7.3326E+03  1.4782E+00  1.3795E+00  0.0000E+00  1.1138E+03  5.1881E-09
 -0.1000     32.1  7.69154E-01  5.653E+06  4.7834E+01  7.3326E+03  1.4782E+00  1.3795E+00  1.7947E-01  7.3525E+02  4.1829E-09
 -0.2000     32.6  5.09686E-01  5.653E+06  4.7834E+01  7.3326E+03  1.4782E+00  1.3795E+00  2.9876E-01  4.5868E+02  3.3671E-09
 -0.3000     33.1  3.54573E-01  5.653E+06  4.7834E+01  7.3326E+03  1.4782E+00  1.3795E+00  3.4449E-01  2.8561E+02  2.7872E-09
 -0.4000     33.7  2.63734E-01  5.653E+06  4.7834E+01  7.3326E+03  1.4782E+00  1.3795E+00  3.2404E-01  1.9188E+02  2.4038E-09
 -0.5000     34.2  2.06053E-01  5.653E+06  4.7834E+01  7.3326E+03  1.4782E+00  1.3795E+00  2.5238E-01  1.4925E+02  2.1614E-09
 -0.6000     34.8  1.67731E-01  5.653E+06  4.7834E+01  7.3326E+03  1.4782E+00  1.3795E+00  1.4258E-01  1.3664E+02  2.0106E-09
 -0.7000     35.3  1.41443E-01  5.653E+06  4.7834E+01  7.3326E+03  1.4782E+00  1.3795E+00  6.9809E-03  1.3887E+02  1.9135E-09
 -0.8000     35.8  1.23321E-01  5.653E+06  4.7834E+01  7.3326E+03  1.4782E+00  1.3795E+00  1.4232E-01  1.4527E+02  1.8321E-09
 -0.9000     36.4  1.09595E-01  5.653E+06  4.7834E+01  7.3326E+03  1.4782E+00  1.3795E+00  2.9631E-01  1.4998E+02  1.7485E-09
 -1.0000     36.9  9.82950E-02  5.653E+06  4.7834E+01  7.3326E+03  1.4782E+00  1.3795E+00  4.5044E-01  1.5121E+02  1.6568E-09
 -1.1000     37.5  8.88145E-02  5.653E+06  4.7834E+01  7.3326E+03  1.4782E+00  1.3795E+00  6.0011E-01  1.4801E+02  1.5590E-09
 -1.2000     38.0  8.03709E-02  5.653E+06  4.7834E+01  7.3326E+03  1.4782E+00  1.3795E+00  7.4200E-01  1.4039E+02  1.4485E-09
 -1.3000     38.5  7.26688E-02  5.653E+06  4.7834E+01  7.3326E+03  1.4782E+00  1.3795E+00  8.7648E-01  1.2982E+02  1.3303E-09
 -1.4000     39.1  6.57049E-02  5.653E+06  4.7834E+01  7.3326E+03  1.4782E+00  1.3795E+00  1.0044E+00  1.1756E+02  1.2110E-09
 -1.5000     39.6  5.95092E-02  5.653E+06  4.7834E+01  7.3326E+03  1.4782E+00  1.3795E+00  1.1236E+00  1.0394E+02  1.0934E-09
 -1.6000     40.1  5.38868E-02  5.653E+06  4.7834E+01  7.3326E+03  1.4782E+00  1.3795E+00  1.2323E+00  8.9299E+01  9.7616E-10
 -1.7000     40.7  4.86522E-02  5.653E+06  4.7834E+01  7.3326E+03  1.4782E+00  1.3795E+00  1.3328E+00  7.4756E+01  8.6144E-10
 -1.8000     41.2  4.37664E-02  5.653E+06  4.7834E+01  7.3326E+03  1.4782E+00  1.3795E+00  1.4308E+00  6.1670E+01  7.5470E-10
 -1.9000     41.8  3.93485E-02  5.653E+06  4.7834E+01  7.3326E+03  1.4782E+00  1.3795E+00  1.5296E+00  5.0514E+01  6.6065E-10
 -2.0000     42.3  3.53658E-02  5.653E+06  4.7834E+01  7.3326E+03  1.4782E+00  1.3795E+00  1.6290E+00  4.1004E+01  5.7776E-10
 -2.1000     42.8  3.17711E-02  5.653E+06  4.7834E+01  7.3326E+03  1.4782E+00  1.3795E+00  1.7291E+00  3.2907E+01  5.0469E-10
 -2.2000     43.4  2.85330E-02  5.653E+06  4.7834E+01  7.3326E+03  1.4782E+00  1.3795E+00  1.8295E+00  2.6019E+01  4.4024E-10
 -2.3000     43.9  2.55355E-02  5.653E+06  4.7834E+01  7.3326E+03  1.4782E+00  1.3795E+00  1.9327E+00  2.0368E+01  3.8332E-10
 -2.4000     44.5  2.28176E-02  5.653E+06  4.7834E+01  7.3326E+03  1.4782E+00  1.3795E+00  2.0415E+00  1.5980E+01  3.3465E-10
 -2.5000     45.0  2.03525E-02  5.653E+06  4.7834E+01  7.3326E+03  1.4782E+00  1.3795E+00  2.1573E+00  1.2681E+01  2.9323E-10
 -2.6000     45.5  1.82467E-02  5.653E+06  4.7834E+01  7.3326E+03  1.4782E+00  1.3795E+00  2.2769E+00  1.0044E+01  2.5828E-10
 -2.7000     46.1  1.62913E-02  5.653E+06  4.7834E+01  7.3326E+03  1.4782E+00  1.3795E+00  2.3982E+00  7.8188E+00  2.2674E-10
 -2.8000     46.6  1.45245E-02  5.653E+06  4.7834E+01  7.3326E+03  1.4782E+00  1.3795E+00  2.5240E+00  6.0708E+00  1.9924E-10
 -2.9000     47.2  1.28733E-02  5.653E+06  4.7834E+01  7.3326E+03  1.4782E+00  1.3795E+00  2.6581E+00  4.8413E+00  1.7529E-10
 -3.0000     47.7  1.13684E-02  5.653E+06  4.7834E+01  7.3326E+03  1.4782E+00  1.3795E+00  2.8054E+00  4.1689E+00  1.5533E-10
 -3.1000     48.2  9.99616E-03  5.653E+06  4.7834E+01  7.3326E+03  1.4782E+00  1.3795E+00  2.9701E+00  4.0007E+00  1.3896E-10
 -3.2000     48.8  8.73432E-03  5.653E+06  4.7834E+01  7.3326E+03  1.4782E+00  1.3795E+00  3.1574E+00  4.2937E+00  1.2583E-10
 -3.3000     49.3  7.13766E-03  5.653E+06  4.7834E+01  7.3326E+03  1.4782E+00  1.3795E+00  3.4064E+00  5.6663E+00  1.1552E-10
 -3.4000     49.8  5.36990E-03  5.653E+06  4.7834E+01  7.3326E+03  1.4782E+00  1.3795E+00  3.7846E+00  8.8843E+00  1.1245E-10
 -3.5000     50.4  3.69278E-03  5.653E+06  4.7834E+01  7.3326E+03  1.4782E+00  1.3795E+00  4.3546E+00  1.3926E+01  1.1715E-10
 -3.6000     50.9  2.24208E-03  5.653E+06  4.7834E+01  7.3326E+03  1.4782E+00  1.3795E+00  5.1948E+00  2.0483E+01  1.2795E-10
 -3.7000     51.5  1.16184E-03  5.653E+06  4.7834E+01  7.3326E+03  1.4782E+00  1.3795E+00  6.4271E+00  2.8163E+01  1.4302E-10
 -3.8000     52.0  5.37038E-04  5.653E+06  4.7834E+01  7.3326E+03  1.4782E+00  1.3795E+00  8.2585E+00  3.6409E+01  1.6012E-10
 -3.9000     52.5  2.92636E-04  5.653E+06  4.7834E+01  7.3326E+03  1.4782E+00  1.3795E+00  1.1125E+01  4.4562E+01  1.7681E-10
 -4.0000     53.1  0.00000E+00  5.653E+06  4.7834E+01  7.3326E+03  1.4782E+00  1.3795E+00  1.6375E+01  5.2390E+01  1.9218E-10
