   5.93261719E-02   0.00000000      0.350532532    
  1.4000    212.2  1.99490E+02  2.324E+06  6.1132E+01  1.2762E+04  0.0000E+00  0.0000E+00  7.7129E+00  3.0043E+04  7.9587E-08
  1.3000    200.1  1.86158E+02  2.324E+06  6.0946E+01  1.2711E+04  0.0000E+00  0.0000E+00  6.6066E+00  2.4711E+04  6.5803E-08
  1.2000    188.0  1.71590E+02  2.324E+06  6.0761E+01  1.2660E+04  0.0000E+00  0.0000E+00  5.5982E+00  2.0595E+04  5.5155E-08
  1.1000    176.0  1.56110E+02  2.324E+06  6.0576E+01  1.2609E+04  0.0000E+00  0.0000E+00  4.7035E+00  1.7410E+04  4.6886E-08
  1.0000    164.1  1.40120E+02  2.324E+06  6.0391E+01  1.2558E+04  0.0000E+00  0.0000E+00  3.9297E+00  1.4943E+04  4.0429E-08
  0.9000    152.4  1.23952E+02  2.324E+06  6.0206E+01  1.2506E+04  0.0000E+00  0.0000E+00  3.2768E+00  1.3029E+04  3.5363E-08
  0.8000    140.8  1.05377E+02  2.324E+06  6.0021E+01  1.2455E+04  0.0000E+00  0.0000E+00  2.7324E+00  1.1524E+04  3.1425E-08
  0.7000    129.4  8.37292E+01  2.324E+06  5.9835E+01  1.2404E+04  0.0000E+00  0.0000E+00  2.2699E+00  1.0295E+04  2.8347E-08
  0.6000    118.2  6.26081E+01  2.324E+06  5.9650E+01  1.2353E+04  0.0000E+00  0.0000E+00  1.8627E+00  9.2373E+03  2.5797E-08
  0.5000    107.3  4.43189E+01  2.324E+06  5.9465E+01  1.2301E+04  0.0000E+00  0.0000E+00  1.4926E+00  8.2890E+03  2.3564E-08
  0.4000     96.7  2.90294E+01  2.324E+06  5.9280E+01  1.2250E+04  0.0000E+00  0.0000E+00  1.1430E+00  7.3997E+03  2.1546E-08
  0.3000     86.5  1.85032E+01  2.324E+06  5.9095E+01  1.2199E+04  0.0000E+00  0.0000E+00  8.0600E-01  6.5439E+03  1.9515E-08
  0.2000     76.6  1.15715E+01  2.324E+06  5.8909E+01  1.2148E+04  0.0000E+00  0.0000E+00  4.8976E-01  5.7306E+03  1.7469E-08
  0.1000     67.1  7.25010E+00  2.324E+06  5.8724E+01  1.2097E+04  0.0000E+00  0.0000E+00  2.1274E-01  4.9842E+03  1.5447E-08
  0.0000     58.1  4.54508E+00  2.324E+06  5.8539E+01  1.2045E+04  0.0000E+00  0.0000E+00  0.0000E+00  4.3347E+03  1.3560E-08
 -0.1000     49.5  2.84857E+00  2.324E+06  5.8354E+01  1.1994E+04  0.0000E+00  0.0000E+00  1.2300E-01  3.8044E+03  1.1907E-08
 -0.2000     41.5  1.75456E+00  2.324E+06  5.8169E+01  1.1943E+04  0.0000E+00  0.0000E+00  1.3371E-01  3.4031E+03  1.0562E-08
 -0.3000     34.0  1.03168E+00  2.324E+06  5.7984E+01  1.1892E+04  0.0000E+00  0.0000E+00  1.3531E-02  3.1280E+03  9.5552E-09
 -0.4000     27.0  5.51764E-01  2.324E+06  5.7798E+01  1.1841E+04  0.0000E+00  0.0000E+00  2.5217E-01  2.9680E+03  8.8777E-09
 -0.5000     20.7  2.20908E-01  2.324E+06  5.7613E+01  1.1789E+04  0.0000E+00  0.0000E+00  6.7803E-01  2.9083E+03  8.5174E-09
 -0.6000     14.9  5.77354E-03  2.324E+06  5.7428E+01  1.1738E+04  0.0000E+00  0.0000E+00  1.2843E+00  2.9345E+03  8.4478E-09
 -0.7000      9.9  1.56034E-01  2.324E+06  5.7243E+01  1.1687E+04  0.0000E+00  0.0000E+00  2.1007E+00  3.0353E+03  8.6486E-09
 -0.8000      5.6  2.50549E-01  2.324E+06  5.7058E+01  1.1636E+04  0.0000E+00  0.0000E+00  3.1606E+00  3.2007E+03  9.0791E-09
 -0.9000      2.0  3.09818E-01  2.324E+06  5.6873E+01  1.1584E+04  0.0000E+00  0.0000E+00  4.4969E+00  3.4206E+03  9.7132E-09
 -1.0000      0.9  3.48041E-01  2.324E+06  5.6687E+01  1.1533E+04  0.0000E+00  0.0000E+00  6.1465E+00  3.6867E+03  1.0526E-08
 -1.1000      2.9  3.71487E-01  2.324E+06  5.6502E+01  1.1482E+04  0.0000E+00  0.0000E+00  8.1583E+00  3.9938E+03  1.1523E-08
 -1.2000      4.1  3.89805E-01  2.324E+06  5.6317E+01  1.1431E+04  0.0000E+00  0.0000E+00  1.0587E+01  4.3389E+03  1.2675E-08
 -1.3000      4.4  4.06797E-01  2.324E+06  5.6132E+01  1.1380E+04  0.0000E+00  0.0000E+00  1.3481E+01  4.7177E+03  1.3967E-08
 -1.4000      3.9  4.23013E-01  2.324E+06  5.5947E+01  1.1328E+04  0.0000E+00  0.0000E+00  1.6888E+01  5.1271E+03  1.5400E-08
 -1.5000      2.4  4.37709E-01  2.324E+06  5.5761E+01  1.1277E+04  0.0000E+00  0.0000E+00  2.0849E+01  5.5644E+03  1.6984E-08
 -1.6000      0.1  4.52191E-01  2.324E+06  5.5576E+01  1.1226E+04  0.0000E+00  0.0000E+00  2.5377E+01  6.0247E+03  1.8692E-08
 -1.7000      3.6  4.67045E-01  2.324E+06  5.5391E+01  1.1175E+04  0.0000E+00  0.0000E+00  3.0458E+01  6.5007E+03  2.0481E-08
 -1.8000      8.1  4.81554E-01  2.324E+06  5.5206E+01  1.1124E+04  0.0000E+00  0.0000E+00  3.6049E+01  6.9840E+03  2.2319E-08
 -1.9000     13.7  4.90834E-01  2.324E+06  5.5021E+01  1.1072E+04  0.0000E+00  0.0000E+00  4.2069E+01  7.4651E+03  2.4219E-08
 -2.0000     20.4  4.93120E-01  2.324E+06  5.4836E+01  1.1021E+04  0.0000E+00  0.0000E+00  4.8395E+01  7.9343E+03  2.6153E-08
 -2.1000     28.2  4.86990E-01  2.324E+06  5.4650E+01  1.0970E+04  0.0000E+00  0.0000E+00  5.4880E+01  8.3820E+03  2.8095E-08
 -2.2000     37.2  4.71282E-01  2.324E+06  5.4465E+01  1.0919E+04  0.0000E+00  0.0000E+00  6.1363E+01  8.7997E+03  3.0020E-08
 -2.3000     47.4  4.48931E-01  2.324E+06  5.4280E+01  1.0867E+04  0.0000E+00  0.0000E+00  6.7696E+01  9.1815E+03  3.1873E-08
 -2.4000     58.8  4.17264E-01  2.324E+06  5.4095E+01  1.0816E+04  0.0000E+00  0.0000E+00  7.3750E+01  9.5239E+03  3.3676E-08
 -2.5000     71.5  3.77249E-01  2.324E+06  5.3910E+01  1.0765E+04  0.0000E+00  0.0000E+00  7.9417E+01  9.8251E+03  3.5420E-08
 -2.6000     85.5  3.23382E-01  2.324E+06  5.3724E+01  1.0714E+04  0.0000E+00  0.0000E+00  8.4618E+01  1.0085E+04  3.7193E-08
 -2.7000    100.9  2.68890E-01  2.324E+06  5.3539E+01  1.0663E+04  0.0000E+00  0.0000E+00  8.9312E+01  1.0305E+04  3.8877E-08
 -2.8000    117.6  2.13500E-01  2.324E+06  5.3354E+01  1.0611E+04  0.0000E+00  0.0000E+00  9.3502E+01  1.0490E+04  4.0527E-08
 -2.9000    135.7  1.63415E-01  2.324E+06  5.3169E+01  1.0560E+04  0.0000E+00  0.0000E+00  9.7205E+01  1.0642E+04  4.2100E-08
 -3.0000    155.2  1.18608E-01  2.324E+06  5.2984E+01  1.0509E+04  0.0000E+00  0.0000E+00  1.0045E+02  1.0766E+04  4.3660E-08
 -3.1000    176.2  8.01955E-02  2.324E+06  5.2799E+01  1.0458E+04  0.0000E+00  0.0000E+00  1.0329E+02  1.0866E+04  4.5224E-08
 -3.2000    198.8  4.96927E-02  2.324E+06  5.2614E+01  1.0407E+04  0.0000E+00  0.0000E+00  1.0578E+02  1.0947E+04  4.6809E-08
 -3.3000    222.8  2.77571E-02  2.324E+06  5.2428E+01  1.0355E+04  0.0000E+00  0.0000E+00  1.0795E+02  1.1012E+04  4.8435E-08
 -3.4000    248.4  1.34660E-02  2.324E+06  5.2243E+01  1.0304E+04  0.0000E+00  0.0000E+00  1.0985E+02  1.1064E+04  5.0115E-08
 -3.5000    275.6  5.59883E-03  2.324E+06  5.2058E+01  1.0253E+04  0.0000E+00  0.0000E+00  1.1152E+02  1.1107E+04  5.1947E-08
 -3.6000    304.5  2.38444E-03  2.324E+06  5.1873E+01  1.0202E+04  0.0000E+00  0.0000E+00  1.1299E+02  1.1143E+04  5.3796E-08
 -3.7000    335.0  1.50505E-03  2.324E+06  5.1688E+01  1.0150E+04  0.0000E+00  0.0000E+00  1.1428E+02  1.1174E+04  5.5663E-08
 -3.8000    367.2  1.32103E-03  2.324E+06  5.1502E+01  1.0099E+04  0.0000E+00  0.0000E+00  1.1541E+02  1.1200E+04  5.7535E-08
 -3.9000    401.2  1.18672E-03  2.324E+06  5.1317E+01  1.0048E+04  0.0000E+00  0.0000E+00  1.1637E+02  1.1221E+04  5.9501E-08
 -4.0000    436.9  0.00000E+00  2.324E+06  5.1132E+01  9.9968E+03  0.0000E+00  0.0000E+00  1.1719E+02  1.1236E+04  6.1346E-08
