  0.195594072       0.00000000      0.570709229    
  1.4000     86.8  2.39496E+02  8.645E+06  8.1529E+01  1.2295E+04  0.0000E+00  0.0000E+00  8.8914E-01  1.5470E+04  2.9263E-08
  1.3000     88.5  2.22163E+02  8.645E+06  8.1529E+01  1.2295E+04  0.0000E+00  0.0000E+00  7.1509E-01  1.5080E+04  2.9084E-08
  1.2000     90.3  2.04302E+02  8.645E+06  8.1529E+01  1.2295E+04  0.0000E+00  0.0000E+00  5.5644E-01  1.4707E+04  2.8929E-08
  1.1000     92.1  1.86299E+02  8.645E+06  8.1529E+01  1.2295E+04  0.0000E+00  0.0000E+00  4.1127E-01  1.4351E+04  2.8800E-08
  1.0000     93.8  1.68500E+02  8.645E+06  8.1529E+01  1.2295E+04  0.0000E+00  0.0000E+00  2.7966E-01  1.4009E+04  2.8696E-08
  0.9000     95.6  1.51162E+02  8.645E+06  8.1529E+01  1.2295E+04  0.0000E+00  0.0000E+00  1.6109E-01  1.3682E+04  2.8617E-08
  0.8000     97.4  1.32155E+02  8.645E+06  8.1529E+01  1.2295E+04  0.0000E+00  0.0000E+00  5.4394E-02  1.3362E+04  2.8626E-08
  0.7000     99.2  1.10025E+02  8.645E+06  8.1529E+01  1.2295E+04  0.0000E+00  0.0000E+00  4.2805E-02  1.3040E+04  2.8781E-08
  0.6000    100.9  8.73151E+01  8.645E+06  8.1529E+01  1.2295E+04  0.0000E+00  0.0000E+00  1.3131E-01  1.2698E+04  2.9025E-08
  0.5000    102.7  6.62027E+01  8.645E+06  8.1529E+01  1.2295E+04  0.0000E+00  0.0000E+00  2.0826E-01  1.2319E+04  2.9290E-08
  0.4000    104.5  4.69753E+01  8.645E+06  8.1529E+01  1.2295E+04  0.0000E+00  0.0000E+00  2.6595E-01  1.1874E+04  2.9564E-08
  0.3000    106.2  3.25381E+01  8.645E+06  8.1529E+01  1.2295E+04  0.0000E+00  0.0000E+00  2.9072E-01  1.1334E+04  2.9586E-08
  0.2000    108.0  2.22391E+01  8.645E+06  8.1529E+01  1.2295E+04  0.0000E+00  0.0000E+00  2.6463E-01  1.0676E+04  2.9228E-08
  0.1000    109.8  1.53540E+01  8.645E+06  8.1529E+01  1.2295E+04  0.0000E+00  0.0000E+00  1.7101E-01  9.8894E+03  2.8354E-08
  0.0000    111.5  1.07776E+01  8.645E+06  8.1529E+01  1.2295E+04  0.0000E+00  0.0000E+00  0.0000E+00  8.9878E+03  2.6950E-08
 -0.1000    113.3  7.75626E+00  8.645E+06  8.1529E+01  1.2295E+04  0.0000E+00  0.0000E+00  2.4846E-01  8.0030E+03  2.5066E-08
 -0.2000    115.1  5.71577E+00  8.645E+06  8.1529E+01  1.2295E+04  0.0000E+00  0.0000E+00  5.6453E-01  6.9808E+03  2.2836E-08
 -0.3000    116.8  4.29919E+00  8.645E+06  8.1529E+01  1.2295E+04  0.0000E+00  0.0000E+00  9.3139E-01  5.9683E+03  2.0414E-08
 -0.4000    118.6  3.32263E+00  8.645E+06  8.1529E+01  1.2295E+04  0.0000E+00  0.0000E+00  1.3314E+00  5.0064E+03  1.7934E-08
 -0.5000    120.4  2.59109E+00  8.645E+06  8.1529E+01  1.2295E+04  0.0000E+00  0.0000E+00  1.7461E+00  4.1240E+03  1.5539E-08
 -0.6000    122.2  2.01741E+00  8.645E+06  8.1529E+01  1.2295E+04  0.0000E+00  0.0000E+00  2.1496E+00  3.3401E+03  1.3321E-08
 -0.7000    123.9  1.54674E+00  8.645E+06  8.1529E+01  1.2295E+04  0.0000E+00  0.0000E+00  2.5014E+00  2.6703E+03  1.1354E-08
 -0.8000    125.7  1.20218E+00  8.645E+06  8.1529E+01  1.2295E+04  0.0000E+00  0.0000E+00  2.7655E+00  2.1211E+03  9.6480E-09
 -0.9000    127.5  9.51215E-01  8.645E+06  8.1529E+01  1.2295E+04  0.0000E+00  0.0000E+00  2.9283E+00  1.6847E+03  8.2087E-09
 -1.0000    129.2  7.69197E-01  8.645E+06  8.1529E+01  1.2295E+04  0.0000E+00  0.0000E+00  2.9912E+00  1.3448E+03  7.0119E-09
 -1.1000    131.0  6.16759E-01  8.645E+06  8.1529E+01  1.2295E+04  0.0000E+00  0.0000E+00  2.9422E+00  1.0883E+03  6.0536E-09
 -1.2000    132.8  5.06652E-01  8.645E+06  8.1529E+01  1.2295E+04  0.0000E+00  0.0000E+00  2.7743E+00  9.0170E+02  5.2869E-09
 -1.3000    134.5  4.27094E-01  8.645E+06  8.1529E+01  1.2295E+04  0.0000E+00  0.0000E+00  2.5090E+00  7.6516E+02  4.6645E-09
 -1.4000    136.3  3.63829E-01  8.645E+06  8.1529E+01  1.2295E+04  0.0000E+00  0.0000E+00  2.1613E+00  6.6445E+02  4.1569E-09
 -1.5000    138.1  3.07984E-01  8.645E+06  8.1529E+01  1.2295E+04  0.0000E+00  0.0000E+00  1.7226E+00  5.9303E+02  3.7528E-09
 -1.6000    139.8  2.63074E-01  8.645E+06  8.1529E+01  1.2295E+04  0.0000E+00  0.0000E+00  1.1818E+00  5.4573E+02  3.4316E-09
 -1.7000    141.6  2.30761E-01  8.645E+06  8.1529E+01  1.2295E+04  0.0000E+00  0.0000E+00  5.5289E-01  5.1400E+02  3.1641E-09
 -1.8000    143.4  2.08737E-01  8.645E+06  8.1529E+01  1.2295E+04  0.0000E+00  0.0000E+00  1.2988E-01  4.8875E+02  2.9242E-09
 -1.9000    145.2  1.88691E-01  8.645E+06  8.1529E+01  1.2295E+04  0.0000E+00  0.0000E+00  8.4875E-01  4.6572E+02  2.7075E-09
 -2.0000    146.9  1.70426E-01  8.645E+06  8.1529E+01  1.2295E+04  0.0000E+00  0.0000E+00  1.6086E+00  4.4476E+02  2.5118E-09
 -2.1000    148.7  1.53758E-01  8.645E+06  8.1529E+01  1.2295E+04  0.0000E+00  0.0000E+00  2.4156E+00  4.2572E+02  2.3353E-09
 -2.2000    150.5  1.38522E-01  8.645E+06  8.1529E+01  1.2295E+04  0.0000E+00  0.0000E+00  3.2773E+00  4.0852E+02  2.1763E-09
 -2.3000    152.2  1.27309E-01  8.645E+06  8.1529E+01  1.2295E+04  0.0000E+00  0.0000E+00  4.1832E+00  3.9174E+02  2.0264E-09
 -2.4000    154.0  1.17171E-01  8.645E+06  8.1529E+01  1.2295E+04  0.0000E+00  0.0000E+00  5.1177E+00  3.7404E+02  1.8838E-09
 -2.5000    155.8  1.07992E-01  8.645E+06  8.1529E+01  1.2295E+04  0.0000E+00  0.0000E+00  6.0790E+00  3.5552E+02  1.7476E-09
 -2.6000    157.5  9.50896E-02  8.645E+06  8.1529E+01  1.2295E+04  0.0000E+00  0.0000E+00  7.1121E+00  3.3836E+02  1.6279E-09
 -2.7000    159.3  8.52706E-02  8.645E+06  8.1529E+01  1.2295E+04  0.0000E+00  0.0000E+00  8.2549E+00  3.2368E+02  1.5201E-09
 -2.8000    161.1  7.61974E-02  8.645E+06  8.1529E+01  1.2295E+04  0.0000E+00  0.0000E+00  9.5106E+00  3.1040E+02  1.4228E-09
 -2.9000    162.8  6.95527E-02  8.645E+06  8.1529E+01  1.2295E+04  0.0000E+00  0.0000E+00  1.0879E+01  2.9769E+02  1.3308E-09
 -3.0000    164.6  6.33850E-02  8.645E+06  8.1529E+01  1.2295E+04  0.0000E+00  0.0000E+00  1.2359E+01  2.8478E+02  1.2433E-09
 -3.1000    166.4  5.76229E-02  8.645E+06  8.1529E+01  1.2295E+04  0.0000E+00  0.0000E+00  1.3976E+01  2.7174E+02  1.1598E-09
 -3.2000    168.1  5.21945E-02  8.645E+06  8.1529E+01  1.2295E+04  0.0000E+00  0.0000E+00  1.5766E+01  2.5868E+02  1.0802E-09
 -3.3000    169.9  4.70267E-02  8.645E+06  8.1529E+01  1.2295E+04  0.0000E+00  0.0000E+00  1.7784E+01  2.4568E+02  1.0042E-09
 -3.4000    171.7  4.20394E-02  8.645E+06  8.1529E+01  1.2295E+04  0.0000E+00  0.0000E+00  2.0115E+01  2.3281E+02  9.3161E-10
 -3.5000    173.5  3.60819E-02  8.645E+06  8.1529E+01  1.2295E+04  0.0000E+00  0.0000E+00  2.2956E+01  2.2066E+02  8.6472E-10
 -3.6000    175.2  3.10979E-02  8.645E+06  8.1529E+01  1.2295E+04  0.0000E+00  0.0000E+00  2.6602E+01  2.0941E+02  8.0145E-10
 -3.7000    177.0  2.66066E-02  8.645E+06  8.1529E+01  1.2295E+04  0.0000E+00  0.0000E+00  3.1541E+01  1.9847E+02  7.3985E-10
 -3.8000    178.8  2.19006E-02  8.645E+06  8.1529E+01  1.2295E+04  0.0000E+00  0.0000E+00  3.8985E+01  1.8778E+02  6.7944E-10
 -3.9000    180.5  1.49414E-02  8.645E+06  8.1529E+01  1.2295E+04  0.0000E+00  0.0000E+00  5.3374E+01  1.7913E+02  6.2600E-10
 -4.0000    182.3  0.00000E+00  8.645E+06  8.1529E+01  1.2295E+04  0.0000E+00  0.0000E+00  1.1649E+02  1.8586E+02  6.1814E-10
