   2.83615589E-02   0.00000000      0.232856750    
  1.4000    484.7  3.31170E+03  3.239E+06  2.7757E+01  7.1953E+03  0.0000E+00  0.0000E+00  4.2533E+00  1.2992E+04  4.4285E-08
  1.3000    396.5  2.07046E+03  3.239E+06  2.7647E+01  7.1541E+03  0.0000E+00  0.0000E+00  2.9380E+00  1.1160E+04  3.7854E-08
  1.2000    319.3  1.26639E+03  3.239E+06  2.7536E+01  7.1130E+03  0.0000E+00  0.0000E+00  1.7651E+00  9.4805E+03  3.2015E-08
  1.1000    252.5  7.58479E+02  3.239E+06  2.7425E+01  7.0718E+03  0.0000E+00  0.0000E+00  7.6015E-01  8.0008E+03  2.6803E-08
  1.0000    195.4  4.44614E+02  3.239E+06  2.7314E+01  7.0307E+03  0.0000E+00  0.0000E+00  6.4613E-02  6.7505E+03  2.2248E-08
  0.9000    147.2  2.54258E+02  3.239E+06  2.7204E+01  6.9895E+03  0.0000E+00  0.0000E+00  7.0930E-01  5.7385E+03  1.8373E-08
  0.8000    107.3  1.37892E+02  3.239E+06  2.7093E+01  6.9483E+03  0.0000E+00  0.0000E+00  1.1860E+00  4.9511E+03  1.5214E-08
  0.7000     75.0  6.81235E+01  3.239E+06  2.6982E+01  6.9072E+03  0.0000E+00  0.0000E+00  1.5164E+00  4.3544E+03  1.2742E-08
  0.6000     49.5  3.00565E+01  3.239E+06  2.6871E+01  6.8661E+03  0.0000E+00  0.0000E+00  1.7178E+00  3.9169E+03  1.0861E-08
  0.5000     30.1  1.13224E+01  3.239E+06  2.6761E+01  6.8249E+03  0.0000E+00  0.0000E+00  1.7963E+00  3.6214E+03  9.5187E-09
  0.4000     16.1  3.06296E+00  3.239E+06  2.6650E+01  6.7838E+03  0.0000E+00  0.0000E+00  1.7471E+00  3.4569E+03  8.7193E-09
  0.3000      6.9  1.25259E-01  3.239E+06  2.6539E+01  6.7426E+03  0.0000E+00  0.0000E+00  1.5560E+00  3.4178E+03  8.4108E-09
  0.2000      1.7  6.69197E-01  3.239E+06  2.6428E+01  6.7014E+03  0.0000E+00  0.0000E+00  1.2060E+00  3.4948E+03  8.5791E-09
  0.1000      0.2  7.32594E-01  3.239E+06  2.6318E+01  6.6603E+03  0.0000E+00  0.0000E+00  6.8750E-01  3.6622E+03  9.1340E-09
  0.0000      0.5  6.01559E-01  3.239E+06  2.6207E+01  6.6191E+03  0.0000E+00  0.0000E+00  0.0000E+00  3.8823E+03  9.9381E-09
 -0.1000      3.1  4.51622E-01  3.239E+06  2.6096E+01  6.5780E+03  0.0000E+00  0.0000E+00  8.5273E-01  4.1186E+03  1.0830E-08
 -0.2000      6.9  3.25838E-01  3.239E+06  2.5985E+01  6.5368E+03  0.0000E+00  0.0000E+00  1.8660E+00  4.3455E+03  1.1684E-08
 -0.3000     11.2  2.31428E-01  3.239E+06  2.5875E+01  6.4957E+03  0.0000E+00  0.0000E+00  3.0347E+00  4.5500E+03  1.2420E-08
 -0.4000     15.3  1.69710E-01  3.239E+06  2.5764E+01  6.4545E+03  0.0000E+00  0.0000E+00  4.3446E+00  4.7279E+03  1.2993E-08
 -0.5000     18.5  1.43368E-01  3.239E+06  2.5653E+01  6.4133E+03  0.0000E+00  0.0000E+00  5.7753E+00  4.8826E+03  1.3423E-08
 -0.6000     21.0  1.48332E-01  3.239E+06  2.5542E+01  6.3722E+03  0.0000E+00  0.0000E+00  7.3105E+00  5.0220E+03  1.3770E-08
 -0.7000     22.6  1.80642E-01  3.239E+06  2.5432E+01  6.3310E+03  0.0000E+00  0.0000E+00  8.9456E+00  5.1546E+03  1.4097E-08
 -0.8000     23.6  2.33605E-01  3.239E+06  2.5321E+01  6.2899E+03  0.0000E+00  0.0000E+00  1.0679E+01  5.2867E+03  1.4420E-08
 -0.9000     24.1  2.99795E-01  3.239E+06  2.5210E+01  6.2487E+03  0.0000E+00  0.0000E+00  1.2513E+01  5.4224E+03  1.4775E-08
 -1.0000     24.0  3.69065E-01  3.239E+06  2.5099E+01  6.2076E+03  0.0000E+00  0.0000E+00  1.4469E+01  5.5661E+03  1.5197E-08
 -1.1000     23.5  4.26726E-01  3.239E+06  2.4989E+01  6.1664E+03  0.0000E+00  0.0000E+00  1.6621E+01  5.7268E+03  1.5763E-08
 -1.2000     22.8  4.67485E-01  3.239E+06  2.4878E+01  6.1253E+03  0.0000E+00  0.0000E+00  1.9106E+01  5.9192E+03  1.6519E-08
 -1.3000     21.8  4.91589E-01  3.239E+06  2.4767E+01  6.0841E+03  0.0000E+00  0.0000E+00  2.2155E+01  6.1681E+03  1.7579E-08
 -1.4000     20.7  5.08705E-01  3.239E+06  2.4656E+01  6.0430E+03  0.0000E+00  0.0000E+00  2.6156E+01  6.5175E+03  1.9142E-08
 -1.5000     19.6  5.25461E-01  3.239E+06  2.4546E+01  6.0018E+03  0.0000E+00  0.0000E+00  3.1528E+01  7.0147E+03  2.1412E-08
 -1.6000     18.8  5.17386E-01  3.239E+06  2.4435E+01  5.9606E+03  0.0000E+00  0.0000E+00  3.8287E+01  7.6446E+03  2.4372E-08
 -1.7000     18.5  4.71082E-01  3.239E+06  2.4324E+01  5.9195E+03  0.0000E+00  0.0000E+00  4.6040E+01  8.3301E+03  2.7760E-08
 -1.8000     18.9  4.09049E-01  3.239E+06  2.4213E+01  5.8783E+03  0.0000E+00  0.0000E+00  5.4575E+01  9.0182E+03  3.1306E-08
 -1.9000     20.1  3.52635E-01  3.239E+06  2.4103E+01  5.8372E+03  0.0000E+00  0.0000E+00  6.4097E+01  9.7056E+03  3.4880E-08
 -2.0000     22.4  3.23612E-01  3.239E+06  2.3992E+01  5.7960E+03  0.0000E+00  0.0000E+00  7.5060E+01  1.0407E+04  3.8285E-08
 -2.1000     25.9  3.40096E-01  3.239E+06  2.3881E+01  5.7549E+03  0.0000E+00  0.0000E+00  8.8027E+01  1.1137E+04  4.1239E-08
 -2.2000     30.9  4.26975E-01  3.239E+06  2.3770E+01  5.7137E+03  0.0000E+00  0.0000E+00  1.0376E+02  1.1909E+04  4.3445E-08
 -2.3000     38.1  6.26695E-01  3.239E+06  2.3660E+01  5.6726E+03  0.0000E+00  0.0000E+00  1.2416E+02  1.2760E+04  4.4759E-08
 -2.4000     49.7  9.34536E-01  3.239E+06  2.3549E+01  5.6314E+03  0.0000E+00  0.0000E+00  1.5549E+02  1.3793E+04  4.5715E-08
 -2.5000     68.6  1.26517E+00  3.239E+06  2.3438E+01  5.5902E+03  0.0000E+00  0.0000E+00  2.0842E+02  1.4965E+04  4.6383E-08
 -2.6000     97.6  1.95143E+00  3.239E+06  2.3327E+01  5.5491E+03  0.0000E+00  0.0000E+00  2.8500E+02  1.5923E+04  4.6044E-08
 -2.7000    139.6  4.29699E+00  3.239E+06  2.3216E+01  5.5079E+03  0.0000E+00  0.0000E+00  3.7925E+02  1.6480E+04  4.4450E-08
 -2.8000    197.3  1.04172E+01  3.239E+06  2.3106E+01  5.4668E+03  0.0000E+00  0.0000E+00  4.8878E+02  1.6768E+04  4.2367E-08
 -2.9000    273.7  2.33251E+01  3.239E+06  2.2995E+01  5.4256E+03  0.0000E+00  0.0000E+00  6.0522E+02  1.6899E+04  4.0245E-08
 -3.0000    371.4  4.46398E+01  3.239E+06  2.2884E+01  5.3845E+03  0.0000E+00  0.0000E+00  7.0849E+02  1.6948E+04  3.8388E-08
 -3.1000    493.4  7.18429E+01  3.239E+06  2.2773E+01  5.3433E+03  0.0000E+00  0.0000E+00  7.8518E+02  1.6963E+04  3.6949E-08
 -3.2000    642.4  9.69251E+01  3.239E+06  2.2663E+01  5.3022E+03  0.0000E+00  0.0000E+00  8.3913E+02  1.6968E+04  3.6016E-08
 -3.3000    821.3  1.08165E+02  3.239E+06  2.2552E+01  5.2610E+03  0.0000E+00  0.0000E+00  8.7989E+02  1.6970E+04  3.5666E-08
 -3.4000   1032.8  9.69617E+01  3.239E+06  2.2441E+01  5.2198E+03  0.0000E+00  0.0000E+00  9.1382E+02  1.6970E+04  3.5996E-08
 -3.5000   1279.9  6.50723E+01  3.239E+06  2.2330E+01  5.1787E+03  0.0000E+00  0.0000E+00  9.4398E+02  1.6970E+04  3.7179E-08
 -3.6000   1565.3  2.90193E+01  3.239E+06  2.2220E+01  5.1375E+03  0.0000E+00  0.0000E+00  9.7188E+02  1.6969E+04  3.9412E-08
 -3.7000   1891.9  5.26779E+00  3.239E+06  2.2109E+01  5.0964E+03  0.0000E+00  0.0000E+00  9.9954E+02  1.6965E+04  4.3185E-08
 -3.8000   2262.4  1.62243E+00  3.239E+06  2.1998E+01  5.0552E+03  0.0000E+00  0.0000E+00  1.0334E+03  1.6955E+04  4.9575E-08
 -3.9000   2679.7  6.20005E-01  3.239E+06  2.1887E+01  5.0141E+03  0.0000E+00  0.0000E+00  1.1106E+03  1.6943E+04  6.1380E-08
 -4.0000   3146.6  0.00000E+00  3.239E+06  2.1777E+01  4.9729E+03  0.0000E+00  0.0000E+00  3.2954E+03  1.6919E+04  8.7202E-08
