   7.83472061E-02   9.71639156E-03   0.00000000    
  1.4000  17038.3  9.85276E+04  5.696E+05  5.7124E+01  1.5114E+04  6.8966E-01  3.6449E+00  1.9317E+01  3.0292E+04  2.6793E-07
  1.3000  12702.3  9.79303E+04  5.696E+05  5.7004E+01  1.5031E+04  6.8966E-01  3.6449E+00  1.6652E+01  2.6482E+04  2.4318E-07
  1.2000   9151.8  9.43698E+04  5.696E+05  5.6883E+01  1.4947E+04  6.8966E-01  3.6449E+00  1.3392E+01  2.2627E+04  2.1445E-07
  1.1000   6310.5  8.47999E+04  5.696E+05  5.6762E+01  1.4864E+04  6.8966E-01  3.6449E+00  9.9569E+00  1.8781E+04  1.8143E-07
  1.0000   4102.1  5.21831E+04  5.696E+05  5.6641E+01  1.4780E+04  6.8966E-01  3.6449E+00  6.5222E+00  1.4971E+04  1.4456E-07
  0.9000   2450.0  1.92428E+04  5.696E+05  5.6521E+01  1.4697E+04  6.8966E-01  3.6449E+00  3.2661E+00  1.1301E+04  1.0556E-07
  0.8000   1278.1  5.24700E+03  5.696E+05  5.6400E+01  1.4613E+04  6.8966E-01  3.6449E+00  4.8950E-01  8.0505E+03  6.8048E-08
  0.7000    509.9  1.07375E+03  5.696E+05  5.6279E+01  1.4530E+04  6.8966E-01  3.6449E+00  1.4163E+00  5.6754E+03  3.6494E-08
  0.6000     69.0  7.09719E+01  5.696E+05  5.6158E+01  1.4447E+04  6.8966E-01  3.6449E+00  2.1649E+00  4.6119E+03  1.4939E-08
  0.5000    120.9  8.57815E+01  5.696E+05  5.6037E+01  1.4363E+04  6.8966E-01  3.6449E+00  1.7689E+00  4.9420E+03  5.7086E-09
  0.4000    136.1  5.66275E+01  5.696E+05  5.5917E+01  1.4280E+04  6.8966E-01  3.6449E+00  6.1771E-01  6.1768E+03  7.6225E-09
  0.3000     53.2  1.54407E+01  5.696E+05  5.5796E+01  1.4196E+04  6.8966E-01  3.6449E+00  5.8813E-01  7.3469E+03  1.5859E-08
  0.2000     51.7  5.77861E+00  5.696E+05  5.5675E+01  1.4113E+04  6.8966E-01  3.6449E+00  1.1594E+00  7.5305E+03  2.3660E-08
  0.1000    116.8  9.83179E+00  5.696E+05  5.5554E+01  1.4029E+04  6.8966E-01  3.6449E+00  8.7436E-01  6.5166E+03  2.5975E-08
  0.0000    139.2  7.64880E+00  5.696E+05  5.5434E+01  1.3946E+04  6.8966E-01  3.6449E+00  0.0000E+00  4.7839E+03  2.3310E-08
 -0.1000    130.9  4.64076E+00  5.696E+05  5.5313E+01  1.3863E+04  6.8966E-01  3.6449E+00  1.0158E+00  3.0028E+03  1.8045E-08
 -0.2000    103.7  2.37254E+00  5.696E+05  5.5192E+01  1.3779E+04  6.8966E-01  3.6449E+00  1.7811E+00  1.6732E+03  1.2504E-08
 -0.3000     69.5  1.02850E+00  5.696E+05  5.5071E+01  1.3696E+04  6.8966E-01  3.6449E+00  2.1274E+00  9.4035E+02  8.1441E-09
 -0.4000     40.1  3.86174E-01  5.696E+05  5.4951E+01  1.3612E+04  6.8966E-01  3.6449E+00  2.1263E+00  6.5424E+02  5.4359E-09
 -0.5000     24.9  1.50586E-01  5.696E+05  5.4830E+01  1.3529E+04  6.8966E-01  3.6449E+00  1.9360E+00  5.8922E+02  4.2529E-09
 -0.6000     23.0  9.17959E-02  5.696E+05  5.4709E+01  1.3445E+04  6.8966E-01  3.6449E+00  1.6523E+00  6.0410E+02  4.0179E-09
 -0.7000     30.8  9.85651E-02  5.696E+05  5.4588E+01  1.3362E+04  6.8966E-01  3.6449E+00  1.2903E+00  6.4830E+02  4.3064E-09
 -0.8000     45.1  1.27322E-01  5.696E+05  5.4467E+01  1.3278E+04  6.8966E-01  3.6449E+00  8.3257E-01  7.0871E+02  4.8456E-09
 -0.9000     62.3  1.58112E-01  5.696E+05  5.4347E+01  1.3195E+04  6.8966E-01  3.6449E+00  2.6532E-01  7.7851E+02  5.4440E-09
 -1.0000     78.9  1.80239E-01  5.696E+05  5.4226E+01  1.3112E+04  6.8966E-01  3.6449E+00  4.1060E-01  8.5049E+02  5.9565E-09
 -1.1000     92.3  1.89915E-01  5.696E+05  5.4105E+01  1.3028E+04  6.8966E-01  3.6449E+00  1.1754E+00  9.1605E+02  6.3107E-09
 -1.2000    102.5  1.89951E-01  5.696E+05  5.3984E+01  1.2945E+04  6.8966E-01  3.6449E+00  2.0002E+00  9.6766E+02  6.4978E-09
 -1.3000    110.1  1.83731E-01  5.696E+05  5.3864E+01  1.2861E+04  6.8966E-01  3.6449E+00  2.8615E+00  1.0020E+03  6.5482E-09
 -1.4000    115.7  1.74410E-01  5.696E+05  5.3743E+01  1.2778E+04  6.8966E-01  3.6449E+00  3.7359E+00  1.0170E+03  6.4959E-09
 -1.5000    120.2  1.64139E-01  5.696E+05  5.3622E+01  1.2694E+04  6.8966E-01  3.6449E+00  4.5914E+00  1.0093E+03  6.3587E-09
 -1.6000    124.1  1.53269E-01  5.696E+05  5.3501E+01  1.2611E+04  6.8966E-01  3.6449E+00  5.3950E+00  9.7670E+02  6.1291E-09
 -1.7000    128.0  1.42166E-01  5.696E+05  5.3380E+01  1.2528E+04  6.8966E-01  3.6449E+00  6.1261E+00  9.2085E+02  5.8075E-09
 -1.8000    132.2  1.31257E-01  5.696E+05  5.3260E+01  1.2444E+04  6.8966E-01  3.6449E+00  6.7775E+00  8.4686E+02  5.4060E-09
 -1.9000    136.7  1.21041E-01  5.696E+05  5.3139E+01  1.2361E+04  6.8966E-01  3.6449E+00  7.3377E+00  7.5890E+02  4.9509E-09
 -2.0000    141.7  1.11699E-01  5.696E+05  5.3018E+01  1.2277E+04  6.8966E-01  3.6449E+00  7.7902E+00  6.6017E+02  4.4470E-09
 -2.1000    147.1  1.03509E-01  5.696E+05  5.2897E+01  1.2194E+04  6.8966E-01  3.6449E+00  8.1276E+00  5.5558E+02  3.9100E-09
 -2.2000    153.2  9.66404E-02  5.696E+05  5.2777E+01  1.2110E+04  6.8966E-01  3.6449E+00  8.3586E+00  4.5148E+02  3.3646E-09
 -2.3000    159.8  9.08437E-02  5.696E+05  5.2656E+01  1.2027E+04  6.8966E-01  3.6449E+00  8.5266E+00  3.5623E+02  2.8413E-09
 -2.4000    165.4  8.46178E-02  5.696E+05  5.2535E+01  1.1944E+04  6.8966E-01  3.6449E+00  8.6985E+00  2.7692E+02  2.3763E-09
 -2.5000    168.7  7.69286E-02  5.696E+05  5.2414E+01  1.1860E+04  6.8966E-01  3.6449E+00  8.9377E+00  2.1640E+02  1.9822E-09
 -2.6000    168.0  6.76711E-02  5.696E+05  5.2293E+01  1.1777E+04  6.8966E-01  3.6449E+00  9.2737E+00  1.7303E+02  1.6595E-09
 -2.7000    161.7  5.69007E-02  5.696E+05  5.2173E+01  1.1693E+04  6.8966E-01  3.6449E+00  9.7202E+00  1.4387E+02  1.3873E-09
 -2.8000    148.4  4.51392E-02  5.696E+05  5.2052E+01  1.1610E+04  6.8966E-01  3.6449E+00  1.0284E+01  1.2634E+02  1.1603E-09
 -2.9000    128.0  3.31751E-02  5.696E+05  5.1931E+01  1.1526E+04  6.8966E-01  3.6449E+00  1.0951E+01  1.1728E+02  9.7061E-10
 -3.0000    107.3  2.32173E-02  5.696E+05  5.1810E+01  1.1443E+04  6.8966E-01  3.6449E+00  1.1717E+01  1.1423E+02  8.3226E-10
 -3.1000     94.5  1.67318E-02  5.696E+05  5.1690E+01  1.1360E+04  6.8966E-01  3.6449E+00  1.2601E+01  1.1530E+02  7.5393E-10
 -3.2000     98.0  1.43289E-02  5.696E+05  5.1569E+01  1.1276E+04  6.8966E-01  3.6449E+00  1.3661E+01  1.1931E+02  7.3792E-10
 -3.3000    126.1  1.57912E-02  5.696E+05  5.1448E+01  1.1193E+04  6.8966E-01  3.6449E+00  1.5012E+01  1.2588E+02  7.8140E-10
 -3.4000    187.2  1.97899E-02  5.696E+05  5.1327E+01  1.1109E+04  6.8966E-01  3.6449E+00  1.6928E+01  1.3675E+02  8.8109E-10
 -3.5000    289.5  2.36557E-02  5.696E+05  5.1207E+01  1.1026E+04  6.8966E-01  3.6449E+00  2.0051E+01  1.5737E+02  1.0408E-09
 -3.6000    441.4  2.55919E-02  5.696E+05  5.1086E+01  1.0942E+04  6.8966E-01  3.6449E+00  2.5681E+01  1.9626E+02  1.2612E-09
 -3.7000    651.1  5.47540E-02  5.696E+05  5.0965E+01  1.0859E+04  6.8966E-01  3.6449E+00  3.3643E+01  2.3831E+02  1.4600E-09
 -3.8000    927.1  2.43421E-01  5.696E+05  5.0844E+01  1.0776E+04  6.8966E-01  3.6449E+00  3.7716E+01  2.2493E+02  1.4410E-09
 -3.9000   1277.5  1.07079E+00  5.696E+05  5.0723E+01  1.0692E+04  6.8966E-01  3.6449E+00  3.2055E+01  1.3184E+02  1.1680E-09
 -4.0000   1710.9  4.68871E+00  5.696E+05  5.0603E+01  1.0609E+04  6.8966E-01  3.6449E+00  1.8372E+01  0.0000E+00  7.9918E-10
