  0.356719971       0.00000000       0.00000000    
  1.4000     51.7  1.34521E+02  3.259E+04  1.0553E+02  2.8324E+04  3.8711E+00  5.1116E+00  1.8102E+00  9.6727E+03  2.0397E-08
  1.3000     52.7  1.19942E+02  3.259E+04  1.0553E+02  2.8324E+04  3.8711E+00  5.1116E+00  1.8247E+00  9.2962E+03  2.0048E-08
  1.2000     53.7  1.06231E+02  3.259E+04  1.0553E+02  2.8324E+04  3.8711E+00  5.1116E+00  1.8294E+00  8.9325E+03  1.9715E-08
  1.1000     54.7  9.34368E+01  3.259E+04  1.0553E+02  2.8324E+04  3.8711E+00  5.1116E+00  1.8241E+00  8.5797E+03  1.9395E-08
  1.0000     55.7  8.16077E+01  3.259E+04  1.0553E+02  2.8324E+04  3.8711E+00  5.1116E+00  1.8086E+00  8.2361E+03  1.9085E-08
  0.9000     56.7  7.07593E+01  3.259E+04  1.0553E+02  2.8324E+04  3.8711E+00  5.1116E+00  1.7827E+00  7.8998E+03  1.8783E-08
  0.8000     57.7  5.95501E+01  3.259E+04  1.0553E+02  2.8324E+04  3.8711E+00  5.1116E+00  1.7453E+00  7.5651E+03  1.8530E-08
  0.7000     58.7  4.72966E+01  3.259E+04  1.0553E+02  2.8324E+04  3.8711E+00  5.1116E+00  1.6931E+00  7.2168E+03  1.8348E-08
  0.6000     59.7  3.55299E+01  3.259E+04  1.0553E+02  2.8324E+04  3.8711E+00  5.1116E+00  1.6190E+00  6.8336E+03  1.8166E-08
  0.5000     60.7  2.53236E+01  3.259E+04  1.0553E+02  2.8324E+04  3.8711E+00  5.1116E+00  1.5126E+00  6.3909E+03  1.7895E-08
  0.4000     61.7  1.66861E+01  3.259E+04  1.0553E+02  2.8324E+04  3.8711E+00  5.1116E+00  1.3561E+00  5.8522E+03  1.7462E-08
  0.3000     62.7  1.06871E+01  3.259E+04  1.0553E+02  2.8324E+04  3.8711E+00  5.1116E+00  1.1285E+00  5.1834E+03  1.6622E-08
  0.2000     63.6  6.72243E+00  3.259E+04  1.0553E+02  2.8324E+04  3.8711E+00  5.1116E+00  8.1637E-01  4.3773E+03  1.5272E-08
  0.1000     64.6  4.26109E+00  3.259E+04  1.0553E+02  2.8324E+04  3.8711E+00  5.1116E+00  4.2701E-01  3.4719E+03  1.3410E-08
  0.0000     65.6  2.73755E+00  3.259E+04  1.0553E+02  2.8324E+04  3.8711E+00  5.1116E+00  0.0000E+00  2.5564E+03  1.1247E-08
 -0.1000     66.6  1.80510E+00  3.259E+04  1.0553E+02  2.8324E+04  3.8711E+00  5.1116E+00  4.0199E-01  1.7377E+03  9.0903E-09
 -0.2000     67.6  1.22949E+00  3.259E+04  1.0553E+02  2.8324E+04  3.8711E+00  5.1116E+00  7.2031E-01  1.0911E+03  7.2140E-09
 -0.3000     68.6  8.71160E-01  3.259E+04  1.0553E+02  2.8324E+04  3.8711E+00  5.1116E+00  9.2373E-01  6.3416E+02  5.7441E-09
 -0.4000     69.6  6.52007E-01  3.259E+04  1.0553E+02  2.8324E+04  3.8711E+00  5.1116E+00  1.0154E+00  3.3718E+02  4.6538E-09
 -0.5000     70.6  5.06143E-01  3.259E+04  1.0553E+02  2.8324E+04  3.8711E+00  5.1116E+00  1.0142E+00  1.5620E+02  3.8716E-09
 -0.6000     71.6  4.04608E-01  3.259E+04  1.0553E+02  2.8324E+04  3.8711E+00  5.1116E+00  9.3645E-01  5.5312E+01  3.3210E-09
 -0.7000     72.6  3.31563E-01  3.259E+04  1.0553E+02  2.8324E+04  3.8711E+00  5.1116E+00  7.9817E-01  6.5625E+00  2.9370E-09
 -0.8000     73.6  2.81526E-01  3.259E+04  1.0553E+02  2.8324E+04  3.8711E+00  5.1116E+00  6.1883E-01  1.2945E+01  2.6458E-09
 -0.9000     74.6  2.44951E-01  3.259E+04  1.0553E+02  2.8324E+04  3.8711E+00  5.1116E+00  4.1872E-01  2.0090E+01  2.4003E-09
 -1.0000     75.6  2.16358E-01  3.259E+04  1.0553E+02  2.8324E+04  3.8711E+00  5.1116E+00  2.1071E-01  2.3449E+01  2.1758E-09
 -1.1000     76.5  1.92717E-01  3.259E+04  1.0553E+02  2.8324E+04  3.8711E+00  5.1116E+00  3.6926E-03  2.7113E+01  1.9686E-09
 -1.2000     77.5  1.72744E-01  3.259E+04  1.0553E+02  2.8324E+04  3.8711E+00  5.1116E+00  1.9614E-01  3.2852E+01  1.7637E-09
 -1.3000     78.5  1.55213E-01  3.259E+04  1.0553E+02  2.8324E+04  3.8711E+00  5.1116E+00  3.8748E-01  4.0141E+01  1.5632E-09
 -1.4000     79.5  1.39630E-01  3.259E+04  1.0553E+02  2.8324E+04  3.8711E+00  5.1116E+00  5.7062E-01  4.8082E+01  1.3735E-09
 -1.5000     80.5  1.25863E-01  3.259E+04  1.0553E+02  2.8324E+04  3.8711E+00  5.1116E+00  7.4324E-01  5.6596E+01  1.1971E-09
 -1.6000     81.5  1.13502E-01  3.259E+04  1.0553E+02  2.8324E+04  3.8711E+00  5.1116E+00  9.0317E-01  6.5531E+01  1.0304E-09
 -1.7000     82.5  1.02136E-01  3.259E+04  1.0553E+02  2.8324E+04  3.8711E+00  5.1116E+00  1.0539E+00  7.3727E+01  8.7475E-10
 -1.8000     83.5  9.15891E-02  3.259E+04  1.0553E+02  2.8324E+04  3.8711E+00  5.1116E+00  1.2036E+00  7.9699E+01  7.3555E-10
 -1.9000     84.5  8.20653E-02  3.259E+04  1.0553E+02  2.8324E+04  3.8711E+00  5.1116E+00  1.3574E+00  8.3062E+01  6.1753E-10
 -2.0000     85.5  7.34704E-02  3.259E+04  1.0553E+02  2.8324E+04  3.8711E+00  5.1116E+00  1.5157E+00  8.4310E+01  5.1774E-10
 -2.1000     86.5  6.57153E-02  3.259E+04  1.0553E+02  2.8324E+04  3.8711E+00  5.1116E+00  1.6792E+00  8.3851E+01  4.3365E-10
 -2.2000     87.5  5.87204E-02  3.259E+04  1.0553E+02  2.8324E+04  3.8711E+00  5.1116E+00  1.8491E+00  8.2020E+01  3.6314E-10
 -2.3000     88.5  5.22988E-02  3.259E+04  1.0553E+02  2.8324E+04  3.8711E+00  5.1116E+00  2.0287E+00  7.8903E+01  3.0397E-10
 -2.4000     89.5  4.64936E-02  3.259E+04  1.0553E+02  2.8324E+04  3.8711E+00  5.1116E+00  2.2224E+00  7.4582E+01  2.5623E-10
 -2.5000     90.4  4.12450E-02  3.259E+04  1.0553E+02  2.8324E+04  3.8711E+00  5.1116E+00  2.4331E+00  6.9313E+01  2.1823E-10
 -2.6000     91.4  3.66197E-02  3.259E+04  1.0553E+02  2.8324E+04  3.8711E+00  5.1116E+00  2.6599E+00  6.3518E+01  1.8918E-10
 -2.7000     92.4  3.23828E-02  3.259E+04  1.0553E+02  2.8324E+04  3.8711E+00  5.1116E+00  2.9043E+00  5.7435E+01  1.6549E-10
 -2.8000     93.4  2.85425E-02  3.259E+04  1.0553E+02  2.8324E+04  3.8711E+00  5.1116E+00  3.1727E+00  5.1028E+01  1.4747E-10
 -2.9000     94.4  2.50212E-02  3.259E+04  1.0553E+02  2.8324E+04  3.8711E+00  5.1116E+00  3.4728E+00  4.4297E+01  1.3414E-10
 -3.0000     95.4  2.18211E-02  3.259E+04  1.0553E+02  2.8324E+04  3.8711E+00  5.1116E+00  3.8141E+00  3.7242E+01  1.2559E-10
 -3.1000     96.4  1.89065E-02  3.259E+04  1.0553E+02  2.8324E+04  3.8711E+00  5.1116E+00  4.2073E+00  2.9917E+01  1.2123E-10
 -3.2000     97.4  1.62409E-02  3.259E+04  1.0553E+02  2.8324E+04  3.8711E+00  5.1116E+00  4.6668E+00  2.2351E+01  1.2057E-10
 -3.3000     98.4  1.37918E-02  3.259E+04  1.0553E+02  2.8324E+04  3.8711E+00  5.1116E+00  5.2126E+00  1.4544E+01  1.2328E-10
 -3.4000     99.4  1.15251E-02  3.259E+04  1.0553E+02  2.8324E+04  3.8711E+00  5.1116E+00  5.8743E+00  6.4606E+00  1.2915E-10
 -3.5000    100.4  9.36493E-03  3.259E+04  1.0553E+02  2.8324E+04  3.8711E+00  5.1116E+00  6.6975E+00  2.0029E+00  1.3857E-10
 -3.6000    101.4  7.34428E-03  3.259E+04  1.0553E+02  2.8324E+04  3.8711E+00  5.1116E+00  7.7549E+00  1.0999E+01  1.5118E-10
 -3.7000    102.4  5.44614E-03  3.259E+04  1.0553E+02  2.8324E+04  3.8711E+00  5.1116E+00  9.1675E+00  2.0697E+01  1.6728E-10
 -3.8000    103.4  3.65299E-03  3.259E+04  1.0553E+02  2.8324E+04  3.8711E+00  5.1116E+00  1.1156E+01  3.1343E+01  1.8738E-10
 -3.9000    104.3  1.82899E-03  3.259E+04  1.0553E+02  2.8324E+04  3.8711E+00  5.1116E+00  1.4202E+01  4.3489E+01  2.1328E-10
 -4.0000    105.3  0.00000E+00  3.259E+04  1.0553E+02  2.8324E+04  3.8711E+00  5.1116E+00  1.9584E+01  5.8216E+01  2.4751E-10
