  0.219208956       2.97606587E-02   0.00000000    
  1.4000     45.6  1.65208E+02  1.839E+04  6.5920E+01  1.6991E+04  2.3535E+00  3.0882E+00  1.0292E+00  7.4298E+03  1.4126E-08
  1.3000     46.6  1.50883E+02  1.839E+04  6.5920E+01  1.6991E+04  2.3535E+00  3.0882E+00  1.0392E+00  7.2366E+03  1.4103E-08
  1.2000     47.7  1.36276E+02  1.839E+04  6.5920E+01  1.6991E+04  2.3535E+00  3.0882E+00  1.0448E+00  7.0471E+03  1.4087E-08
  1.1000     48.7  1.21763E+02  1.839E+04  6.5920E+01  1.6991E+04  2.3535E+00  3.0882E+00  1.0460E+00  6.8608E+03  1.4077E-08
  1.0000     49.7  1.07644E+02  1.839E+04  6.5920E+01  1.6991E+04  2.3535E+00  3.0882E+00  1.0430E+00  6.6773E+03  1.4074E-08
  0.9000     50.7  9.41606E+01  1.839E+04  6.5920E+01  1.6991E+04  2.3535E+00  3.0882E+00  1.0355E+00  6.4958E+03  1.4075E-08
  0.8000     51.8  7.99628E+01  1.839E+04  6.5920E+01  1.6991E+04  2.3535E+00  3.0882E+00  1.0229E+00  6.3136E+03  1.4115E-08
  0.7000     52.8  6.43232E+01  1.839E+04  6.5920E+01  1.6991E+04  2.3535E+00  3.0882E+00  1.0039E+00  6.1230E+03  1.4223E-08
  0.6000     53.8  4.90458E+01  1.839E+04  6.5920E+01  1.6991E+04  2.3535E+00  3.0882E+00  9.7495E-01  5.9128E+03  1.4361E-08
  0.5000     54.8  3.55153E+01  1.839E+04  6.5920E+01  1.6991E+04  2.3535E+00  3.0882E+00  9.3020E-01  5.6692E+03  1.4481E-08
  0.4000     55.8  2.38639E+01  1.839E+04  6.5920E+01  1.6991E+04  2.3535E+00  3.0882E+00  8.5863E-01  5.3699E+03  1.4554E-08
  0.3000     56.9  1.55473E+01  1.839E+04  6.5920E+01  1.6991E+04  2.3535E+00  3.0882E+00  7.4447E-01  4.9885E+03  1.4407E-08
  0.2000     57.9  9.91879E+00  1.839E+04  6.5920E+01  1.6991E+04  2.3535E+00  3.0882E+00  5.7016E-01  4.5035E+03  1.3932E-08
  0.1000     58.9  6.34547E+00  1.839E+04  6.5920E+01  1.6991E+04  2.3535E+00  3.0882E+00  3.2205E-01  3.9079E+03  1.3030E-08
  0.0000     59.9  4.09127E+00  1.839E+04  6.5920E+01  1.6991E+04  2.3535E+00  3.0882E+00  0.0000E+00  3.2226E+03  1.1711E-08
 -0.1000     61.0  2.67793E+00  1.839E+04  6.5920E+01  1.6991E+04  2.3535E+00  3.0882E+00  3.7409E-01  2.5003E+03  1.0086E-08
 -0.2000     62.0  1.77535E+00  1.839E+04  6.5920E+01  1.6991E+04  2.3535E+00  3.0882E+00  7.5452E-01  1.8155E+03  8.3664E-09
 -0.3000     63.0  1.19022E+00  1.839E+04  6.5920E+01  1.6991E+04  2.3535E+00  3.0882E+00  1.0819E+00  1.2390E+03  6.7824E-09
 -0.4000     64.0  8.19626E-01  1.839E+04  6.5920E+01  1.6991E+04  2.3535E+00  3.0882E+00  1.3061E+00  8.1067E+02  5.4899E-09
 -0.5000     65.1  5.74381E-01  1.839E+04  6.5920E+01  1.6991E+04  2.3535E+00  3.0882E+00  1.3980E+00  5.3344E+02  4.5598E-09
 -0.6000     66.1  4.12227E-01  1.839E+04  6.5920E+01  1.6991E+04  2.3535E+00  3.0882E+00  1.3469E+00  3.8612E+02  3.9751E-09
 -0.7000     67.1  3.06743E-01  1.839E+04  6.5920E+01  1.6991E+04  2.3535E+00  3.0882E+00  1.1624E+00  3.3458E+02  3.6694E-09
 -0.8000     68.1  2.44008E-01  1.839E+04  6.5920E+01  1.6991E+04  2.3535E+00  3.0882E+00  8.7389E-01  3.3995E+02  3.5326E-09
 -0.9000     69.2  2.04837E-01  1.839E+04  6.5920E+01  1.6991E+04  2.3535E+00  3.0882E+00  5.1889E-01  3.6927E+02  3.4743E-09
 -1.0000     70.2  1.78038E-01  1.839E+04  6.5920E+01  1.6991E+04  2.3535E+00  3.0882E+00  1.2393E-01  4.0364E+02  3.4389E-09
 -1.1000     71.2  1.58305E-01  1.839E+04  6.5920E+01  1.6991E+04  2.3535E+00  3.0882E+00  2.9199E-01  4.3317E+02  3.4061E-09
 -1.2000     72.2  1.42382E-01  1.839E+04  6.5920E+01  1.6991E+04  2.3535E+00  3.0882E+00  7.1550E-01  4.5329E+02  3.3478E-09
 -1.3000     73.3  1.28462E-01  1.839E+04  6.5920E+01  1.6991E+04  2.3535E+00  3.0882E+00  1.1418E+00  4.6390E+02  3.2617E-09
 -1.4000     74.3  1.16130E-01  1.839E+04  6.5920E+01  1.6991E+04  2.3535E+00  3.0882E+00  1.5685E+00  4.6612E+02  3.1554E-09
 -1.5000     75.3  1.05312E-01  1.839E+04  6.5920E+01  1.6991E+04  2.3535E+00  3.0882E+00  1.9897E+00  4.6024E+02  3.0328E-09
 -1.6000     76.3  9.54303E-02  1.839E+04  6.5920E+01  1.6991E+04  2.3535E+00  3.0882E+00  2.4001E+00  4.4686E+02  2.8891E-09
 -1.7000     77.4  8.61186E-02  1.839E+04  6.5920E+01  1.6991E+04  2.3535E+00  3.0882E+00  2.8026E+00  4.2848E+02  2.7276E-09
 -1.8000     78.4  7.73742E-02  1.839E+04  6.5920E+01  1.6991E+04  2.3535E+00  3.0882E+00  3.2073E+00  4.0838E+02  2.5602E-09
 -1.9000     79.4  6.95264E-02  1.839E+04  6.5920E+01  1.6991E+04  2.3535E+00  3.0882E+00  3.6198E+00  3.8814E+02  2.4011E-09
 -2.0000     80.4  6.24810E-02  1.839E+04  6.5920E+01  1.6991E+04  2.3535E+00  3.0882E+00  4.0385E+00  3.6774E+02  2.2494E-09
 -2.1000     81.5  5.61537E-02  1.839E+04  6.5920E+01  1.6991E+04  2.3535E+00  3.0882E+00  4.4614E+00  3.4718E+02  2.1040E-09
 -2.2000     82.5  5.04653E-02  1.839E+04  6.5920E+01  1.6991E+04  2.3535E+00  3.0882E+00  4.8864E+00  3.2645E+02  1.9642E-09
 -2.3000     83.5  4.52719E-02  1.839E+04  6.5920E+01  1.6991E+04  2.3535E+00  3.0882E+00  5.3157E+00  3.0610E+02  1.8283E-09
 -2.4000     84.5  4.06055E-02  1.839E+04  6.5920E+01  1.6991E+04  2.3535E+00  3.0882E+00  5.7527E+00  2.8662E+02  1.7011E-09
 -2.5000     85.5  3.64152E-02  1.839E+04  6.5920E+01  1.6991E+04  2.3535E+00  3.0882E+00  6.1964E+00  2.6796E+02  1.5818E-09
 -2.6000     86.6  3.27130E-02  1.839E+04  6.5920E+01  1.6991E+04  2.3535E+00  3.0882E+00  6.6342E+00  2.4923E+02  1.4712E-09
 -2.7000     87.6  2.93420E-02  1.839E+04  6.5920E+01  1.6991E+04  2.3535E+00  3.0882E+00  7.0567E+00  2.2999E+02  1.3592E-09
 -2.8000     88.6  2.61141E-02  1.839E+04  6.5920E+01  1.6991E+04  2.3535E+00  3.0882E+00  7.4337E+00  2.0918E+02  1.2435E-09
 -2.9000     89.6  2.34601E-02  1.839E+04  6.5920E+01  1.6991E+04  2.3535E+00  3.0882E+00  7.7586E+00  1.8718E+02  1.1235E-09
 -3.0000     90.7  2.12010E-02  1.839E+04  6.5920E+01  1.6991E+04  2.3535E+00  3.0882E+00  8.0872E+00  1.6717E+02  1.0135E-09
 -3.1000     91.7  1.89666E-02  1.839E+04  6.5920E+01  1.6991E+04  2.3535E+00  3.0882E+00  8.4182E+00  1.4903E+02  9.1275E-10
 -3.2000     92.7  1.69535E-02  1.839E+04  6.5920E+01  1.6991E+04  2.3535E+00  3.0882E+00  8.7159E+00  1.3135E+02  8.1557E-10
 -3.3000     93.7  1.51379E-02  1.839E+04  6.5920E+01  1.6991E+04  2.3535E+00  3.0882E+00  8.9699E+00  1.1409E+02  7.2146E-10
 -3.4000     94.8  1.35016E-02  1.839E+04  6.5920E+01  1.6991E+04  2.3535E+00  3.0882E+00  9.1672E+00  9.7183E+01  6.2992E-10
 -3.5000     95.8  1.19835E-02  1.839E+04  6.5920E+01  1.6991E+04  2.3535E+00  3.0882E+00  9.2830E+00  8.0374E+01  5.4055E-10
 -3.6000     96.8  1.06532E-02  1.839E+04  6.5920E+01  1.6991E+04  2.3535E+00  3.0882E+00  9.2908E+00  6.3585E+01  4.5066E-10
 -3.7000     97.8  9.49996E-03  1.839E+04  6.5920E+01  1.6991E+04  2.3535E+00  3.0882E+00  9.1673E+00  4.7070E+01  3.6161E-10
 -3.8000     98.9  8.51104E-03  1.839E+04  6.5920E+01  1.6991E+04  2.3535E+00  3.0882E+00  8.8778E+00  3.0992E+01  2.7443E-10
 -3.9000     99.9  7.63025E-03  1.839E+04  6.5920E+01  1.6991E+04  2.3535E+00  3.0882E+00  8.3612E+00  1.5303E+01  1.8961E-10
 -4.0000    100.9  6.92632E-03  1.839E+04  6.5920E+01  1.6991E+04  2.3535E+00  3.0882E+00  7.5319E+00  0.0000E+00  1.0646E-10
