   0.00000000       9.71633196E-03   0.00000000    
  0.0000   8458.8  1.05542E+05  0.000E+00  2.0901E+02  3.3893E+04  3.7882E+00  2.2601E+01  2.3939E+00  2.1638E+05  1.0037E-06
  0.0000   6330.7  6.77751E+04  0.000E+00  2.1280E+02  3.4365E+04  3.7882E+00  2.2601E+01  2.1364E+01  1.4666E+05  7.9760E-07
  0.0000   4585.6  3.15620E+04  0.000E+00  2.1658E+02  3.4838E+04  3.7882E+00  2.2601E+01  4.1058E+01  9.6924E+04  6.4499E-07
  0.0000   3186.4  1.25074E+04  0.000E+00  2.2037E+02  3.5310E+04  3.7882E+00  2.2601E+01  5.6306E+01  6.1641E+04  5.3018E-07
  0.0000   2096.1  4.75928E+03  0.000E+00  2.2415E+02  3.5783E+04  3.7882E+00  2.2601E+01  6.6771E+01  3.7122E+04  4.4331E-07
  0.0000   1277.6  1.82411E+03  0.000E+00  2.2794E+02  3.6256E+04  3.7882E+00  2.2601E+01  7.2359E+01  2.0915E+04  3.7845E-07
  0.0000    693.8  6.74740E+02  0.000E+00  2.3173E+02  3.6728E+04  3.7882E+00  2.2601E+01  7.3449E+01  1.1077E+04  3.3251E-07
  0.0000    307.8  2.10851E+02  0.000E+00  2.3551E+02  3.7201E+04  3.7882E+00  2.2601E+01  7.0772E+01  5.8362E+03  3.0242E-07
  0.0000     82.4  3.91982E+01  0.000E+00  2.3930E+02  3.7673E+04  3.7882E+00  2.2601E+01  6.5158E+01  3.6951E+03  2.8421E-07
  0.0000     19.3  8.58455E+00  0.000E+00  2.4308E+02  3.8146E+04  3.7882E+00  2.2601E+01  5.7450E+01  3.3994E+03  2.7448E-07
  0.0000     34.3  9.63509E+00  0.000E+00  2.4687E+02  3.8618E+04  3.7882E+00  2.2601E+01  4.8292E+01  3.8734E+03  2.7058E-07
  0.0000      0.1  9.66904E-01  0.000E+00  2.5065E+02  3.9091E+04  3.7882E+00  2.2601E+01  3.8114E+01  4.2518E+03  2.6783E-07
  0.0000     47.1  3.79628E+00  0.000E+00  2.5444E+02  3.9564E+04  3.7882E+00  2.2601E+01  2.7036E+01  3.9827E+03  2.6303E-07
  0.0000     76.6  3.55846E+00  0.000E+00  2.5822E+02  4.0036E+04  3.7882E+00  2.2601E+01  1.4566E+01  3.0584E+03  2.5339E-07
  0.0000     87.1  2.00274E+00  0.000E+00  2.6201E+02  4.0509E+04  3.7882E+00  2.2601E+01  0.0000E+00  2.0293E+03  2.3890E-07
  0.0000     84.2  9.58120E-01  0.000E+00  2.6579E+02  4.0981E+04  3.7882E+00  2.2601E+01  1.6567E+01  1.4604E+03  2.2151E-07
  0.0000     73.3  5.20778E-01  0.000E+00  2.6958E+02  4.1454E+04  3.7882E+00  2.2601E+01  3.4058E+01  1.3533E+03  2.0317E-07
  0.0000     59.9  3.29025E-01  0.000E+00  2.7337E+02  4.1926E+04  3.7882E+00  2.2601E+01  5.1568E+01  1.4017E+03  1.8428E-07
  0.0000     49.7  2.19969E-01  0.000E+00  2.7715E+02  4.2399E+04  3.7882E+00  2.2601E+01  6.8989E+01  1.4672E+03  1.6461E-07
  0.0000     46.8  1.63837E-01  0.000E+00  2.8094E+02  4.2872E+04  3.7882E+00  2.2601E+01  8.6584E+01  1.5517E+03  1.4480E-07
  0.0000     50.6  1.36736E-01  0.000E+00  2.8472E+02  4.3344E+04  3.7882E+00  2.2601E+01  1.0466E+02  1.6767E+03  1.2593E-07
  0.0000     59.3  1.23733E-01  0.000E+00  2.8851E+02  4.3817E+04  3.7882E+00  2.2601E+01  1.2360E+02  1.8520E+03  1.0877E-07
  0.0000     70.9  1.34587E-01  0.000E+00  2.9229E+02  4.4289E+04  3.7882E+00  2.2601E+01  1.4377E+02  2.0586E+03  9.3340E-08
  0.0000     83.6  2.18394E-01  0.000E+00  2.9608E+02  4.4762E+04  3.7882E+00  2.2601E+01  1.6505E+02  2.2169E+03  7.9730E-08
  0.0000     95.5  4.15516E-01  0.000E+00  2.9986E+02  4.5234E+04  3.7882E+00  2.2601E+01  1.8632E+02  2.2142E+03  6.8007E-08
  0.0000    104.8  6.62743E-01  0.000E+00  3.0365E+02  4.5707E+04  3.7882E+00  2.2601E+01  2.0610E+02  2.0235E+03  5.8376E-08
  0.0000    110.8  8.82982E-01  0.000E+00  3.0744E+02  4.6179E+04  3.7882E+00  2.2601E+01  2.2363E+02  1.7212E+03  5.0652E-08
  0.0000    112.8  9.84252E-01  0.000E+00  3.1122E+02  4.6652E+04  3.7882E+00  2.2601E+01  2.3905E+02  1.3920E+03  4.4595E-08
  0.0000    110.0  9.01702E-01  0.000E+00  3.1501E+02  4.7125E+04  3.7882E+00  2.2601E+01  2.5316E+02  1.0854E+03  3.9832E-08
  0.0000    101.9  6.75929E-01  0.000E+00  3.1879E+02  4.7597E+04  3.7882E+00  2.2601E+01  2.6698E+02  8.2455E+02  3.5908E-08
  0.0000     87.8  4.14992E-01  0.000E+00  3.2258E+02  4.8070E+04  3.7882E+00  2.2601E+01  2.8144E+02  6.2688E+02  3.2446E-08
  0.0000     68.1  2.01174E-01  0.000E+00  3.2636E+02  4.8542E+04  3.7882E+00  2.2601E+01  2.9719E+02  5.0733E+02  2.9255E-08
  0.0000     46.9  6.89099E-02  0.000E+00  3.3015E+02  4.9015E+04  3.7882E+00  2.2601E+01  3.1451E+02  4.6576E+02  2.6294E-08
  0.0000     29.8  3.39115E-03  0.000E+00  3.3393E+02  4.9487E+04  3.7882E+00  2.2601E+01  3.3327E+02  4.8278E+02  2.3599E-08
  0.0000     21.9  2.13717E-02  0.000E+00  3.3772E+02  4.9960E+04  3.7882E+00  2.2601E+01  3.5322E+02  5.3411E+02  2.1145E-08
  0.0000     28.5  2.62536E-02  0.000E+00  3.4151E+02  5.0433E+04  3.7882E+00  2.2601E+01  3.7439E+02  6.0588E+02  1.8910E-08
  0.0000     55.1  2.08145E-02  0.000E+00  3.4529E+02  5.0905E+04  3.7882E+00  2.2601E+01  3.9742E+02  6.9751E+02  1.6862E-08
  0.0000    103.7  7.59697E-03  0.000E+00  3.4908E+02  5.1378E+04  3.7882E+00  2.2601E+01  4.2366E+02  8.1217E+02  1.4943E-08
  0.0000    164.3  1.72437E-02  0.000E+00  3.5286E+02  5.1850E+04  3.7882E+00  2.2601E+01  4.5469E+02  9.3871E+02  1.3115E-08
  0.0000    223.6  6.93519E-02  0.000E+00  3.5665E+02  5.2323E+04  3.7882E+00  2.2601E+01  4.9080E+02  1.0326E+03  1.1301E-08
  0.0000    268.1  1.45443E-01  0.000E+00  3.6043E+02  5.2795E+04  3.7882E+00  2.2601E+01  5.3030E+02  1.0401E+03  9.4677E-09
  0.0000    284.8  2.24935E-01  0.000E+00  3.6422E+02  5.3268E+04  3.7882E+00  2.2601E+01  5.7058E+02  9.5137E+02  7.6382E-09
  0.0000    260.2  2.47868E-01  0.000E+00  3.6800E+02  5.3740E+04  3.7882E+00  2.2601E+01  6.1130E+02  8.1991E+02  5.9925E-09
  0.0000    203.9  1.95142E-01  0.000E+00  3.7179E+02  5.4213E+04  3.7882E+00  2.2601E+01  6.5545E+02  7.1759E+02  4.6974E-09
  0.0000    216.2  2.60861E-01  0.000E+00  3.7557E+02  5.4686E+04  3.7882E+00  2.2601E+01  7.0121E+02  6.5109E+02  3.7927E-09
  0.0000    420.3  1.09085E+00  0.000E+00  3.7936E+02  5.5158E+04  3.7882E+00  2.2601E+01  7.3434E+02  5.6665E+02  3.1552E-09
  0.0000    939.3  6.38964E+00  0.000E+00  3.8315E+02  5.5631E+04  3.7882E+00  2.2601E+01  7.4358E+02  4.4482E+02  2.6932E-09
  0.0000   1896.3  4.26106E+01  0.000E+00  3.8693E+02  5.6103E+04  3.7882E+00  2.2601E+01  7.3647E+02  3.2128E+02  2.3931E-09
  0.0000   3414.4  2.30074E+02  0.000E+00  3.9072E+02  5.6576E+04  3.7882E+00  2.2601E+01  7.2610E+02  2.2534E+02  2.2306E-09
  0.0000   5616.8  4.13857E+02  0.000E+00  3.9450E+02  5.7048E+04  3.7882E+00  2.2601E+01  7.1754E+02  1.5732E+02  2.1568E-09
  0.0000   8626.6  4.32145E+02  0.000E+00  3.9829E+02  5.7521E+04  3.7882E+00  2.2601E+01  7.1100E+02  1.0850E+02  2.1265E-09
  0.0000  12566.9  4.47944E+02  0.000E+00  4.0207E+02  5.7994E+04  3.7882E+00  2.2601E+01  7.0603E+02  7.2256E+01  2.1184E-09
  0.0000  17560.9  4.48553E+02  0.000E+00  4.0586E+02  5.8466E+04  3.7882E+00  2.2601E+01  7.0231E+02  4.4079E+01  2.1228E-09
  0.0000  23731.6  4.49923E+02  0.000E+00  4.0964E+02  5.8939E+04  3.7882E+00  2.2601E+01  6.9959E+02  2.0775E+01  2.1383E-09
  0.0000  31202.3  4.66025E+02  0.000E+00  4.1343E+02  5.9411E+04  3.7882E+00  2.2601E+01  6.9768E+02  0.0000E+00  2.1606E-09
