  0.185329556       2.36622095E-02   0.00000000    
  1.4000   2076.0  1.47859E+04  1.547E+04  5.2995E+01  1.2647E+04  1.1844E+00  5.3142E+00  2.4809E+01  5.3246E+04  2.0515E-07
  1.3000   1697.3  9.03113E+03  1.547E+04  5.2995E+01  1.2647E+04  1.1844E+00  5.3142E+00  1.9199E+01  4.3385E+04  1.7765E-07
  1.2000   1366.3  5.39671E+03  1.547E+04  5.2995E+01  1.2647E+04  1.1844E+00  5.3142E+00  1.4240E+01  3.4609E+04  1.5132E-07
  1.1000   1079.9  3.16736E+03  1.547E+04  5.2995E+01  1.2647E+04  1.1844E+00  5.3142E+00  9.9963E+00  2.7030E+04  1.2680E-07
  1.0000    835.1  1.82799E+03  1.547E+04  5.2995E+01  1.2647E+04  1.1844E+00  5.3142E+00  6.4871E+00  2.0693E+04  1.0462E-07
  0.9000    628.8  1.03548E+03  1.547E+04  5.2995E+01  1.2647E+04  1.1844E+00  5.3142E+00  3.6972E+00  1.5582E+04  8.5179E-08
  0.8000    457.9  5.59654E+02  1.547E+04  5.2995E+01  1.2647E+04  1.1844E+00  5.3142E+00  1.5634E+00  1.1584E+04  6.8850E-08
  0.7000    319.4  2.77470E+02  1.547E+04  5.2995E+01  1.2647E+04  1.1844E+00  5.3142E+00  2.0332E-02  8.4990E+03  5.5546E-08
  0.6000    210.1  1.24475E+02  1.547E+04  5.2995E+01  1.2647E+04  1.1844E+00  5.3142E+00  1.1452E+00  6.1511E+03  4.4773E-08
  0.5000    127.1  4.93070E+01  1.547E+04  5.2995E+01  1.2647E+04  1.1844E+00  5.3142E+00  1.8581E+00  4.4406E+03  3.6278E-08
  0.4000     67.2  1.58094E+01  1.547E+04  5.2995E+01  1.2647E+04  1.1844E+00  5.3142E+00  2.1794E+00  3.2989E+03  3.0011E-08
  0.3000     27.3  3.61706E+00  1.547E+04  5.2995E+01  1.2647E+04  1.1844E+00  5.3142E+00  2.1104E+00  2.6799E+03  2.5710E-08
  0.2000      4.4  2.28500E-03  1.547E+04  5.2995E+01  1.2647E+04  1.1844E+00  5.3142E+00  1.6669E+00  2.5146E+03  2.3288E-08
  0.1000      4.6  6.24279E-01  1.547E+04  5.2995E+01  1.2647E+04  1.1844E+00  5.3142E+00  9.2408E-01  2.6457E+03  2.2321E-08
  0.0000      2.7  4.21326E-01  1.547E+04  5.2995E+01  1.2647E+04  1.1844E+00  5.3142E+00  0.0000E+00  2.8765E+03  2.2201E-08
 -0.1000      6.9  9.82647E-02  1.547E+04  5.2995E+01  1.2647E+04  1.1844E+00  5.3142E+00  1.0015E+00  3.0624E+03  2.2336E-08
 -0.2000     21.2  1.55759E-01  1.547E+04  5.2995E+01  1.2647E+04  1.1844E+00  5.3142E+00  2.0324E+00  3.1557E+03  2.2375E-08
 -0.3000     37.2  3.07252E-01  1.547E+04  5.2995E+01  1.2647E+04  1.1844E+00  5.3142E+00  3.1005E+00  3.1802E+03  2.2194E-08
 -0.4000     51.7  3.66682E-01  1.547E+04  5.2995E+01  1.2647E+04  1.1844E+00  5.3142E+00  4.2428E+00  3.1838E+03  2.1772E-08
 -0.5000     62.3  3.42597E-01  1.547E+04  5.2995E+01  1.2647E+04  1.1844E+00  5.3142E+00  5.5125E+00  3.2136E+03  2.1224E-08
 -0.6000     69.7  2.71594E-01  1.547E+04  5.2995E+01  1.2647E+04  1.1844E+00  5.3142E+00  6.9741E+00  3.3065E+03  2.0766E-08
 -0.7000     75.0  1.82552E-01  1.547E+04  5.2995E+01  1.2647E+04  1.1844E+00  5.3142E+00  8.6936E+00  3.4825E+03  2.0579E-08
 -0.8000     79.4  1.03720E-01  1.547E+04  5.2995E+01  1.2647E+04  1.1844E+00  5.3142E+00  1.0722E+01  3.7426E+03  2.0705E-08
 -0.9000     84.1  4.16889E-02  1.547E+04  5.2995E+01  1.2647E+04  1.1844E+00  5.3142E+00  1.3088E+01  4.0732E+03  2.1168E-08
 -1.0000     90.3  9.88722E-04  1.547E+04  5.2995E+01  1.2647E+04  1.1844E+00  5.3142E+00  1.5810E+01  4.4574E+03  2.1969E-08
 -1.1000     99.3  2.05669E-02  1.547E+04  5.2995E+01  1.2647E+04  1.1844E+00  5.3142E+00  1.8886E+01  4.8756E+03  2.3138E-08
 -1.2000    112.3  1.58529E-02  1.547E+04  5.2995E+01  1.2647E+04  1.1844E+00  5.3142E+00  2.2287E+01  5.3052E+03  2.4593E-08
 -1.3000    130.4  1.27814E-02  1.547E+04  5.2995E+01  1.2647E+04  1.1844E+00  5.3142E+00  2.5959E+01  5.7211E+03  2.6284E-08
 -1.4000    154.6  6.46883E-02  1.547E+04  5.2995E+01  1.2647E+04  1.1844E+00  5.3142E+00  2.9811E+01  6.0940E+03  2.8158E-08
 -1.5000    183.9  1.30055E-01  1.547E+04  5.2995E+01  1.2647E+04  1.1844E+00  5.3142E+00  3.3719E+01  6.3877E+03  3.0081E-08
 -1.6000    217.3  1.88238E-01  1.547E+04  5.2995E+01  1.2647E+04  1.1844E+00  5.3142E+00  3.7549E+01  6.5659E+03  3.1805E-08
 -1.7000    253.4  2.23230E-01  1.547E+04  5.2995E+01  1.2647E+04  1.1844E+00  5.3142E+00  4.1199E+01  6.6026E+03  3.3075E-08
 -1.8000    291.2  2.32023E-01  1.547E+04  5.2995E+01  1.2647E+04  1.1844E+00  5.3142E+00  4.4602E+01  6.4855E+03  3.3695E-08
 -1.9000    329.5  2.20305E-01  1.547E+04  5.2995E+01  1.2647E+04  1.1844E+00  5.3142E+00  4.7743E+01  6.2192E+03  3.3624E-08
 -2.0000    367.0  1.95905E-01  1.547E+04  5.2995E+01  1.2647E+04  1.1844E+00  5.3142E+00  5.0664E+01  5.8262E+03  3.2804E-08
 -2.1000    402.5  1.68525E-01  1.547E+04  5.2995E+01  1.2647E+04  1.1844E+00  5.3142E+00  5.3487E+01  5.3470E+03  3.1279E-08
 -2.2000    435.0  1.43975E-01  1.547E+04  5.2995E+01  1.2647E+04  1.1844E+00  5.3142E+00  5.6340E+01  4.8264E+03  2.9159E-08
 -2.3000    463.9  1.27641E-01  1.547E+04  5.2995E+01  1.2647E+04  1.1844E+00  5.3142E+00  5.9287E+01  4.2995E+03  2.6556E-08
 -2.4000    492.0  1.18358E-01  1.547E+04  5.2995E+01  1.2647E+04  1.1844E+00  5.3142E+00  6.2321E+01  3.7883E+03  2.3744E-08
 -2.5000    522.9  1.15831E-01  1.547E+04  5.2995E+01  1.2647E+04  1.1844E+00  5.3142E+00  6.5349E+01  3.2994E+03  2.0885E-08
 -2.6000    560.1  1.16889E-01  1.547E+04  5.2995E+01  1.2647E+04  1.1844E+00  5.3142E+00  6.8233E+01  2.8322E+03  1.8140E-08
 -2.7000    607.2  1.24853E-01  1.547E+04  5.2995E+01  1.2647E+04  1.1844E+00  5.3142E+00  7.0816E+01  2.3872E+03  1.5477E-08
 -2.8000    667.6  1.36740E-01  1.547E+04  5.2995E+01  1.2647E+04  1.1844E+00  5.3142E+00  7.2973E+01  1.9706E+03  1.3009E-08
 -2.9000    745.0  1.50652E-01  1.547E+04  5.2995E+01  1.2647E+04  1.1844E+00  5.3142E+00  7.4905E+01  1.5992E+03  1.0812E-08
 -3.0000    842.8  1.60069E-01  1.547E+04  5.2995E+01  1.2647E+04  1.1844E+00  5.3142E+00  7.7329E+01  1.2972E+03  9.0099E-09
 -3.1000    964.6  1.59252E-01  1.547E+04  5.2995E+01  1.2647E+04  1.1844E+00  5.3142E+00  8.1611E+01  1.0862E+03  7.6608E-09
 -3.2000   1114.0  1.48610E-01  1.547E+04  5.2995E+01  1.2647E+04  1.1844E+00  5.3142E+00  8.9993E+01  9.8090E+02  6.7762E-09
 -3.3000   1294.5  1.57208E-01  1.547E+04  5.2995E+01  1.2647E+04  1.1844E+00  5.3142E+00  1.0390E+02  9.5654E+02  6.2285E-09
 -3.4000   1509.6  2.47514E-01  1.547E+04  5.2995E+01  1.2647E+04  1.1844E+00  5.3142E+00  1.1944E+02  9.2712E+02  5.7208E-09
 -3.5000   1762.8  5.07171E-01  1.547E+04  5.2995E+01  1.2647E+04  1.1844E+00  5.3142E+00  1.2936E+02  8.2688E+02  5.0726E-09
 -3.6000   2057.8  1.15832E+00  1.547E+04  5.2995E+01  1.2647E+04  1.1844E+00  5.3142E+00  1.3055E+02  6.6766E+02  4.3222E-09
 -3.7000   2398.0  2.73362E+00  1.547E+04  5.2995E+01  1.2647E+04  1.1844E+00  5.3142E+00  1.2477E+02  4.8713E+02  3.5867E-09
 -3.8000   2787.0  6.43327E+00  1.547E+04  5.2995E+01  1.2647E+04  1.1844E+00  5.3142E+00  1.1489E+02  3.1021E+02  2.9291E-09
 -3.9000   3228.3  1.46603E+01  1.547E+04  5.2995E+01  1.2647E+04  1.1844E+00  5.3142E+00  1.0288E+02  1.4702E+02  2.3682E-09
 -4.0000   3725.5  3.23935E+01  1.547E+04  5.2995E+01  1.2647E+04  1.1844E+00  5.3142E+00  8.9727E+01  0.0000E+00  1.8885E-09
