   0.00000000       2.97606885E-02   0.00000000    
  0.0000     94.6  1.21191E+02  0.000E+00  3.4483E+02  1.0388E+05  2.5490E+01  5.7479E+01  4.9706E+00  2.4016E+04  5.7838E-08
  0.0000     96.4  1.06973E+02  0.000E+00  3.4483E+02  1.0388E+05  2.5490E+01  5.7479E+01  4.9487E+00  2.2437E+04  5.5240E-08
  0.0000     98.1  9.40856E+01  0.000E+00  3.4483E+02  1.0388E+05  2.5490E+01  5.7479E+01  4.8860E+00  2.0913E+04  5.2701E-08
  0.0000     99.9  8.24360E+01  0.000E+00  3.4483E+02  1.0388E+05  2.5490E+01  5.7479E+01  4.7821E+00  1.9439E+04  5.0213E-08
  0.0000    101.6  7.19359E+01  0.000E+00  3.4483E+02  1.0388E+05  2.5490E+01  5.7479E+01  4.6370E+00  1.8010E+04  4.7766E-08
  0.0000    103.4  6.25033E+01  0.000E+00  3.4483E+02  1.0388E+05  2.5490E+01  5.7479E+01  4.4508E+00  1.6621E+04  4.5352E-08
  0.0000    105.1  5.25649E+01  0.000E+00  3.4483E+02  1.0388E+05  2.5490E+01  5.7479E+01  4.2201E+00  1.5252E+04  4.3065E-08
  0.0000    106.9  4.13608E+01  0.000E+00  3.4483E+02  1.0388E+05  2.5490E+01  5.7479E+01  3.9309E+00  1.3842E+04  4.0884E-08
  0.0000    108.6  3.05731E+01  0.000E+00  3.4483E+02  1.0388E+05  2.5490E+01  5.7479E+01  3.5589E+00  1.2313E+04  3.8506E-08
  0.0000    110.4  2.13300E+01  0.000E+00  3.4483E+02  1.0388E+05  2.5490E+01  5.7479E+01  3.0753E+00  1.0599E+04  3.5630E-08
  0.0000    112.2  1.35944E+01  0.000E+00  3.4483E+02  1.0388E+05  2.5490E+01  5.7479E+01  2.4524E+00  8.6466E+03  3.2077E-08
  0.0000    113.9  8.39812E+00  0.000E+00  3.4483E+02  1.0388E+05  2.5490E+01  5.7479E+01  1.7060E+00  6.5154E+03  2.7577E-08
  0.0000    115.7  5.08653E+00  0.000E+00  3.4483E+02  1.0388E+05  2.5490E+01  5.7479E+01  9.4503E-01  4.4553E+03  2.2661E-08
  0.0000    117.4  3.15209E+00  0.000E+00  3.4483E+02  1.0388E+05  2.5490E+01  5.7479E+01  3.3756E-01  2.7780E+03  1.8159E-08
  0.0000    119.2  2.06650E+00  0.000E+00  3.4483E+02  1.0388E+05  2.5490E+01  5.7479E+01  0.0000E+00  1.6417E+03  1.4704E-08
  0.0000    120.9  1.47982E+00  0.000E+00  3.4483E+02  1.0388E+05  2.5490E+01  5.7479E+01  7.1540E-02  9.7522E+02  1.2299E-08
  0.0000    122.7  1.14948E+00  0.000E+00  3.4483E+02  1.0388E+05  2.5490E+01  5.7479E+01  4.6791E-02  6.1117E+02  1.0628E-08
  0.0000    124.4  9.45800E-01  0.000E+00  3.4483E+02  1.0388E+05  2.5490E+01  5.7479E+01  2.8073E-01  4.1323E+02  9.3856E-09
  0.0000    126.2  8.09354E-01  0.000E+00  3.4483E+02  1.0388E+05  2.5490E+01  5.7479E+01  5.8011E-01  3.0021E+02  8.3718E-09
  0.0000    127.9  7.04203E-01  0.000E+00  3.4483E+02  1.0388E+05  2.5490E+01  5.7479E+01  9.1873E-01  2.3179E+02  7.5147E-09
  0.0000    129.7  6.17655E-01  0.000E+00  3.4483E+02  1.0388E+05  2.5490E+01  5.7479E+01  1.2866E+00  1.9029E+02  6.7806E-09
  0.0000    131.4  5.43839E-01  0.000E+00  3.4483E+02  1.0388E+05  2.5490E+01  5.7479E+01  1.6779E+00  1.6553E+02  6.1504E-09
  0.0000    133.2  4.81717E-01  0.000E+00  3.4483E+02  1.0388E+05  2.5490E+01  5.7479E+01  2.0903E+00  1.5180E+02  5.5818E-09
  0.0000    134.9  4.27660E-01  0.000E+00  3.4483E+02  1.0388E+05  2.5490E+01  5.7479E+01  2.5280E+00  1.4776E+02  5.0728E-09
  0.0000    136.7  3.79515E-01  0.000E+00  3.4483E+02  1.0388E+05  2.5490E+01  5.7479E+01  3.0014E+00  1.5447E+02  4.6280E-09
  0.0000    138.4  3.35677E-01  0.000E+00  3.4483E+02  1.0388E+05  2.5490E+01  5.7479E+01  3.5227E+00  1.7234E+02  4.2655E-09
  0.0000    140.2  2.95875E-01  0.000E+00  3.4483E+02  1.0388E+05  2.5490E+01  5.7479E+01  4.1079E+00  2.0162E+02  3.9670E-09
  0.0000    141.9  2.59563E-01  0.000E+00  3.4483E+02  1.0388E+05  2.5490E+01  5.7479E+01  4.7801E+00  2.4329E+02  3.7352E-09
  0.0000    143.7  2.26388E-01  0.000E+00  3.4483E+02  1.0388E+05  2.5490E+01  5.7479E+01  5.5647E+00  2.9698E+02  3.5738E-09
  0.0000    145.4  1.95868E-01  0.000E+00  3.4483E+02  1.0388E+05  2.5490E+01  5.7479E+01  6.4881E+00  3.6126E+02  3.4809E-09
  0.0000    147.2  1.68387E-01  0.000E+00  3.4483E+02  1.0388E+05  2.5490E+01  5.7479E+01  7.5813E+00  4.3436E+02  3.4412E-09
  0.0000    148.9  1.45286E-01  0.000E+00  3.4483E+02  1.0388E+05  2.5490E+01  5.7479E+01  8.8750E+00  5.1339E+02  3.4369E-09
  0.0000    150.7  1.28480E-01  0.000E+00  3.4483E+02  1.0388E+05  2.5490E+01  5.7479E+01  1.0386E+01  5.9282E+02  3.4484E-09
  0.0000    152.4  1.16942E-01  0.000E+00  3.4483E+02  1.0388E+05  2.5490E+01  5.7479E+01  1.2115E+01  6.6611E+02  3.4630E-09
  0.0000    154.2  1.10607E-01  0.000E+00  3.4483E+02  1.0388E+05  2.5490E+01  5.7479E+01  1.4052E+01  7.2765E+02  3.4607E-09
  0.0000    155.9  1.09070E-01  0.000E+00  3.4483E+02  1.0388E+05  2.5490E+01  5.7479E+01  1.6171E+01  7.7267E+02  3.4254E-09
  0.0000    157.7  1.11590E-01  0.000E+00  3.4483E+02  1.0388E+05  2.5490E+01  5.7479E+01  1.8429E+01  7.9778E+02  3.3455E-09
  0.0000    159.4  1.20408E-01  0.000E+00  3.4483E+02  1.0388E+05  2.5490E+01  5.7479E+01  2.0737E+01  7.9968E+02  3.2068E-09
  0.0000    161.2  1.31782E-01  0.000E+00  3.4483E+02  1.0388E+05  2.5490E+01  5.7479E+01  2.2983E+01  7.7736E+02  3.0108E-09
  0.0000    162.9  1.44522E-01  0.000E+00  3.4483E+02  1.0388E+05  2.5490E+01  5.7479E+01  2.5065E+01  7.3391E+02  2.7670E-09
  0.0000    164.7  1.51145E-01  0.000E+00  3.4483E+02  1.0388E+05  2.5490E+01  5.7479E+01  2.6955E+01  6.7594E+02  2.5006E-09
  0.0000    166.4  1.60581E-01  0.000E+00  3.4483E+02  1.0388E+05  2.5490E+01  5.7479E+01  2.8614E+01  6.0920E+02  2.2183E-09
  0.0000    168.2  1.69614E-01  0.000E+00  3.4483E+02  1.0388E+05  2.5490E+01  5.7479E+01  2.9950E+01  5.3714E+02  1.9332E-09
  0.0000    170.0  1.81312E-01  0.000E+00  3.4483E+02  1.0388E+05  2.5490E+01  5.7479E+01  3.0882E+01  4.6353E+02  1.6538E-09
  0.0000    171.7  1.93039E-01  0.000E+00  3.4483E+02  1.0388E+05  2.5490E+01  5.7479E+01  3.1338E+01  3.9161E+02  1.3909E-09
  0.0000    173.5  2.05210E-01  0.000E+00  3.4483E+02  1.0388E+05  2.5490E+01  5.7479E+01  3.1285E+01  3.2401E+02  1.1512E-09
  0.0000    175.2  2.18302E-01  0.000E+00  3.4483E+02  1.0388E+05  2.5490E+01  5.7479E+01  3.0712E+01  2.6236E+02  9.3774E-10
  0.0000    177.0  2.32804E-01  0.000E+00  3.4483E+02  1.0388E+05  2.5490E+01  5.7479E+01  2.9634E+01  2.0751E+02  7.5173E-10
  0.0000    178.7  2.49162E-01  0.000E+00  3.4483E+02  1.0388E+05  2.5490E+01  5.7479E+01  2.8104E+01  1.5969E+02  5.9254E-10
  0.0000    180.5  2.64413E-01  0.000E+00  3.4483E+02  1.0388E+05  2.5490E+01  5.7479E+01  2.6204E+01  1.1862E+02  4.5858E-10
  0.0000    182.2  2.85284E-01  0.000E+00  3.4483E+02  1.0388E+05  2.5490E+01  5.7479E+01  2.4051E+01  8.3895E+01  3.4650E-10
  0.0000    184.0  3.12602E-01  0.000E+00  3.4483E+02  1.0388E+05  2.5490E+01  5.7479E+01  2.1793E+01  5.5236E+01  2.5499E-10
  0.0000    185.7  3.47423E-01  0.000E+00  3.4483E+02  1.0388E+05  2.5490E+01  5.7479E+01  1.9588E+01  3.2173E+01  1.8215E-10
  0.0000    187.5  3.86601E-01  0.000E+00  3.4483E+02  1.0388E+05  2.5490E+01  5.7479E+01  1.7559E+01  1.3998E+01  1.2559E-10
  0.0000    189.2  4.40234E-01  0.000E+00  3.4483E+02  1.0388E+05  2.5490E+01  5.7479E+01  1.5792E+01  0.0000E+00  8.2344E-11
