  0.220616937       0.00000000       0.00000000    
  1.4000    116.3  2.69657E+02  2.402E+04  1.8227E+03  4.9073E+05  2.0758E+01  1.2555E+01  4.0005E+00  1.4956E+04  3.5738E-08
  1.3000    111.6  2.25541E+02  2.402E+04  1.7258E+03  4.5557E+05  1.9423E+01  1.2562E+01  3.7274E+00  1.3734E+04  3.3357E-08
  1.2000    107.1  1.87806E+02  2.402E+04  1.6281E+03  4.2155E+05  1.8137E+01  1.2570E+01  3.4732E+00  1.2649E+04  3.1237E-08
  1.1000    102.7  1.55651E+02  2.402E+04  1.5300E+03  3.8868E+05  1.6899E+01  1.2577E+01  3.2365E+00  1.1684E+04  2.9343E-08
  1.0000     98.6  1.28368E+02  2.402E+04  1.4318E+03  3.5698E+05  1.5710E+01  1.2585E+01  3.0158E+00  1.0821E+04  2.7648E-08
  0.9000     94.6  1.05318E+02  2.402E+04  1.3338E+03  3.2646E+05  1.4569E+01  1.2592E+01  2.8096E+00  1.0047E+04  2.6128E-08
  0.8000     90.8  8.39232E+01  2.402E+04  1.2362E+03  2.9713E+05  1.3476E+01  1.2600E+01  2.6138E+00  9.3417E+03  2.4815E-08
  0.7000     87.2  6.31129E+01  2.402E+04  1.1395E+03  2.6899E+05  1.2431E+01  1.2607E+01  2.4183E+00  8.6690E+03  2.3701E-08
  0.6000     83.8  4.49574E+01  2.402E+04  1.0439E+03  2.4207E+05  1.1435E+01  1.2615E+01  2.2101E+00  7.9903E+03  2.2654E-08
  0.5000     80.6  3.04607E+01  2.402E+04  9.4970E+02  2.1636E+05  1.0487E+01  1.2623E+01  1.9744E+00  7.2715E+03  2.1542E-08
  0.4000     77.5  1.91328E+01  2.402E+04  8.5729E+02  1.9189E+05  9.5878E+00  1.2630E+01  1.6910E+00  6.4702E+03  2.0276E-08
  0.3000     74.7  1.17370E+01  2.402E+04  7.6695E+02  1.6866E+05  8.7367E+00  1.2638E+01  1.3417E+00  5.5585E+03  1.8591E-08
  0.2000     72.0  7.10625E+00  2.402E+04  6.7900E+02  1.4668E+05  7.9339E+00  1.2645E+01  9.2452E-01  4.5514E+03  1.6448E-08
  0.1000     69.5  4.35908E+00  2.402E+04  5.9376E+02  1.2596E+05  7.1795E+00  1.2653E+01  4.6144E-01  3.5108E+03  1.3934E-08
  0.0000     67.2  2.72573E+00  2.402E+04  5.1153E+02  1.0652E+05  6.4734E+00  1.2660E+01  0.0000E+00  2.5344E+03  1.1321E-08
 -0.1000     65.1  1.75958E+00  2.402E+04  4.3263E+02  8.8369E+04  5.8157E+00  1.2668E+01  4.0493E-01  1.7110E+03  8.9019E-09
 -0.2000     63.1  1.17786E+00  2.402E+04  3.5739E+02  7.1511E+04  5.2063E+00  1.2675E+01  7.1486E-01  1.0837E+03  6.8804E-09
 -0.3000     61.4  8.20107E-01  2.402E+04  2.8610E+02  5.5961E+04  4.6452E+00  1.2683E+01  9.1844E-01  6.4426E+02  5.3113E-09
 -0.4000     59.8  6.01016E-01  2.402E+04  2.1909E+02  4.1729E+04  4.1325E+00  1.2690E+01  1.0290E+00  3.5317E+02  4.1331E-09
 -0.5000     58.4  4.54227E-01  2.402E+04  1.5668E+02  2.8827E+04  3.6681E+00  1.2698E+01  1.0671E+00  1.6742E+02  3.2669E-09
 -0.6000     57.2  3.51137E-01  2.402E+04  9.9173E+01  1.7265E+04  3.2521E+00  1.2705E+01  1.0464E+00  5.5391E+01  2.6399E-09
 -0.7000     56.2  2.76195E-01  2.402E+04  4.6891E+01  7.0534E+03  2.8844E+00  1.2713E+01  9.7737E-01  5.9219E+00  2.1944E-09
 -0.8000     55.4  2.25008E-01  2.402E+04  1.4575E-01  1.7961E+03  2.5651E+00  1.2720E+01  8.7303E-01  3.5559E+01  1.8671E-09
 -0.9000     54.8  1.88452E-01  2.402E+04  4.0746E+01  9.2728E+03  2.2941E+00  1.2728E+01  7.4834E-01  4.8480E+01  1.6140E-09
 -1.0000     54.3  1.61072E-01  2.402E+04  7.5469E+01  1.5366E+04  2.0714E+00  1.2736E+01  6.1363E-01  5.3391E+01  1.4078E-09
 -1.1000     54.0  1.39225E-01  2.402E+04  1.0371E+02  2.0064E+04  1.8971E+00  1.2743E+01  4.7527E-01  5.4871E+01  1.2379E-09
 -1.2000     54.0  1.21896E-01  2.402E+04  1.2515E+02  2.3357E+04  1.7712E+00  1.2751E+01  3.3684E-01  5.5105E+01  1.0890E-09
 -1.3000     54.1  1.07617E-01  2.402E+04  1.3948E+02  2.5234E+04  1.6935E+00  1.2758E+01  1.9983E-01  5.4967E+01  9.5678E-10
 -1.4000     54.3  9.55541E-02  2.402E+04  1.4638E+02  2.5684E+04  1.6643E+00  1.2766E+01  6.4484E-02  5.4660E+01  8.4073E-10
 -1.5000     54.8  8.53084E-02  2.402E+04  1.4553E+02  2.4696E+04  1.6833E+00  1.2773E+01  6.8237E-02  5.4488E+01  7.3958E-10
 -1.6000     55.5  7.65203E-02  2.402E+04  1.3663E+02  2.2258E+04  1.7508E+00  1.2781E+01  1.9739E-01  5.4629E+01  6.4887E-10
 -1.7000     56.3  6.87867E-02  2.402E+04  1.1935E+02  1.8361E+04  1.8665E+00  1.2788E+01  3.2509E-01  5.4650E+01  5.6710E-10
 -1.8000     57.3  6.18510E-02  2.402E+04  9.3384E+01  1.2994E+04  2.0306E+00  1.2796E+01  4.5615E-01  5.3844E+01  4.9577E-10
 -1.9000     58.5  5.57199E-02  2.402E+04  5.8414E+01  6.1443E+03  2.2431E+00  1.2803E+01  5.9421E-01  5.1990E+01  4.3708E-10
 -2.0000     59.9  5.02830E-02  2.402E+04  1.4125E+01  2.1974E+03  2.5039E+00  1.2811E+01  7.4063E-01  4.9309E+01  3.8896E-10
 -2.1000     61.5  4.54387E-02  2.402E+04  3.9799E+01  1.2042E+04  2.8130E+00  1.2818E+01  8.9716E-01  4.5967E+01  3.4974E-10
 -2.2000     63.3  4.11088E-02  2.402E+04  1.0367E+02  2.3402E+04  3.1705E+00  1.2826E+01  1.0656E+00  4.2102E+01  3.1800E-10
 -2.3000     65.2  3.71308E-02  2.402E+04  1.7781E+02  3.6286E+04  3.5763E+00  1.2834E+01  1.2504E+00  3.7670E+01  2.9231E-10
 -2.4000     67.4  3.35212E-02  2.402E+04  2.6252E+02  5.0706E+04  4.0305E+00  1.2841E+01  1.4570E+00  3.2604E+01  2.7316E-10
 -2.5000     69.7  3.02257E-02  2.402E+04  3.5813E+02  6.6673E+04  4.5330E+00  1.2849E+01  1.6906E+00  2.6968E+01  2.5974E-10
 -2.6000     72.2  2.73794E-02  2.402E+04  4.6495E+02  8.4198E+04  5.0838E+00  1.2856E+01  1.9525E+00  2.1059E+01  2.5188E-10
 -2.7000     74.9  2.47215E-02  2.402E+04  5.8330E+02  1.0329E+05  5.6830E+00  1.2864E+01  2.2461E+00  1.5041E+01  2.4662E-10
 -2.8000     77.8  2.22926E-02  2.402E+04  7.1348E+02  1.2396E+05  6.3306E+00  1.2871E+01  2.5797E+00  8.8325E+00  2.4460E-10
 -2.9000     80.8  1.99735E-02  2.402E+04  8.5582E+02  1.4623E+05  7.0265E+00  1.2879E+01  2.9645E+00  2.3401E+00  2.4531E-10
 -3.0000     84.1  1.78171E-02  2.402E+04  1.0106E+03  1.7009E+05  7.7707E+00  1.2886E+01  3.4151E+00  4.5386E+00  2.4947E-10
 -3.1000     87.5  1.57998E-02  2.402E+04  1.1782E+03  1.9557E+05  8.5633E+00  1.2894E+01  3.9472E+00  1.1812E+01  2.5692E-10
 -3.2000     91.1  1.39031E-02  2.402E+04  1.3589E+03  2.2267E+05  9.4042E+00  1.2901E+01  4.5809E+00  1.9502E+01  2.6760E-10
 -3.3000     94.9  1.21086E-02  2.402E+04  1.5530E+03  2.5140E+05  1.0293E+01  1.2909E+01  5.3419E+00  2.7642E+01  2.8151E-10
 -3.4000     98.9  1.04001E-02  2.402E+04  1.7609E+03  2.8178E+05  1.1231E+01  1.2916E+01  6.2640E+00  3.6284E+01  2.9873E-10
 -3.5000    103.1  8.84898E-03  2.402E+04  1.9827E+03  3.1381E+05  1.2217E+01  1.2924E+01  7.3858E+00  4.5402E+01  3.1967E-10
 -3.6000    107.4  7.27148E-03  2.402E+04  2.2190E+03  3.4751E+05  1.3251E+01  1.2931E+01  8.7663E+00  5.5089E+01  3.4353E-10
 -3.7000    112.0  5.63154E-03  2.402E+04  2.4699E+03  3.8289E+05  1.4334E+01  1.2939E+01  1.0504E+01  6.5666E+01  3.7137E-10
 -3.8000    116.7  3.89205E-03  2.402E+04  2.7358E+03  4.1996E+05  1.5465E+01  1.2947E+01  1.2749E+01  7.7527E+01  4.0458E-10
 -3.9000    121.6  2.09528E-03  2.402E+04  3.0170E+03  4.5872E+05  1.6644E+01  1.2954E+01  1.5722E+01  9.1094E+01  4.4528E-10
 -4.0000    126.7  0.00000E+00  2.402E+04  3.3139E+03  4.9920E+05  1.7872E+01  1.2962E+01  1.9809E+01  1.0706E+02  4.9465E-10
