   0.00000000       2.36621797E-02   0.00000000    
  0.0000   2707.6  1.17595E+04  0.000E+00  3.7933E+02  6.2431E+04  8.4570E+00  2.9177E+01  3.6217E+01  8.3781E+04  5.0403E-07
  0.0000   2215.3  8.80462E+03  0.000E+00  3.7933E+02  6.2431E+04  8.4570E+00  2.9177E+01  4.7074E+01  5.7638E+04  4.2417E-07
  0.0000   1784.9  6.33701E+03  0.000E+00  3.7933E+02  6.2431E+04  8.4570E+00  2.9177E+01  5.3891E+01  4.0812E+04  3.7095E-07
  0.0000   1412.5  4.36903E+03  0.000E+00  3.7933E+02  6.2431E+04  8.4570E+00  2.9177E+01  5.7882E+01  2.9524E+04  3.3382E-07
  0.0000   1094.0  2.87313E+03  0.000E+00  3.7933E+02  6.2431E+04  8.4570E+00  2.9177E+01  5.9842E+01  2.1720E+04  3.0711E-07
  0.0000    825.6  1.79302E+03  0.000E+00  3.7933E+02  6.2431E+04  8.4570E+00  2.9177E+01  6.0294E+01  1.6221E+04  2.8756E-07
  0.0000    603.2  1.03251E+03  0.000E+00  3.7933E+02  6.2431E+04  8.4570E+00  2.9177E+01  5.9578E+01  1.2279E+04  2.7380E-07
  0.0000    423.0  5.28937E+02  0.000E+00  3.7933E+02  6.2431E+04  8.4570E+00  2.9177E+01  5.7863E+01  9.3665E+03  2.6487E-07
  0.0000    280.8  2.38009E+02  0.000E+00  3.7933E+02  6.2431E+04  8.4570E+00  2.9177E+01  5.5149E+01  7.1555E+03  2.5918E-07
  0.0000    172.9  9.21749E+01  0.000E+00  3.7933E+02  6.2431E+04  8.4570E+00  2.9177E+01  5.1284E+01  5.4782E+03  2.5548E-07
  0.0000     95.1  2.86640E+01  0.000E+00  3.7933E+02  6.2431E+04  8.4570E+00  2.9177E+01  4.5885E+01  4.2514E+03  2.5316E-07
  0.0000     43.6  6.81152E+00  0.000E+00  3.7933E+02  6.2431E+04  8.4570E+00  2.9177E+01  3.8397E+01  3.4651E+03  2.4959E-07
  0.0000     14.3  8.45013E-01  0.000E+00  3.7933E+02  6.2431E+04  8.4570E+00  2.9177E+01  2.8282E+01  3.1262E+03  2.4339E-07
  0.0000      3.3  1.89098E-01  0.000E+00  3.7933E+02  6.2431E+04  8.4570E+00  2.9177E+01  1.5343E+01  3.1335E+03  2.3320E-07
  0.0000      6.7  1.13390E-01  0.000E+00  3.7933E+02  6.2431E+04  8.4570E+00  2.9177E+01  0.0000E+00  3.2898E+03  2.1908E-07
  0.0000     20.5  6.13155E-02  0.000E+00  3.7933E+02  6.2431E+04  8.4570E+00  2.9177E+01  1.6964E+01  3.4609E+03  2.0209E-07
  0.0000     40.7  1.85324E-01  0.000E+00  3.7933E+02  6.2431E+04  8.4570E+00  2.9177E+01  3.4941E+01  3.6438E+03  1.8376E-07
  0.0000     63.3  2.69917E-01  0.000E+00  3.7933E+02  6.2431E+04  8.4570E+00  2.9177E+01  5.3736E+01  3.8708E+03  1.6510E-07
  0.0000     84.4  3.28348E-01  0.000E+00  3.7933E+02  6.2431E+04  8.4570E+00  2.9177E+01  7.3429E+01  4.1401E+03  1.4645E-07
  0.0000    100.8  3.72828E-01  0.000E+00  3.7933E+02  6.2431E+04  8.4570E+00  2.9177E+01  9.4178E+01  4.4143E+03  1.2835E-07
  0.0000    112.7  4.41213E-01  0.000E+00  3.7933E+02  6.2431E+04  8.4570E+00  2.9177E+01  1.1599E+02  4.6251E+03  1.1136E-07
  0.0000    120.9  5.57163E-01  0.000E+00  3.7933E+02  6.2431E+04  8.4570E+00  2.9177E+01  1.3857E+02  4.6928E+03  9.5915E-08
  0.0000    126.3  7.47270E-01  0.000E+00  3.7933E+02  6.2431E+04  8.4570E+00  2.9177E+01  1.6113E+02  4.5617E+03  8.2086E-08
  0.0000    130.0  9.90903E-01  0.000E+00  3.7933E+02  6.2431E+04  8.4570E+00  2.9177E+01  1.8263E+02  4.2431E+03  7.0185E-08
  0.0000    132.7  1.25129E+00  0.000E+00  3.7933E+02  6.2431E+04  8.4570E+00  2.9177E+01  2.0221E+02  3.8174E+03  6.0385E-08
  0.0000    135.4  1.45095E+00  0.000E+00  3.7933E+02  6.2431E+04  8.4570E+00  2.9177E+01  2.1961E+02  3.3701E+03  5.2661E-08
  0.0000    139.0  1.58435E+00  0.000E+00  3.7933E+02  6.2431E+04  8.4570E+00  2.9177E+01  2.3507E+02  2.9463E+03  4.6568E-08
  0.0000    144.5  1.61183E+00  0.000E+00  3.7933E+02  6.2431E+04  8.4570E+00  2.9177E+01  2.4901E+02  2.5525E+03  4.1741E-08
  0.0000    152.2  1.48995E+00  0.000E+00  3.7933E+02  6.2431E+04  8.4570E+00  2.9177E+01  2.6206E+02  2.1779E+03  3.7815E-08
  0.0000    161.2  1.23718E+00  0.000E+00  3.7933E+02  6.2431E+04  8.4570E+00  2.9177E+01  2.7501E+02  1.8117E+03  3.4382E-08
  0.0000    169.7  9.38800E-01  0.000E+00  3.7933E+02  6.2431E+04  8.4570E+00  2.9177E+01  2.8858E+02  1.4587E+03  3.1108E-08
  0.0000    176.1  6.66827E-01  0.000E+00  3.7933E+02  6.2431E+04  8.4570E+00  2.9177E+01  3.0343E+02  1.1416E+03  2.7845E-08
  0.0000    179.0  4.53095E-01  0.000E+00  3.7933E+02  6.2431E+04  8.4570E+00  2.9177E+01  3.2009E+02  8.8890E+02  2.4596E-08
  0.0000    176.8  2.93136E-01  0.000E+00  3.7933E+02  6.2431E+04  8.4570E+00  2.9177E+01  3.3913E+02  7.1942E+02  2.1446E-08
  0.0000    167.7  1.85531E-01  0.000E+00  3.7933E+02  6.2431E+04  8.4570E+00  2.9177E+01  3.6112E+02  6.3107E+02  1.8404E-08
  0.0000    150.4  1.16774E-01  0.000E+00  3.7933E+02  6.2431E+04  8.4570E+00  2.9177E+01  3.8683E+02  6.0137E+02  1.5446E-08
  0.0000    123.1  7.22604E-02  0.000E+00  3.7933E+02  6.2431E+04  8.4570E+00  2.9177E+01  4.1765E+02  6.0158E+02  1.2541E-08
  0.0000     88.4  4.16642E-02  0.000E+00  3.7933E+02  6.2431E+04  8.4570E+00  2.9177E+01  4.5596E+02  6.1099E+02  9.7342E-09
  0.0000     65.3  2.07966E-02  0.000E+00  3.7933E+02  6.2431E+04  8.4570E+00  2.9177E+01  5.0487E+02  6.2644E+02  7.2679E-09
  0.0000     76.8  4.04880E-02  0.000E+00  3.7933E+02  6.2431E+04  8.4570E+00  2.9177E+01  5.6470E+02  6.3762E+02  5.3481E-09
  0.0000    146.1  2.39317E-01  0.000E+00  3.7933E+02  6.2431E+04  8.4570E+00  2.9177E+01  6.2726E+02  6.0814E+02  3.9817E-09
  0.0000    296.2  1.15095E+00  0.000E+00  3.7933E+02  6.2431E+04  8.4570E+00  2.9177E+01  6.7546E+02  5.1928E+02  3.0284E-09
  0.0000    550.2  4.71005E+00  0.000E+00  3.7933E+02  6.2431E+04  8.4570E+00  2.9177E+01  6.9762E+02  3.9869E+02  2.3905E-09
  0.0000    931.1  1.74640E+01  0.000E+00  3.7933E+02  6.2431E+04  8.4570E+00  2.9177E+01  6.9929E+02  2.8808E+02  1.9928E-09
  0.0000   1462.1  5.76922E+01  0.000E+00  3.7933E+02  6.2431E+04  8.4570E+00  2.9177E+01  6.9325E+02  2.0826E+02  1.7695E-09
  0.0000   2166.2  1.58107E+02  0.000E+00  3.7933E+02  6.2431E+04  8.4570E+00  2.9177E+01  6.8708E+02  1.5769E+02  1.6579E-09
  0.0000   3066.6  3.06439E+02  0.000E+00  3.7933E+02  6.2431E+04  8.4570E+00  2.9177E+01  6.8264E+02  1.2685E+02  1.6134E-09
  0.0000   4186.2  3.90121E+02  0.000E+00  3.7933E+02  6.2431E+04  8.4570E+00  2.9177E+01  6.7965E+02  1.0740E+02  1.6096E-09
  0.0000   5548.1  4.08455E+02  0.000E+00  3.7933E+02  6.2431E+04  8.4570E+00  2.9177E+01  6.7758E+02  9.4134E+01  1.6335E-09
  0.0000   7175.6  4.15238E+02  0.000E+00  3.7933E+02  6.2431E+04  8.4570E+00  2.9177E+01  6.7603E+02  8.3971E+01  1.6810E-09
  0.0000   9091.5  4.29896E+02  0.000E+00  3.7933E+02  6.2431E+04  8.4570E+00  2.9177E+01  6.7472E+02  7.4996E+01  1.7489E-09
  0.0000  11319.0  4.40079E+02  0.000E+00  3.7933E+02  6.2431E+04  8.4570E+00  2.9177E+01  6.7342E+02  6.5701E+01  1.8395E-09
  0.0000  13881.3  4.45155E+02  0.000E+00  3.7933E+02  6.2431E+04  8.4570E+00  2.9177E+01  6.7186E+02  5.4132E+01  1.9574E-09
  0.0000  16801.2  4.48368E+02  0.000E+00  3.7933E+02  6.2431E+04  8.4570E+00  2.9177E+01  6.6947E+02  3.6183E+01  2.1077E-09
  0.0000  20102.0  4.49827E+02  0.000E+00  3.7933E+02  6.2431E+04  8.4570E+00  2.9177E+01  6.6466E+02  0.0000E+00  2.2745E-09
