   7.24636316E-02   0.00000000       0.00000000    
  1.4000    970.6  1.13293E+03  1.123E+04  8.8956E+02  1.2559E+05  1.1886E+01  6.2696E+00  1.5849E+00  3.0481E+03  1.0165E-08
  1.3000    795.6  5.25305E+03  1.123E+04  8.2942E+02  1.1600E+05  1.1114E+01  6.2541E+00  1.6709E+00  3.0612E+03  1.5396E-08
  1.2000    642.4  1.07092E+04  1.123E+04  7.7134E+02  1.0682E+05  1.0358E+01  6.2386E+00  1.6870E+00  3.0507E+03  2.3630E-08
  1.1000    509.4  1.08466E+04  1.123E+04  7.1533E+02  9.8056E+04  9.6185E+00  6.2231E+00  1.6525E+00  3.0087E+03  2.6948E-08
  1.0000    395.4  6.49360E+03  1.123E+04  6.6138E+02  8.9704E+04  8.8963E+00  6.2076E+00  1.5646E+00  2.9140E+03  2.3524E-08
  0.9000    298.9  2.95093E+03  1.123E+04  6.0950E+02  8.1758E+04  8.1927E+00  6.1921E+00  1.4116E+00  2.7361E+03  1.9014E-08
  0.8000    218.6  1.14394E+03  1.123E+04  5.5969E+02  7.4212E+04  7.5085E+00  6.1766E+00  1.1921E+00  2.4546E+03  1.5387E-08
  0.7000    153.1  3.92075E+02  1.123E+04  5.1195E+02  6.7061E+04  6.8447E+00  6.1611E+00  9.2111E-01  2.0712E+03  1.2395E-08
  0.6000    101.0  1.21291E+02  1.123E+04  4.6628E+02  6.0298E+04  6.2023E+00  6.1456E+00  6.1959E-01  1.6065E+03  9.5440E-09
  0.5000     61.0  3.39006E+01  1.123E+04  4.2269E+02  5.3920E+04  5.5822E+00  6.1301E+00  3.1334E-01  1.1023E+03  6.6551E-09
  0.4000     31.7  8.01036E+00  1.123E+04  3.8117E+02  4.7921E+04  4.9855E+00  6.1146E+00  4.1626E-02  6.3391E+02  3.9175E-09
  0.3000     11.7  1.40553E+00  1.123E+04  3.4173E+02  4.2296E+04  4.4130E+00  6.0991E+00  1.3624E-01  3.1464E+02  1.7367E-09
  0.2000      0.3  4.63753E-02  1.123E+04  3.0436E+02  3.7038E+04  3.8658E+00  6.0836E+00  1.7885E-01  2.1827E+02  5.4104E-10
  0.1000      5.8  2.49176E-01  1.123E+04  2.6908E+02  3.2144E+04  3.3448E+00  6.0681E+00  1.1272E-01  2.8816E+02  3.1076E-10
  0.0000      6.0  1.92822E-01  1.123E+04  2.3588E+02  2.7607E+04  2.8510E+00  6.0526E+00  0.0000E+00  4.0544E+02  6.6251E-10
 -0.1000      2.4  9.22318E-02  1.123E+04  2.0476E+02  2.3423E+04  2.3852E+00  6.0371E+00  1.1893E-01  4.9703E+02  1.2177E-09
 -0.2000      3.6  1.69802E-02  1.123E+04  1.7573E+02  1.9586E+04  1.9486E+00  6.0216E+00  2.2639E-01  5.4017E+02  1.7346E-09
 -0.3000     10.7  1.24784E-01  1.123E+04  1.4878E+02  1.6092E+04  1.5420E+00  6.0061E+00  3.0626E-01  5.2954E+02  2.0734E-09
 -0.4000     17.6  2.14931E-01  1.123E+04  1.2392E+02  1.2934E+04  1.1665E+00  5.9906E+00  3.4174E-01  4.6821E+02  2.1722E-09
 -0.5000     23.0  2.59907E-01  1.123E+04  1.0115E+02  1.0107E+04  8.2289E-01  5.9751E+00  3.2939E-01  3.7160E+02  2.0561E-09
 -0.6000     27.0  2.57847E-01  1.123E+04  8.0471E+01  7.6062E+03  5.1225E-01  5.9596E+00  2.8542E-01  2.6352E+02  1.8192E-09
 -0.7000     29.7  2.21622E-01  1.123E+04  6.1886E+01  5.4266E+03  2.3553E-01  5.9440E+00  2.3939E-01  1.6695E+02  1.5533E-09
 -0.8000     31.3  1.76824E-01  1.123E+04  4.5394E+01  3.5625E+03  6.3248E-03  5.9286E+00  2.2011E-01  9.6562E+01  1.3142E-09
 -0.9000     32.0  1.35680E-01  1.123E+04  3.0999E+01  2.0088E+03  2.1235E-01  5.9130E+00  2.4431E-01  5.5730E+01  1.1294E-09
 -1.0000     31.9  1.03539E-01  1.123E+04  1.8701E+01  7.6025E+02  3.8157E-01  5.8975E+00  3.1522E-01  3.9805E+01  1.0003E-09
 -1.1000     31.3  7.98378E-02  1.123E+04  8.5026E+00  1.8850E+02  5.1303E-01  5.8820E+00  4.2506E-01  4.0355E+01  9.1708E-10
 -1.2000     30.3  6.40943E-02  1.123E+04  4.0472E-01  8.4269E+02  6.0577E-01  5.8665E+00  5.5830E-01  4.8375E+01  8.5660E-10
 -1.3000     29.2  5.30486E-02  1.123E+04  5.5909E+00  1.2076E+03  6.5883E-01  5.8510E+00  6.9923E-01  5.7254E+01  8.0340E-10
 -1.4000     28.0  4.47036E-02  1.123E+04  9.4827E+00  1.2885E+03  6.7123E-01  5.8355E+00  8.3890E-01  6.4178E+01  7.5219E-10
 -1.5000     26.9  3.80526E-02  1.123E+04  1.1269E+01  1.0906E+03  6.4202E-01  5.8200E+00  9.7231E-01  6.8246E+01  7.0065E-10
 -1.6000     25.8  3.24267E-02  1.123E+04  1.0948E+01  6.1925E+02  5.7024E-01  5.8045E+00  1.0981E+00  6.9715E+01  6.4711E-10
 -1.7000     24.7  2.74442E-02  1.123E+04  8.5189E+00  1.2031E+02  4.5492E-01  5.7890E+00  1.2202E+00  6.9793E+01  5.9380E-10
 -1.8000     23.8  2.29528E-02  1.123E+04  3.9794E+00  1.1229E+03  2.9509E-01  5.7735E+00  1.3467E+00  7.0023E+01  5.4579E-10
 -1.9000     23.0  1.89868E-02  1.123E+04  2.6719E+00  2.3831E+03  8.9806E-02  5.7580E+00  1.4866E+00  7.1461E+01  5.0825E-10
 -2.0000     22.3  1.54242E-02  1.123E+04  1.1437E+01  3.8957E+03  1.6192E-01  5.7425E+00  1.6493E+00  7.4678E+01  4.8242E-10
 -2.1000     21.8  1.21186E-02  1.123E+04  2.2316E+01  5.6555E+03  4.6102E-01  5.7270E+00  1.8470E+00  8.0131E+01  4.6905E-10
 -2.2000     21.4  8.92448E-03  1.123E+04  3.5313E+01  7.6572E+03  8.0849E-01  5.7115E+00  2.0951E+00  8.8152E+01  4.6827E-10
 -2.3000     21.3  5.67257E-03  1.123E+04  5.0427E+01  9.8955E+03  1.2053E+00  5.6960E+00  2.4148E+00  9.9047E+01  4.7957E-10
 -2.4000     21.7  2.52354E-03  1.123E+04  6.7661E+01  1.2365E+04  1.6523E+00  5.6805E+00  2.8329E+00  1.1295E+02  5.0409E-10
 -2.5000     22.6  2.67029E-04  1.123E+04  8.7016E+01  1.5061E+04  2.1507E+00  5.6650E+00  3.3810E+00  1.2965E+02  5.4076E-10
 -2.6000     24.4  2.27588E-03  1.123E+04  1.0849E+02  1.7977E+04  2.7012E+00  5.6495E+00  4.0919E+00  1.4857E+02  5.8844E-10
 -2.7000     27.2  2.97874E-03  1.123E+04  1.3210E+02  2.1109E+04  3.3048E+00  5.6340E+00  4.9905E+00  1.6847E+02  6.4047E-10
 -2.8000     31.2  1.78319E-03  1.123E+04  1.5783E+02  2.4452E+04  3.9627E+00  5.6185E+00  6.0768E+00  1.8735E+02  6.9092E-10
 -2.9000     36.7  1.88887E-03  1.123E+04  1.8568E+02  2.7999E+04  4.6756E+00  5.6030E+00  7.3071E+00  2.0272E+02  7.3141E-10
 -3.0000     43.8  7.70175E-03  1.123E+04  2.1567E+02  3.1746E+04  5.4446E+00  5.5875E+00  8.6063E+00  2.1272E+02  7.5778E-10
 -3.1000     52.8  1.49824E-02  1.123E+04  2.4778E+02  3.5688E+04  6.2706E+00  5.5720E+00  9.9016E+00  2.1695E+02  7.6974E-10
 -3.2000     63.8  2.25381E-02  1.123E+04  2.8203E+02  3.9819E+04  7.1545E+00  5.5565E+00  1.1148E+01  2.1608E+02  7.7028E-10
 -3.3000     77.1  2.86019E-02  1.123E+04  3.1842E+02  4.4133E+04  8.0975E+00  5.5410E+00  1.2342E+01  2.1142E+02  7.6391E-10
 -3.4000     92.9  3.10386E-02  1.123E+04  3.5693E+02  4.8627E+04  9.1003E+00  5.5255E+00  1.3548E+01  2.0467E+02  7.5609E-10
 -3.5000    111.3  2.71247E-02  1.123E+04  3.9759E+02  5.3294E+04  1.0164E+01  5.5100E+00  1.4960E+01  1.9865E+02  7.5654E-10
 -3.6000    132.7  1.78924E-02  1.123E+04  4.4038E+02  5.8129E+04  1.1290E+01  5.4945E+00  1.6993E+01  1.9797E+02  7.7873E-10
 -3.7000    157.1  5.28932E-03  1.123E+04  4.8532E+02  6.3127E+04  1.2478E+01  5.4790E+00  2.0357E+01  2.0898E+02  8.4592E-10
 -3.8000    184.8  5.26939E-03  1.123E+04  5.3239E+02  6.8282E+04  1.3730E+01  5.4635E+00  2.5813E+01  2.3617E+02  9.8024E-10
 -3.9000    216.0  7.10257E-03  1.123E+04  5.8161E+02  7.3590E+04  1.5047E+01  5.4480E+00  3.3355E+01  2.7483E+02  1.1804E-09
 -4.0000    250.9  0.00000E+00  1.123E+04  6.3298E+02  7.9045E+04  1.6430E+01  5.4325E+00  4.1955E+01  3.1168E+02  1.4122E-09
