   0.00000000       0.00000000      0.818351746    
  1.4000    884.0  2.04078E+03  3.508E+06  1.1823E+02  6.0534E+04  5.0070E+00  8.3426E+00  2.9950E+01  7.3205E+04  1.9128E-07
  1.3000    812.8  1.68458E+03  3.508E+06  1.1823E+02  6.0233E+04  5.0070E+00  8.3426E+00  2.5868E+01  6.2494E+04  1.6643E-07
  1.2000    745.0  1.37890E+03  3.508E+06  1.1823E+02  5.9932E+04  5.0070E+00  8.3426E+00  2.2301E+01  5.3691E+04  1.4565E-07
  1.1000    680.5  1.11830E+03  3.508E+06  1.1824E+02  5.9631E+04  5.0070E+00  8.3426E+00  1.9211E+01  4.6454E+04  1.2823E-07
  1.0000    619.4  8.98169E+02  3.508E+06  1.1824E+02  5.9330E+04  5.0070E+00  8.3426E+00  1.6558E+01  4.0501E+04  1.1360E-07
  0.9000    561.6  7.13692E+02  3.508E+06  1.1824E+02  5.9029E+04  5.0070E+00  8.3426E+00  1.4301E+01  3.5603E+04  1.0127E-07
  0.8000    507.0  5.47975E+02  3.508E+06  1.1824E+02  5.8728E+04  5.0070E+00  8.3426E+00  1.2377E+01  3.1528E+04  9.1074E-08
  0.7000    455.5  3.95475E+02  3.508E+06  1.1825E+02  5.8427E+04  5.0070E+00  8.3426E+00  1.0690E+01  2.8008E+04  8.2623E-08
  0.6000    407.2  2.69305E+02  3.508E+06  1.1825E+02  5.8126E+04  5.0070E+00  8.3426E+00  9.1428E+00  2.4816E+04  7.5166E-08
  0.5000    361.9  1.73844E+02  3.508E+06  1.1825E+02  5.7824E+04  5.0070E+00  8.3426E+00  7.6643E+00  2.1797E+04  6.8153E-08
  0.4000    319.7  1.03855E+02  3.508E+06  1.1825E+02  5.7523E+04  5.0070E+00  8.3426E+00  6.1784E+00  1.8809E+04  6.1293E-08
  0.3000    280.4  6.03760E+01  3.508E+06  1.1825E+02  5.7222E+04  5.0070E+00  8.3426E+00  4.6366E+00  1.5782E+04  5.3858E-08
  0.2000    244.0  3.45003E+01  3.508E+06  1.1826E+02  5.6921E+04  5.0070E+00  8.3426E+00  3.0497E+00  1.2766E+04  4.5885E-08
  0.1000    210.6  1.98552E+01  3.508E+06  1.1826E+02  5.6620E+04  5.0070E+00  8.3426E+00  1.4742E+00  9.8903E+03  3.7632E-08
  0.0000    179.9  1.15599E+01  3.508E+06  1.1826E+02  5.6319E+04  5.0070E+00  8.3426E+00  0.0000E+00  7.3192E+03  2.9677E-08
 -0.1000    152.0  6.85253E+00  3.508E+06  1.1826E+02  5.6018E+04  5.0070E+00  8.3426E+00  1.2865E+00  5.1805E+03  2.2548E-08
 -0.2000    126.8  4.12259E+00  3.508E+06  1.1827E+02  5.5717E+04  5.0070E+00  8.3426E+00  2.3296E+00  3.5253E+03  1.6600E-08
 -0.3000    104.3  2.50165E+00  3.508E+06  1.1827E+02  5.5416E+04  5.0070E+00  8.3426E+00  3.1147E+00  2.3260E+03  1.1934E-08
 -0.4000     84.4  1.53967E+00  3.508E+06  1.1827E+02  5.5115E+04  5.0070E+00  8.3426E+00  3.6640E+00  1.5051E+03  8.4347E-09
 -0.5000     67.0  9.39116E-01  3.508E+06  1.1827E+02  5.4814E+04  5.0070E+00  8.3426E+00  4.0157E+00  9.7141E+02  5.9241E-09
 -0.6000     52.2  5.58855E-01  3.508E+06  1.1828E+02  5.4512E+04  5.0070E+00  8.3426E+00  4.2042E+00  6.4491E+02  4.1921E-09
 -0.7000     39.8  3.18508E-01  3.508E+06  1.1828E+02  5.4211E+04  5.0070E+00  8.3426E+00  4.2578E+00  4.6257E+02  3.0521E-09
 -0.8000     29.9  1.77753E-01  3.508E+06  1.1828E+02  5.3910E+04  5.0070E+00  8.3426E+00  4.2064E+00  3.7389E+02  2.3333E-09
 -0.9000     22.3  9.64346E-02  3.508E+06  1.1828E+02  5.3609E+04  5.0070E+00  8.3426E+00  4.0797E+00  3.4027E+02  1.9061E-09
 -1.0000     17.0  5.03473E-02  3.508E+06  1.1829E+02  5.3308E+04  5.0070E+00  8.3426E+00  3.8952E+00  3.3758E+02  1.6786E-09
 -1.1000     14.0  2.41966E-02  3.508E+06  1.1829E+02  5.3007E+04  5.0070E+00  8.3426E+00  3.6568E+00  3.5271E+02  1.5940E-09
 -1.2000     13.2  1.14408E-02  3.508E+06  1.1829E+02  5.2706E+04  5.0070E+00  8.3426E+00  3.3593E+00  3.7879E+02  1.6076E-09
 -1.3000     14.6  6.60110E-03  3.508E+06  1.1829E+02  5.2405E+04  5.0070E+00  8.3426E+00  2.9922E+00  4.1186E+02  1.6901E-09
 -1.4000     18.1  6.24251E-03  3.508E+06  1.1830E+02  5.2104E+04  5.0070E+00  8.3426E+00  2.5374E+00  4.5037E+02  1.8236E-09
 -1.5000     23.6  8.01706E-03  3.508E+06  1.1830E+02  5.1803E+04  5.0070E+00  8.3426E+00  1.9685E+00  4.9430E+02  1.9980E-09
 -1.6000     31.2  1.09661E-02  3.508E+06  1.1830E+02  5.1501E+04  5.0070E+00  8.3426E+00  1.2517E+00  5.4413E+02  2.2029E-09
 -1.7000     40.7  1.49512E-02  3.508E+06  1.1830E+02  5.1200E+04  5.0070E+00  8.3426E+00  3.4952E-01  5.9960E+02  2.4268E-09
 -1.8000     52.1  2.02763E-02  3.508E+06  1.1831E+02  5.0899E+04  5.0070E+00  8.3426E+00  7.7530E-01  6.5930E+02  2.6582E-09
 -1.9000     65.3  2.59166E-02  3.508E+06  1.1831E+02  5.0598E+04  5.0070E+00  8.3426E+00  2.1645E+00  7.2169E+02  2.8933E-09
 -2.0000     80.4  3.18196E-02  3.508E+06  1.1831E+02  5.0297E+04  5.0070E+00  8.3426E+00  3.8674E+00  7.8562E+02  3.1258E-09
 -2.1000     97.3  3.81422E-02  3.508E+06  1.1831E+02  4.9996E+04  5.0070E+00  8.3426E+00  5.9378E+00  8.4952E+02  3.3489E-09
 -2.2000    115.8  4.50413E-02  3.508E+06  1.1831E+02  4.9695E+04  5.0070E+00  8.3426E+00  8.4322E+00  9.1147E+02  3.5554E-09
 -2.3000    136.0  5.51194E-02  3.508E+06  1.1832E+02  4.9394E+04  5.0070E+00  8.3426E+00  1.1384E+01  9.6773E+02  3.7288E-09
 -2.4000    157.8  6.72756E-02  3.508E+06  1.1832E+02  4.9093E+04  5.0070E+00  8.3426E+00  1.4804E+01  1.0139E+03  3.8598E-09
 -2.5000    181.2  8.19131E-02  3.508E+06  1.1832E+02  4.8792E+04  5.0070E+00  8.3426E+00  1.8686E+01  1.0464E+03  3.9385E-09
 -2.6000    206.0  9.29663E-02  3.508E+06  1.1832E+02  4.8490E+04  5.0070E+00  8.3426E+00  2.3080E+01  1.0655E+03  3.9749E-09
 -2.7000    232.3  1.08596E-01  3.508E+06  1.1833E+02  4.8189E+04  5.0070E+00  8.3426E+00  2.8000E+01  1.0704E+03  3.9546E-09
 -2.8000    260.1  1.26440E-01  3.508E+06  1.1833E+02  4.7888E+04  5.0070E+00  8.3426E+00  3.3362E+01  1.0580E+03  3.8739E-09
 -2.9000    289.1  1.50264E-01  3.508E+06  1.1833E+02  4.7587E+04  5.0070E+00  8.3426E+00  3.8995E+01  1.0262E+03  3.7241E-09
 -3.0000    319.5  1.77275E-01  3.508E+06  1.1833E+02  4.7286E+04  5.0070E+00  8.3426E+00  4.4636E+01  9.7403E+02  3.5093E-09
 -3.1000    351.2  2.07886E-01  3.508E+06  1.1834E+02  4.6985E+04  5.0070E+00  8.3426E+00  4.9987E+01  9.0322E+02  3.2370E-09
 -3.2000    384.0  2.42545E-01  3.508E+06  1.1834E+02  4.6684E+04  5.0070E+00  8.3426E+00  5.4667E+01  8.1649E+02  2.9179E-09
 -3.3000    418.0  2.82422E-01  3.508E+06  1.1834E+02  4.6383E+04  5.0070E+00  8.3426E+00  5.8218E+01  7.1735E+02  2.5647E-09
 -3.4000    453.1  3.28883E-01  3.508E+06  1.1834E+02  4.6082E+04  5.0070E+00  8.3426E+00  6.0125E+01  6.0973E+02  2.1910E-09
 -3.5000    489.2  3.78741E-01  3.508E+06  1.1835E+02  4.5781E+04  5.0070E+00  8.3426E+00  5.9887E+01  4.9759E+02  1.8120E-09
 -3.6000    526.3  4.44934E-01  3.508E+06  1.1835E+02  4.5479E+04  5.0070E+00  8.3426E+00  5.7008E+01  3.8469E+02  1.4356E-09
 -3.7000    564.4  5.33534E-01  3.508E+06  1.1835E+02  4.5178E+04  5.0070E+00  8.3426E+00  5.1109E+01  2.7494E+02  1.0756E-09
 -3.8000    603.4  6.53115E-01  3.508E+06  1.1835E+02  4.4877E+04  5.0070E+00  8.3426E+00  4.2169E+01  1.7232E+02  7.4524E-10
 -3.9000    643.3  8.05357E-01  3.508E+06  1.1836E+02  4.4576E+04  5.0070E+00  8.3426E+00  3.0562E+01  7.9881E+01  4.5458E-10
 -4.0000    683.9  1.02392E+00  3.508E+06  1.1836E+02  4.4275E+04  5.0070E+00  8.3426E+00  1.7105E+01  0.0000E+00  2.0885E-10
