   0.00000000       0.00000000      0.647102356    
  1.4000   3608.1  4.26655E+04  6.758E+04  8.8494E+01  4.6252E+04  7.9022E+00  6.1485E+00  3.8789E+01  6.1751E+04  2.2204E-07
  1.3000   2956.2  2.68530E+04  6.758E+04  8.8295E+01  4.5991E+04  7.8725E+00  6.1485E+00  3.2456E+01  5.2717E+04  1.9750E-07
  1.2000   2385.5  1.57736E+04  6.758E+04  8.8097E+01  4.5730E+04  7.8427E+00  6.1485E+00  2.6321E+01  4.3940E+04  1.7163E-07
  1.1000   1891.0  8.86131E+03  6.758E+04  8.7898E+01  4.5469E+04  7.8130E+00  6.1485E+00  2.0596E+01  3.5705E+04  1.4534E-07
  1.0000   1467.4  4.83868E+03  6.758E+04  8.7699E+01  4.5208E+04  7.7832E+00  6.1485E+00  1.5473E+01  2.8282E+04  1.1963E-07
  0.9000   1109.5  2.58983E+03  6.758E+04  8.7500E+01  4.4947E+04  7.7535E+00  6.1485E+00  1.1095E+01  2.1885E+04  9.5514E-08
  0.8000    812.2  1.33329E+03  6.758E+04  8.7301E+01  4.4686E+04  7.7238E+00  6.1485E+00  7.5013E+00  1.6588E+04  7.4051E-08
  0.7000    570.3  6.38561E+02  6.758E+04  8.7103E+01  4.4425E+04  7.6940E+00  6.1485E+00  4.6249E+00  1.2300E+04  5.5650E-08
  0.6000    378.5  2.81197E+02  6.758E+04  8.6904E+01  4.4164E+04  7.6643E+00  6.1485E+00  2.3781E+00  8.9020E+03  4.0136E-08
  0.5000    231.7  1.11452E+02  6.758E+04  8.6705E+01  4.3903E+04  7.6346E+00  6.1485E+00  7.1383E-01  6.3372E+03  2.7541E-08
  0.4000    124.8  3.67719E+01  6.758E+04  8.6506E+01  4.3642E+04  7.6048E+00  6.1485E+00  3.9729E-01  4.5597E+03  1.8055E-08
  0.3000     52.5  9.14616E+00  6.758E+04  8.6308E+01  4.3381E+04  7.5751E+00  6.1485E+00  9.6254E-01  3.5389E+03  1.1670E-08
  0.2000      9.6  4.76753E-01  6.758E+04  8.6109E+01  4.3120E+04  7.5453E+00  6.1485E+00  1.0019E+00  3.2044E+03  8.4473E-09
  0.1000      9.0  1.33875E+00  6.758E+04  8.5910E+01  4.2859E+04  7.5156E+00  6.1485E+00  6.2027E-01  3.3502E+03  7.8837E-09
  0.0000      8.5  1.02929E+00  6.758E+04  8.5711E+01  4.2598E+04  7.4859E+00  6.1485E+00  0.0000E+00  3.6830E+03  9.0036E-09
 -0.1000      5.9  2.31558E-01  6.758E+04  8.5512E+01  4.2337E+04  7.4561E+00  6.1485E+00  6.5746E-01  3.9374E+03  1.0696E-08
 -0.2000     29.0  5.39776E-01  6.758E+04  8.5314E+01  4.2076E+04  7.4264E+00  6.1485E+00  1.1907E+00  3.9604E+03  1.2098E-08
 -0.3000     55.7  1.12257E+00  6.758E+04  8.5115E+01  4.1815E+04  7.3966E+00  6.1485E+00  1.5039E+00  3.7182E+03  1.2738E-08
 -0.4000     80.7  1.47100E+00  6.758E+04  8.4916E+01  4.1554E+04  7.3669E+00  6.1485E+00  1.5650E+00  3.2590E+03  1.2463E-08
 -0.5000     99.9  1.55405E+00  6.758E+04  8.4717E+01  4.1293E+04  7.3372E+00  6.1485E+00  1.4057E+00  2.6751E+03  1.1415E-08
 -0.6000    113.1  1.44461E+00  6.758E+04  8.4518E+01  4.1032E+04  7.3074E+00  6.1485E+00  1.1032E+00  2.0639E+03  9.9389E-09
 -0.7000    121.0  1.21877E+00  6.758E+04  8.4320E+01  4.0771E+04  7.2777E+00  6.1485E+00  7.5468E-01  1.5030E+03  8.3493E-09
 -0.8000    124.6  9.83286E-01  6.758E+04  8.4121E+01  4.0510E+04  7.2479E+00  6.1485E+00  4.4394E-01  1.0386E+03  6.8306E-09
 -0.9000    124.6  7.71468E-01  6.758E+04  8.3922E+01  4.0249E+04  7.2182E+00  6.1485E+00  2.1875E-01  6.8353E+02  5.4936E-09
 -1.0000    121.9  5.96103E-01  6.758E+04  8.3723E+01  3.9988E+04  7.1885E+00  6.1485E+00  1.0094E-01  4.3079E+02  4.3808E-09
 -1.1000    117.2  4.46000E-01  6.758E+04  8.3525E+01  3.9727E+04  7.1587E+00  6.1485E+00  1.0930E-01  2.6801E+02  3.5174E-09
 -1.2000    111.4  3.35945E-01  6.758E+04  8.3326E+01  3.9466E+04  7.1290E+00  6.1485E+00  2.4554E-01  1.7708E+02  2.8717E-09
 -1.3000    105.2  2.56587E-01  6.758E+04  8.3127E+01  3.9205E+04  7.0993E+00  6.1485E+00  4.8404E-01  1.3419E+02  2.4003E-09
 -1.4000     99.5  1.97739E-01  6.758E+04  8.2928E+01  3.8944E+04  7.0695E+00  6.1485E+00  8.0649E-01  1.2221E+02  2.0696E-09
 -1.5000     94.3  1.52606E-01  6.758E+04  8.2729E+01  3.8683E+04  7.0398E+00  6.1485E+00  1.2085E+00  1.3089E+02  1.8509E-09
 -1.6000     89.8  1.19006E-01  6.758E+04  8.2531E+01  3.8422E+04  7.0100E+00  6.1485E+00  1.6903E+00  1.5320E+02  1.7141E-09
 -1.7000     86.1  9.40061E-02  6.758E+04  8.2332E+01  3.8161E+04  6.9803E+00  6.1485E+00  2.2542E+00  1.8379E+02  1.6353E-09
 -1.8000     83.3  7.48620E-02  6.758E+04  8.2133E+01  3.7900E+04  6.9506E+00  6.1485E+00  2.9106E+00  2.1951E+02  1.6002E-09
 -1.9000     81.4  5.91934E-02  6.758E+04  8.1934E+01  3.7639E+04  6.9208E+00  6.1485E+00  3.6824E+00  2.5915E+02  1.6050E-09
 -2.0000     80.7  4.63816E-02  6.758E+04  8.1735E+01  3.7378E+04  6.8911E+00  6.1485E+00  4.6034E+00  3.0243E+02  1.6432E-09
 -2.1000     81.0  3.61676E-02  6.758E+04  8.1537E+01  3.7116E+04  6.8613E+00  6.1485E+00  5.7144E+00  3.4887E+02  1.7081E-09
 -2.2000     82.7  2.86463E-02  6.758E+04  8.1338E+01  3.6855E+04  6.8316E+00  6.1485E+00  7.0604E+00  3.9739E+02  1.7915E-09
 -2.3000     85.7  2.53370E-02  6.758E+04  8.1139E+01  3.6594E+04  6.8019E+00  6.1485E+00  8.6721E+00  4.4513E+02  1.8777E-09
 -2.4000     90.2  2.67987E-02  6.758E+04  8.0940E+01  3.6333E+04  6.7721E+00  6.1485E+00  1.0547E+01  4.8748E+02  1.9526E-09
 -2.5000     96.5  3.38221E-02  6.758E+04  8.0742E+01  3.6072E+04  6.7424E+00  6.1485E+00  1.2632E+01  5.1921E+02  1.9996E-09
 -2.6000    104.7  4.35211E-02  6.758E+04  8.0543E+01  3.5811E+04  6.7126E+00  6.1485E+00  1.4860E+01  5.3730E+02  2.0142E-09
 -2.7000    115.1  5.90869E-02  6.758E+04  8.0344E+01  3.5550E+04  6.6829E+00  6.1485E+00  1.7114E+01  5.4000E+02  1.9852E-09
 -2.8000    127.7  7.84762E-02  6.758E+04  8.0145E+01  3.5289E+04  6.6532E+00  6.1485E+00  1.9231E+01  5.2647E+02  1.9136E-09
 -2.9000    142.9  1.02469E-01  6.758E+04  7.9946E+01  3.5028E+04  6.6234E+00  6.1485E+00  2.1044E+01  4.9815E+02  1.8033E-09
 -3.0000    160.7  1.27682E-01  6.758E+04  7.9748E+01  3.4767E+04  6.5937E+00  6.1485E+00  2.2408E+01  4.5767E+02  1.6650E-09
 -3.1000    181.5  1.51664E-01  6.758E+04  7.9549E+01  3.4506E+04  6.5639E+00  6.1485E+00  2.3222E+01  4.0813E+02  1.5080E-09
 -3.2000    205.3  1.70780E-01  6.758E+04  7.9350E+01  3.4245E+04  6.5342E+00  6.1485E+00  2.3409E+01  3.5185E+02  1.3383E-09
 -3.3000    232.4  1.81277E-01  6.758E+04  7.9151E+01  3.3984E+04  6.5045E+00  6.1485E+00  2.2896E+01  2.9032E+02  1.1586E-09
 -3.4000    262.9  1.79287E-01  6.758E+04  7.8952E+01  3.3723E+04  6.4747E+00  6.1485E+00  2.1611E+01  2.2461E+02  9.6962E-10
 -3.5000    297.1  1.60136E-01  6.758E+04  7.8754E+01  3.3462E+04  6.4450E+00  6.1485E+00  1.9538E+01  1.5643E+02  7.7398E-10
 -3.6000    335.2  1.30623E-01  6.758E+04  7.8555E+01  3.3201E+04  6.4152E+00  6.1485E+00  1.6794E+01  8.9521E+01  5.7661E-10
 -3.7000    377.3  9.47594E-02  6.758E+04  7.8356E+01  3.2940E+04  6.3855E+00  6.1485E+00  1.3858E+01  3.1203E+01  3.9688E-10
 -3.8000    423.7  5.95647E-02  6.758E+04  7.8157E+01  3.2679E+04  6.3558E+00  6.1485E+00  1.1918E+01  7.5289E+00  2.6832E-10
 -3.9000    474.4  3.24555E-02  6.758E+04  7.7959E+01  3.2418E+04  6.3260E+00  6.1485E+00  1.2917E+01  1.7149E+01  2.2537E-10
 -4.0000    529.8  1.91081E-02  6.758E+04  7.7760E+01  3.2157E+04  6.2963E+00  6.1485E+00  1.8710E+01  0.0000E+00  2.6543E-10
