   0.00000000       0.00000000      0.671562195    
  1.4000    261.5  6.31344E+02  9.163E+04  1.0998E+02  3.7433E+04  9.0555E+00  1.2405E+01  8.5638E-01  5.6201E+04  1.0973E-07
  1.3000    270.9  5.90170E+02  9.163E+04  1.0998E+02  3.7433E+04  9.0555E+00  1.2405E+01  1.4489E+00  5.4720E+04  1.0913E-07
  1.2000    280.3  5.46368E+02  9.163E+04  1.0998E+02  3.7433E+04  9.0555E+00  1.2405E+01  1.9745E+00  5.3276E+04  1.0859E-07
  1.1000    289.7  5.01153E+02  9.163E+04  1.0998E+02  3.7433E+04  9.0555E+00  1.2405E+01  2.4338E+00  5.1864E+04  1.0810E-07
  1.0000    299.2  4.55595E+02  9.163E+04  1.0998E+02  3.7433E+04  9.0555E+00  1.2405E+01  2.8270E+00  5.0481E+04  1.0765E-07
  0.9000    308.6  4.10566E+02  9.163E+04  1.0998E+02  3.7433E+04  9.0555E+00  1.2405E+01  3.1535E+00  4.9122E+04  1.0724E-07
  0.8000    318.0  3.59543E+02  9.163E+04  1.0998E+02  3.7433E+04  9.0555E+00  1.2405E+01  3.4145E+00  4.7766E+04  1.0714E-07
  0.7000    327.4  2.98308E+02  9.163E+04  1.0998E+02  3.7433E+04  9.0555E+00  1.2405E+01  3.6104E+00  4.6357E+04  1.0753E-07
  0.6000    336.8  2.34924E+02  9.163E+04  1.0998E+02  3.7433E+04  9.0555E+00  1.2405E+01  3.7306E+00  4.4816E+04  1.0815E-07
  0.5000    346.3  1.76125E+02  9.163E+04  1.0998E+02  3.7433E+04  9.0555E+00  1.2405E+01  3.7462E+00  4.3047E+04  1.0862E-07
  0.4000    355.7  1.22876E+02  9.163E+04  1.0998E+02  3.7433E+04  9.0555E+00  1.2405E+01  3.6010E+00  4.0905E+04  1.0878E-07
  0.3000    365.1  8.35719E+01  9.163E+04  1.0998E+02  3.7433E+04  9.0555E+00  1.2405E+01  3.2149E+00  3.8235E+04  1.0741E-07
  0.2000    374.5  5.60318E+01  9.163E+04  1.0998E+02  3.7433E+04  9.0555E+00  1.2405E+01  2.5052E+00  3.4945E+04  1.0395E-07
  0.1000    383.9  3.79749E+01  9.163E+04  1.0998E+02  3.7433E+04  9.0555E+00  1.2405E+01  1.4246E+00  3.1054E+04  9.7921E-08
  0.0000    393.4  2.61850E+01  9.163E+04  1.0998E+02  3.7433E+04  9.0555E+00  1.2405E+01  0.0000E+00  2.6742E+04  8.9611E-08
 -0.1000    402.8  1.85413E+01  9.163E+04  1.0998E+02  3.7433E+04  9.0555E+00  1.2405E+01  1.6590E+00  2.2305E+04  7.9717E-08
 -0.2000    412.2  1.34756E+01  9.163E+04  1.0998E+02  3.7433E+04  9.0555E+00  1.2405E+01  3.3905E+00  1.8067E+04  6.9256E-08
 -0.3000    421.6  1.00330E+01  9.163E+04  1.0998E+02  3.7433E+04  9.0555E+00  1.2405E+01  5.0315E+00  1.4272E+04  5.9126E-08
 -0.4000    431.0  7.72577E+00  9.163E+04  1.0998E+02  3.7433E+04  9.0555E+00  1.2405E+01  6.4793E+00  1.1038E+04  4.9845E-08
 -0.5000    440.5  6.03717E+00  9.163E+04  1.0998E+02  3.7433E+04  9.0555E+00  1.2405E+01  7.6770E+00  8.3790E+03  4.1761E-08
 -0.6000    449.9  4.74072E+00  9.163E+04  1.0998E+02  3.7433E+04  9.0555E+00  1.2405E+01  8.5578E+00  6.2688E+03  3.4979E-08
 -0.7000    459.3  3.69802E+00  9.163E+04  1.0998E+02  3.7433E+04  9.0555E+00  1.2405E+01  9.0265E+00  4.6732E+03  2.9536E-08
 -0.8000    468.7  2.95364E+00  9.163E+04  1.0998E+02  3.7433E+04  9.0555E+00  1.2405E+01  9.0449E+00  3.5203E+03  2.5219E-08
 -0.9000    478.1  2.41861E+00  9.163E+04  1.0998E+02  3.7433E+04  9.0555E+00  1.2405E+01  8.6669E+00  2.7030E+03  2.1796E-08
 -1.0000    487.6  2.02939E+00  9.163E+04  1.0998E+02  3.7433E+04  9.0555E+00  1.2405E+01  7.9636E+00  2.1262E+03  1.9044E-08
 -1.1000    497.0  1.70073E+00  9.163E+04  1.0998E+02  3.7433E+04  9.0555E+00  1.2405E+01  6.9519E+00  1.7306E+03  1.6882E-08
 -1.2000    506.4  1.45596E+00  9.163E+04  1.0998E+02  3.7433E+04  9.0555E+00  1.2405E+01  5.6413E+00  1.4722E+03  1.5136E-08
 -1.3000    515.8  1.27050E+00  9.163E+04  1.0998E+02  3.7433E+04  9.0555E+00  1.2405E+01  4.0910E+00  1.3022E+03  1.3681E-08
 -1.4000    525.3  1.11684E+00  9.163E+04  1.0998E+02  3.7433E+04  9.0555E+00  1.2405E+01  2.3318E+00  1.1907E+03  1.2459E-08
 -1.5000    534.7  9.78039E-01  9.163E+04  1.0998E+02  3.7433E+04  9.0555E+00  1.2405E+01  3.4128E-01  1.1257E+03  1.1454E-08
 -1.6000    544.1  8.61496E-01  9.163E+04  1.0998E+02  3.7433E+04  9.0555E+00  1.2405E+01  1.9115E+00  1.0984E+03  1.0617E-08
 -1.7000    553.5  7.71638E-01  9.163E+04  1.0998E+02  3.7433E+04  9.0555E+00  1.2405E+01  4.4112E+00  1.0937E+03  9.8864E-09
 -1.8000    562.9  7.05352E-01  9.163E+04  1.0998E+02  3.7433E+04  9.0555E+00  1.2405E+01  7.0990E+00  1.0947E+03  9.2121E-09
 -1.9000    572.4  6.45417E-01  9.163E+04  1.0998E+02  3.7433E+04  9.0555E+00  1.2405E+01  9.9405E+00  1.0929E+03  8.5975E-09
 -2.0000    581.8  5.91172E-01  9.163E+04  1.0998E+02  3.7433E+04  9.0555E+00  1.2405E+01  1.2944E+01  1.0878E+03  8.0340E-09
 -2.1000    591.2  5.42005E-01  9.163E+04  1.0998E+02  3.7433E+04  9.0555E+00  1.2405E+01  1.6117E+01  1.0791E+03  7.5147E-09
 -2.2000    600.6  4.97359E-01  9.163E+04  1.0998E+02  3.7433E+04  9.0555E+00  1.2405E+01  1.9472E+01  1.0667E+03  7.0340E-09
 -2.3000    610.0  4.64123E-01  9.163E+04  1.0998E+02  3.7433E+04  9.0555E+00  1.2405E+01  2.2969E+01  1.0475E+03  6.5674E-09
 -2.4000    619.5  4.34690E-01  9.163E+04  1.0998E+02  3.7433E+04  9.0555E+00  1.2405E+01  2.6547E+01  1.0186E+03  6.1131E-09
 -2.5000    628.9  4.08622E-01  9.163E+04  1.0998E+02  3.7433E+04  9.0555E+00  1.2405E+01  3.0173E+01  9.8045E+02  5.6683E-09
 -2.6000    638.3  3.71908E-01  9.163E+04  1.0998E+02  3.7433E+04  9.0555E+00  1.2405E+01  3.3938E+01  9.3907E+02  5.2625E-09
 -2.7000    647.7  3.44231E-01  9.163E+04  1.0998E+02  3.7433E+04  9.0555E+00  1.2405E+01  3.7905E+01  8.9778E+02  4.8776E-09
 -2.8000    657.1  3.18803E-01  9.163E+04  1.0998E+02  3.7433E+04  9.0555E+00  1.2405E+01  4.2028E+01  8.5440E+02  4.5121E-09
 -2.9000    666.6  3.01099E-01  9.163E+04  1.0998E+02  3.7433E+04  9.0555E+00  1.2405E+01  4.6235E+01  8.0731E+02  4.1527E-09
 -3.0000    676.0  2.85116E-01  9.163E+04  1.0998E+02  3.7433E+04  9.0555E+00  1.2405E+01  5.0424E+01  7.5498E+02  3.7989E-09
 -3.1000    685.4  2.70660E-01  9.163E+04  1.0998E+02  3.7433E+04  9.0555E+00  1.2405E+01  5.4534E+01  6.9808E+02  3.4506E-09
 -3.2000    694.8  2.57577E-01  9.163E+04  1.0998E+02  3.7433E+04  9.0555E+00  1.2405E+01  5.8484E+01  6.3717E+02  3.1072E-09
 -3.3000    704.2  2.45749E-01  9.163E+04  1.0998E+02  3.7433E+04  9.0555E+00  1.2405E+01  6.2169E+01  5.7271E+02  2.7681E-09
 -3.4000    713.7  2.35086E-01  9.163E+04  1.0998E+02  3.7433E+04  9.0555E+00  1.2405E+01  6.5444E+01  5.0497E+02  2.4324E-09
 -3.5000    723.1  2.21254E-01  9.163E+04  1.0998E+02  3.7433E+04  9.0555E+00  1.2405E+01  6.8210E+01  4.3516E+02  2.1048E-09
 -3.6000    732.5  2.12661E-01  9.163E+04  1.0998E+02  3.7433E+04  9.0555E+00  1.2405E+01  7.0204E+01  3.6309E+02  1.7771E-09
 -3.7000    741.9  2.08968E-01  9.163E+04  1.0998E+02  3.7433E+04  9.0555E+00  1.2405E+01  7.0798E+01  2.8628E+02  1.4411E-09
 -3.8000    751.4  2.10084E-01  9.163E+04  1.0998E+02  3.7433E+04  9.0555E+00  1.2405E+01  6.8990E+01  2.0218E+02  1.0889E-09
 -3.9000    760.8  2.12553E-01  9.163E+04  1.0998E+02  3.7433E+04  9.0555E+00  1.2405E+01  6.3169E+01  1.0834E+02  7.1340E-10
 -4.0000    770.2  2.23921E-01  9.163E+04  1.0998E+02  3.7433E+04  9.0555E+00  1.2405E+01  4.9854E+01  0.0000E+00  2.9632E-10
