   0.00000000       1.78813934E-07   0.00000000    
  1.4000      0.0  1.61133E-02  1.895E+00  1.0223E-03  8.9062E-01  4.4823E-04  1.9321E-03  3.8147E-05  5.9375E-01  1.1369E-12
  1.3000      0.0  1.36719E-02  1.895E+00  1.0223E-03  8.9062E-01  4.4823E-04  1.9321E-03  3.0518E-05  5.7812E-01  1.1369E-12
  1.2000      0.0  8.78906E-03  1.895E+00  1.0223E-03  8.9062E-01  4.4823E-04  1.9321E-03  3.0518E-05  5.6250E-01  1.1084E-12
  1.1000      0.0  9.27734E-03  1.895E+00  1.0223E-03  8.9062E-01  4.4823E-04  1.9321E-03  3.8147E-05  5.4688E-01  1.1084E-12
  1.0000      0.0  2.19727E-03  1.895E+00  1.0223E-03  8.9062E-01  4.4823E-04  1.9321E-03  2.6703E-05  5.1562E-01  1.0232E-12
  0.9000      0.0  6.34766E-03  1.895E+00  1.0223E-03  8.9062E-01  4.4823E-04  1.9321E-03  1.5259E-05  4.8438E-01  9.9476E-13
  0.8000      0.0  6.83594E-03  1.895E+00  1.0223E-03  8.9062E-01  4.4823E-04  1.9321E-03  2.2888E-05  4.6875E-01  1.0232E-12
  0.7000      0.0  4.39453E-03  1.895E+00  1.0223E-03  8.9062E-01  4.4823E-04  1.9321E-03  1.9073E-05  4.5312E-01  9.9476E-13
  0.6000      0.0  3.41797E-03  1.895E+00  1.0223E-03  8.9062E-01  4.4823E-04  1.9321E-03  1.1444E-05  4.3750E-01  1.0232E-12
  0.5000      0.0  2.25830E-03  1.895E+00  1.0223E-03  8.9062E-01  4.4823E-04  1.9321E-03  1.5259E-05  4.2188E-01  1.0232E-12
  0.4000      0.0  1.89209E-03  1.895E+00  1.0223E-03  8.9062E-01  4.4823E-04  1.9321E-03  1.1444E-05  4.0625E-01  1.0232E-12
  0.3000      0.0  1.38855E-03  1.895E+00  1.0223E-03  8.9062E-01  4.4823E-04  1.9321E-03  0.0000E+00  3.7500E-01  9.9476E-13
  0.2000      0.0  8.39233E-04  1.895E+00  1.0223E-03  8.9062E-01  4.4823E-04  1.9321E-03  3.8147E-06  3.4375E-01  9.9476E-13
  0.1000      0.0  4.80652E-04  1.895E+00  1.0223E-03  8.9062E-01  4.4823E-04  1.9321E-03  0.0000E+00  3.2812E-01  9.6634E-13
  0.0000      0.0  3.54767E-04  1.895E+00  1.0223E-03  8.9062E-01  4.4823E-04  1.9321E-03  0.0000E+00  2.9688E-01  9.3792E-13
 -0.1000      0.0  2.21252E-04  1.895E+00  1.0223E-03  8.9062E-01  4.4823E-04  1.9321E-03  4.7684E-06  2.5000E-01  8.5265E-13
 -0.2000      0.0  1.96457E-04  1.895E+00  1.0223E-03  8.9062E-01  4.4823E-04  1.9321E-03  2.4796E-05  2.1094E-01  7.6739E-13
 -0.3000      0.0  1.33514E-04  1.895E+00  1.0223E-03  8.9062E-01  4.4823E-04  1.9321E-03  4.5776E-05  1.6406E-01  6.2528E-13
 -0.4000      0.0  9.91821E-05  1.895E+00  1.0223E-03  8.9062E-01  4.4823E-04  1.9321E-03  6.4850E-05  1.3281E-01  5.4001E-13
 -0.5000      0.0  7.15256E-05  1.895E+00  1.0223E-03  8.9062E-01  4.4823E-04  1.9321E-03  8.3923E-05  9.3750E-02  4.5475E-13
 -0.6000      0.0  5.05447E-05  1.895E+00  1.0223E-03  8.9062E-01  4.4823E-04  1.9321E-03  1.1444E-04  5.4688E-02  3.2685E-13
 -0.7000      0.0  3.14713E-05  1.895E+00  1.0223E-03  8.9062E-01  4.4823E-04  1.9321E-03  1.3733E-04  3.1250E-02  2.5580E-13
 -0.8000      0.0  2.57492E-05  1.895E+00  1.0223E-03  8.9062E-01  4.4823E-04  1.9321E-03  1.6022E-04  1.1719E-02  1.7053E-13
 -0.9000      0.0  2.00272E-05  1.895E+00  1.0223E-03  8.9062E-01  4.4823E-04  1.9321E-03  1.6022E-04  0.0000E+00  1.4211E-13
 -1.0000      0.0  1.66893E-05  1.895E+00  1.0223E-03  8.9062E-01  4.4823E-04  1.9321E-03  1.6785E-04  3.9062E-03  9.9476E-14
 -1.1000      0.0  1.21593E-05  1.895E+00  1.0223E-03  8.9062E-01  4.4823E-04  1.9321E-03  1.5259E-04  7.8125E-03  7.1054E-14
 -1.2000      0.0  1.14441E-05  1.895E+00  1.0223E-03  8.9062E-01  4.4823E-04  1.9321E-03  1.5259E-04  1.5625E-02  5.6843E-14
 -1.3000      0.0  9.77516E-06  1.895E+00  1.0223E-03  8.9062E-01  4.4823E-04  1.9321E-03  1.3733E-04  1.5625E-02  4.9738E-14
 -1.4000      0.0  1.14441E-05  1.895E+00  1.0223E-03  8.9062E-01  4.4823E-04  1.9321E-03  9.1553E-05  9.7656E-03  5.6843E-14
 -1.5000      0.0  7.86781E-06  1.895E+00  1.0223E-03  8.9062E-01  4.4823E-04  1.9321E-03  6.1035E-05  5.8594E-03  6.3949E-14
 -1.6000      0.0  5.36442E-06  1.895E+00  1.0223E-03  8.9062E-01  4.4823E-04  1.9321E-03  6.1035E-05  7.8125E-03  4.2633E-14
 -1.7000      0.0  6.31809E-06  1.895E+00  1.0223E-03  8.9062E-01  4.4823E-04  1.9321E-03  6.1035E-05  1.1719E-02  2.1316E-14
 -1.8000      0.0  6.43730E-06  1.895E+00  1.0223E-03  8.9062E-01  4.4823E-04  1.9321E-03  6.1035E-05  9.7656E-03  2.1316E-14
 -1.9000      0.0  4.76837E-06  1.895E+00  1.0223E-03  8.9062E-01  4.4823E-04  1.9321E-03  0.0000E+00  4.8828E-03  3.5527E-14
 -2.0000      0.0  5.66244E-06  1.895E+00  1.0223E-03  8.9062E-01  4.4823E-04  1.9321E-03  6.1035E-05  9.7656E-04  4.6185E-14
 -2.1000      0.0  3.09944E-06  1.895E+00  1.0223E-03  8.9062E-01  4.4823E-04  1.9321E-03  1.2207E-04  4.8828E-03  5.6843E-14
 -2.2000      0.0  1.19209E-06  1.895E+00  1.0223E-03  8.9062E-01  4.4823E-04  1.9321E-03  1.2207E-04  3.9062E-03  5.3291E-14
 -2.3000      0.0  2.80142E-06  1.895E+00  1.0223E-03  8.9062E-01  4.4823E-04  1.9321E-03  1.2207E-04  1.9531E-03  4.2633E-14
 -2.4000      0.0  2.32458E-06  1.895E+00  1.0223E-03  8.9062E-01  4.4823E-04  1.9321E-03  1.2207E-04  9.7656E-04  3.3751E-14
 -2.5000      0.0  2.32458E-06  1.895E+00  1.0223E-03  8.9062E-01  4.4823E-04  1.9321E-03  1.2207E-04  9.7656E-04  2.3093E-14
 -2.6000      0.0  2.77162E-06  1.895E+00  1.0223E-03  8.9062E-01  4.4823E-04  1.9321E-03  1.5259E-04  4.8828E-04  2.1316E-14
 -2.7000      0.0  8.64267E-07  1.895E+00  1.0223E-03  8.9062E-01  4.4823E-04  1.9321E-03  1.8311E-04  4.8828E-04  1.7764E-14
 -2.8000      0.0  1.78814E-06  1.895E+00  1.0223E-03  8.9062E-01  4.4823E-04  1.9321E-03  1.5259E-04  1.9531E-03  1.2434E-14
 -2.9000      0.0  1.43051E-06  1.895E+00  1.0223E-03  8.9062E-01  4.4823E-04  1.9321E-03  1.2207E-04  2.4414E-03  8.8818E-15
 -3.0000      0.0  2.13087E-06  1.895E+00  1.0223E-03  8.9062E-01  4.4823E-04  1.9321E-03  1.5259E-04  7.3242E-04  1.3323E-14
 -3.1000      0.0  3.72529E-07  1.895E+00  1.0223E-03  8.9062E-01  4.4823E-04  1.9321E-03  1.8311E-04  4.8828E-04  1.1546E-14
 -3.2000      0.0  1.84774E-06  1.895E+00  1.0223E-03  8.9062E-01  4.4823E-04  1.9321E-03  3.3569E-04  0.0000E+00  1.1546E-14
 -3.3000      0.0  8.04663E-07  1.895E+00  1.0223E-03  8.9062E-01  4.4823E-04  1.9321E-03  4.2725E-04  2.1973E-03  1.8652E-14
 -3.4000      0.0  6.10948E-07  1.895E+00  1.0223E-03  8.9062E-01  4.4823E-04  1.9321E-03  4.5776E-04  2.0752E-03  1.8208E-14
 -3.5000      0.0  5.28991E-07  1.895E+00  1.0223E-03  8.9062E-01  4.4823E-04  1.9321E-03  5.1880E-04  2.0752E-03  1.6431E-14
 -3.6000      0.0  4.91738E-07  1.895E+00  1.0223E-03  8.9062E-01  4.4823E-04  1.9321E-03  5.4932E-04  2.5635E-03  1.7319E-14
 -3.7000      0.0  3.27826E-07  1.895E+00  1.0223E-03  8.9062E-01  4.4823E-04  1.9321E-03  6.7139E-04  3.1738E-03  1.8652E-14
 -3.8000      0.0  2.45869E-07  1.895E+00  1.0223E-03  8.9062E-01  4.4823E-04  1.9321E-03  7.3242E-04  3.5400E-03  1.8652E-14
 -3.9000      0.0  1.11759E-07  1.895E+00  1.0223E-03  8.9062E-01  4.4823E-04  1.9321E-03  8.5449E-04  4.2725E-03  2.1538E-14
 -4.0000      0.0  0.00000E+00  1.895E+00  1.0223E-03  8.9062E-01  4.4823E-04  1.9321E-03  1.0376E-03  5.0659E-03  2.3759E-14
