   0.00000000       1.78813934E-07   0.00000000    
  0.0000      0.0  1.95312E-03  0.000E+00  0.0000E+00  0.0000E+00  0.0000E+00  0.0000E+00  8.2511E+01  2.0906E+05  3.3268E-07
  0.0000      0.0  6.34766E-03  0.000E+00  0.0000E+00  0.0000E+00  0.0000E+00  0.0000E+00  7.6781E+01  2.0384E+05  3.3165E-07
  0.0000      0.0  4.88281E-04  0.000E+00  0.0000E+00  0.0000E+00  0.0000E+00  0.0000E+00  7.1325E+01  1.9889E+05  3.3080E-07
  0.0000      0.0  5.12695E-03  0.000E+00  0.0000E+00  0.0000E+00  0.0000E+00  0.0000E+00  6.6125E+01  1.9417E+05  3.3013E-07
  0.0000      0.0  7.08008E-03  0.000E+00  0.0000E+00  0.0000E+00  0.0000E+00  0.0000E+00  6.1162E+01  1.8969E+05  3.2963E-07
  0.0000      0.0  4.88281E-04  0.000E+00  0.0000E+00  0.0000E+00  0.0000E+00  0.0000E+00  5.6423E+01  1.8541E+05  3.2931E-07
  0.0000      0.0  3.54004E-03  0.000E+00  0.0000E+00  0.0000E+00  0.0000E+00  0.0000E+00  5.1851E+01  1.8127E+05  3.2996E-07
  0.0000      0.0  2.44141E-04  0.000E+00  0.0000E+00  0.0000E+00  0.0000E+00  0.0000E+00  4.7303E+01  1.7715E+05  3.3220E-07
  0.0000      0.0  6.71387E-04  0.000E+00  0.0000E+00  0.0000E+00  0.0000E+00  0.0000E+00  4.2603E+01  1.7284E+05  3.3536E-07
  0.0000      0.0  1.22070E-04  0.000E+00  0.0000E+00  0.0000E+00  0.0000E+00  0.0000E+00  3.7583E+01  1.6821E+05  3.3874E-07
  0.0000      0.0  1.22070E-04  0.000E+00  0.0000E+00  0.0000E+00  0.0000E+00  0.0000E+00  3.2003E+01  1.6299E+05  3.4239E-07
  0.0000      0.0  2.44141E-04  0.000E+00  0.0000E+00  0.0000E+00  0.0000E+00  0.0000E+00  2.5616E+01  1.5699E+05  3.4388E-07
  0.0000      0.0  2.74658E-04  0.000E+00  0.0000E+00  0.0000E+00  0.0000E+00  0.0000E+00  1.8233E+01  1.5004E+05  3.4232E-07
  0.0000      0.0  3.05176E-05  0.000E+00  0.0000E+00  0.0000E+00  0.0000E+00  0.0000E+00  9.7142E+00  1.4212E+05  3.3662E-07
  0.0000      0.0  1.14441E-05  0.000E+00  0.0000E+00  0.0000E+00  0.0000E+00  0.0000E+00  0.0000E+00  1.3330E+05  3.2666E-07
  0.0000      0.0  7.62939E-06  0.000E+00  0.0000E+00  0.0000E+00  0.0000E+00  0.0000E+00  1.0890E+01  1.2376E+05  3.1263E-07
  0.0000      0.0  2.09808E-05  0.000E+00  0.0000E+00  0.0000E+00  0.0000E+00  0.0000E+00  2.2861E+01  1.1380E+05  2.9534E-07
  0.0000      0.0  2.09808E-05  0.000E+00  0.0000E+00  0.0000E+00  0.0000E+00  0.0000E+00  3.5777E+01  1.0370E+05  2.7577E-07
  0.0000      0.0  2.67029E-05  0.000E+00  0.0000E+00  0.0000E+00  0.0000E+00  0.0000E+00  4.9454E+01  9.3764E+04  2.5476E-07
  0.0000      0.0  1.23978E-05  0.000E+00  0.0000E+00  0.0000E+00  0.0000E+00  0.0000E+00  6.3715E+01  8.4227E+04  2.3351E-07
  0.0000      0.0  6.67572E-06  0.000E+00  0.0000E+00  0.0000E+00  0.0000E+00  0.0000E+00  7.8434E+01  7.5230E+04  2.1271E-07
  0.0000      0.0  1.09673E-05  0.000E+00  0.0000E+00  0.0000E+00  0.0000E+00  0.0000E+00  9.3496E+01  6.6860E+04  1.9288E-07
  0.0000      0.0  5.24521E-06  0.000E+00  0.0000E+00  0.0000E+00  0.0000E+00  0.0000E+00  1.0876E+02  5.9188E+04  1.7395E-07
  0.0000      0.0  4.76837E-06  0.000E+00  0.0000E+00  0.0000E+00  0.0000E+00  0.0000E+00  1.2406E+02  5.2260E+04  1.5623E-07
  0.0000      0.0  4.76837E-07  0.000E+00  0.0000E+00  0.0000E+00  0.0000E+00  0.0000E+00  1.3932E+02  4.6069E+04  1.3986E-07
  0.0000      0.0  4.76837E-07  0.000E+00  0.0000E+00  0.0000E+00  0.0000E+00  0.0000E+00  1.5445E+02  4.0573E+04  1.2511E-07
  0.0000      0.0  1.66893E-06  0.000E+00  0.0000E+00  0.0000E+00  0.0000E+00  0.0000E+00  1.6941E+02  3.5713E+04  1.1167E-07
  0.0000      0.0  9.53674E-07  0.000E+00  0.0000E+00  0.0000E+00  0.0000E+00  0.0000E+00  1.8422E+02  3.1427E+04  9.9455E-08
  0.0000      0.0  6.43730E-06  0.000E+00  0.0000E+00  0.0000E+00  0.0000E+00  0.0000E+00  1.9887E+02  2.7652E+04  8.8491E-08
  0.0000      0.0  2.50340E-06  0.000E+00  0.0000E+00  0.0000E+00  0.0000E+00  0.0000E+00  2.1337E+02  2.4328E+04  7.8740E-08
  0.0000      0.0  3.57628E-07  0.000E+00  0.0000E+00  0.0000E+00  0.0000E+00  0.0000E+00  2.2770E+02  2.1404E+04  6.9999E-08
  0.0000      0.0  2.50340E-06  0.000E+00  0.0000E+00  0.0000E+00  0.0000E+00  0.0000E+00  2.4191E+02  1.8831E+04  6.2103E-08
  0.0000      0.0  1.31130E-06  0.000E+00  0.0000E+00  0.0000E+00  0.0000E+00  0.0000E+00  2.5602E+02  1.6566E+04  5.4980E-08
  0.0000      0.0  3.33786E-06  0.000E+00  0.0000E+00  0.0000E+00  0.0000E+00  0.0000E+00  2.7006E+02  1.4571E+04  4.8670E-08
  0.0000      0.0  1.66893E-06  0.000E+00  0.0000E+00  0.0000E+00  0.0000E+00  0.0000E+00  2.8402E+02  1.2815E+04  4.3079E-08
  0.0000      0.0  1.19209E-06  0.000E+00  0.0000E+00  0.0000E+00  0.0000E+00  0.0000E+00  2.9791E+02  1.1269E+04  3.8127E-08
  0.0000      0.0  1.72853E-06  0.000E+00  0.0000E+00  0.0000E+00  0.0000E+00  0.0000E+00  3.1173E+02  9.9076E+03  3.3740E-08
  0.0000      0.0  9.53674E-07  0.000E+00  0.0000E+00  0.0000E+00  0.0000E+00  0.0000E+00  3.2549E+02  8.7089E+03  2.9820E-08
  0.0000      0.0  8.94070E-07  0.000E+00  0.0000E+00  0.0000E+00  0.0000E+00  0.0000E+00  3.3920E+02  7.6532E+03  2.6349E-08
  0.0000      0.0  8.34465E-07  0.000E+00  0.0000E+00  0.0000E+00  0.0000E+00  0.0000E+00  3.5287E+02  6.7233E+03  2.3275E-08
  0.0000      0.0  1.63913E-06  0.000E+00  0.0000E+00  0.0000E+00  0.0000E+00  0.0000E+00  3.6648E+02  5.9047E+03  2.0601E-08
  0.0000      0.0  6.85453E-07  0.000E+00  0.0000E+00  0.0000E+00  0.0000E+00  0.0000E+00  3.8002E+02  5.1842E+03  1.8209E-08
  0.0000      0.0  1.78814E-07  0.000E+00  0.0000E+00  0.0000E+00  0.0000E+00  0.0000E+00  3.9351E+02  4.5498E+03  1.6089E-08
  0.0000      0.0  1.49012E-07  0.000E+00  0.0000E+00  0.0000E+00  0.0000E+00  0.0000E+00  4.0697E+02  3.9913E+03  1.4194E-08
  0.0000      0.0  7.89762E-07  0.000E+00  0.0000E+00  0.0000E+00  0.0000E+00  0.0000E+00  4.2041E+02  3.4992E+03  1.2515E-08
  0.0000      0.0  7.15256E-07  0.000E+00  0.0000E+00  0.0000E+00  0.0000E+00  0.0000E+00  4.3384E+02  3.0657E+03  1.1027E-08
  0.0000      0.0  2.83122E-07  0.000E+00  0.0000E+00  0.0000E+00  0.0000E+00  0.0000E+00  4.4728E+02  2.6836E+03  9.7089E-09
  0.0000      0.0  4.47035E-08  0.000E+00  0.0000E+00  0.0000E+00  0.0000E+00  0.0000E+00  4.6075E+02  2.3469E+03  8.5398E-09
  0.0000      0.0  6.55651E-07  0.000E+00  0.0000E+00  0.0000E+00  0.0000E+00  0.0000E+00  4.7425E+02  2.0499E+03  7.5027E-09
  0.0000      0.0  8.49366E-07  0.000E+00  0.0000E+00  0.0000E+00  0.0000E+00  0.0000E+00  4.8782E+02  1.7879E+03  6.5901E-09
  0.0000      0.0  7.45058E-09  0.000E+00  0.0000E+00  0.0000E+00  0.0000E+00  0.0000E+00  5.0147E+02  1.5567E+03  5.7718E-09
  0.0000      0.0  5.96046E-08  0.000E+00  0.0000E+00  0.0000E+00  0.0000E+00  0.0000E+00  5.1527E+02  1.3523E+03  5.0379E-09
  0.0000      0.0  7.45058E-09  0.000E+00  0.0000E+00  0.0000E+00  0.0000E+00  0.0000E+00  5.2929E+02  1.1714E+03  4.3796E-09
  0.0000      0.0  8.19564E-08  0.000E+00  0.0000E+00  0.0000E+00  0.0000E+00  0.0000E+00  5.4363E+02  1.0110E+03  3.7933E-09
  0.0000      0.0  0.00000E+00  0.000E+00  0.0000E+00  0.0000E+00  0.0000E+00  0.0000E+00  5.5841E+02  8.6820E+02  3.2615E-09
