   0.00000000       5.81914783E-02   0.00000000    
  1.4000    312.2  9.49933E+02  2.417E+05  1.8277E+02  1.4156E+05  2.6995E+01  1.0177E+02  2.2484E+00  4.9915E+04  9.1800E-08
  1.3000    318.3  8.92035E+02  2.417E+05  1.8277E+02  1.4156E+05  2.6995E+01  1.0177E+02  1.7482E+00  4.8774E+04  9.1555E-08
  1.2000    324.4  8.28276E+02  2.417E+05  1.8277E+02  1.4156E+05  2.6995E+01  1.0177E+02  1.2997E+00  4.7673E+04  9.1362E-08
  1.1000    330.5  7.60955E+02  2.417E+05  1.8277E+02  1.4156E+05  2.6995E+01  1.0177E+02  8.9698E-01  4.6609E+04  9.1225E-08
  1.0000    336.6  6.92045E+02  2.417E+05  1.8277E+02  1.4156E+05  2.6995E+01  1.0177E+02  5.3444E-01  4.5582E+04  9.1149E-08
  0.9000    342.7  6.23231E+02  2.417E+05  1.8277E+02  1.4156E+05  2.6995E+01  1.0177E+02  2.0879E-01  4.4589E+04  9.1136E-08
  0.8000    348.8  5.46836E+02  2.417E+05  1.8277E+02  1.4156E+05  2.6995E+01  1.0177E+02  8.4305E-02  4.3616E+04  9.1390E-08
  0.7000    354.8  4.57446E+02  2.417E+05  1.8277E+02  1.4156E+05  2.6995E+01  1.0177E+02  3.5300E-01  4.2630E+04  9.2098E-08
  0.6000    360.9  3.64930E+02  2.417E+05  1.8277E+02  1.4156E+05  2.6995E+01  1.0177E+02  6.0094E-01  4.1582E+04  9.3099E-08
  0.5000    367.0  2.78170E+02  2.417E+05  1.8277E+02  1.4156E+05  2.6995E+01  1.0177E+02  8.1995E-01  4.0420E+04  9.4199E-08
  0.4000    373.1  1.98648E+02  2.417E+05  1.8277E+02  1.4156E+05  2.6995E+01  1.0177E+02  9.8578E-01  3.9060E+04  9.5377E-08
  0.3000    379.2  1.38321E+02  2.417E+05  1.8277E+02  1.4156E+05  2.6995E+01  1.0177E+02  1.0521E+00  3.7408E+04  9.5833E-08
  0.2000    385.3  9.49035E+01  2.417E+05  1.8277E+02  1.4156E+05  2.6995E+01  1.0177E+02  9.5325E-01  3.5384E+04  9.5151E-08
  0.1000    391.3  6.56265E+01  2.417E+05  1.8277E+02  1.4156E+05  2.6995E+01  1.0177E+02  6.2043E-01  3.2941E+04  9.2856E-08
  0.0000    397.4  4.60334E+01  2.417E+05  1.8277E+02  1.4156E+05  2.6995E+01  1.0177E+02  0.0000E+00  3.0092E+04  8.8820E-08
 -0.1000    403.5  3.30213E+01  2.417E+05  1.8277E+02  1.4156E+05  2.6995E+01  1.0177E+02  9.3236E-01  2.6914E+04  8.3108E-08
 -0.2000    409.6  2.41955E+01  2.417E+05  1.8277E+02  1.4156E+05  2.6995E+01  1.0177E+02  2.1662E+00  2.3536E+04  7.6066E-08
 -0.3000    415.7  1.80512E+01  2.417E+05  1.8277E+02  1.4156E+05  2.6995E+01  1.0177E+02  3.6599E+00  2.0107E+04  6.8159E-08
 -0.4000    421.8  1.37970E+01  2.417E+05  1.8277E+02  1.4156E+05  2.6995E+01  1.0177E+02  5.3541E+00  1.6776E+04  5.9830E-08
 -0.5000    427.8  1.06188E+01  2.417E+05  1.8277E+02  1.4156E+05  2.6995E+01  1.0177E+02  7.1752E+00  1.3664E+04  5.1608E-08
 -0.6000    433.9  8.14835E+00  2.417E+05  1.8277E+02  1.4156E+05  2.6995E+01  1.0177E+02  9.0224E+00  1.0857E+04  4.3853E-08
 -0.7000    440.0  6.15561E+00  2.417E+05  1.8277E+02  1.4156E+05  2.6995E+01  1.0177E+02  1.0744E+01  8.4286E+03  3.6871E-08
 -0.8000    446.1  4.70789E+00  2.417E+05  1.8277E+02  1.4156E+05  2.6995E+01  1.0177E+02  1.2201E+01  6.4184E+03  3.0755E-08
 -0.9000    452.2  3.66239E+00  2.417E+05  1.8277E+02  1.4156E+05  2.6995E+01  1.0177E+02  1.3331E+01  4.8121E+03  2.5565E-08
 -1.0000    458.3  2.91040E+00  2.417E+05  1.8277E+02  1.4156E+05  2.6995E+01  1.0177E+02  1.4128E+01  3.5591E+03  2.1242E-08
 -1.1000    464.3  2.30024E+00  2.417E+05  1.8277E+02  1.4156E+05  2.6995E+01  1.0177E+02  1.4561E+01  2.6122E+03  1.7771E-08
 -1.2000    470.4  1.86432E+00  2.417E+05  1.8277E+02  1.4156E+05  2.6995E+01  1.0177E+02  1.4620E+01  1.9195E+03  1.4985E-08
 -1.3000    476.5  1.55094E+00  2.417E+05  1.8277E+02  1.4156E+05  2.6995E+01  1.0177E+02  1.4388E+01  1.4117E+03  1.2723E-08
 -1.4000    482.6  1.30602E+00  2.417E+05  1.8277E+02  1.4156E+05  2.6995E+01  1.0177E+02  1.3928E+01  1.0376E+03  1.0880E-08
 -1.5000    488.7  1.09819E+00  2.417E+05  1.8277E+02  1.4156E+05  2.6995E+01  1.0177E+02  1.3239E+01  7.6937E+02  9.4013E-09
 -1.6000    494.8  9.33820E-01  2.417E+05  1.8277E+02  1.4156E+05  2.6995E+01  1.0177E+02  1.2318E+01  5.8498E+02  8.2079E-09
 -1.7000    500.8  8.12210E-01  2.417E+05  1.8277E+02  1.4156E+05  2.6995E+01  1.0177E+02  1.1220E+01  4.5690E+02  7.2099E-09
 -1.8000    506.9  7.22410E-01  2.417E+05  1.8277E+02  1.4156E+05  2.6995E+01  1.0177E+02  1.0035E+01  3.5996E+02  6.3373E-09
 -1.9000    513.0  6.41883E-01  2.417E+05  1.8277E+02  1.4156E+05  2.6995E+01  1.0177E+02  8.8084E+00  2.8207E+02  5.5774E-09
 -2.0000    519.1  5.69673E-01  2.417E+05  1.8277E+02  1.4156E+05  2.6995E+01  1.0177E+02  7.5297E+00  2.2071E+02  4.9178E-09
 -2.1000    525.2  5.04910E-01  2.417E+05  1.8277E+02  1.4156E+05  2.6995E+01  1.0177E+02  6.1880E+00  1.7372E+02  4.3474E-09
 -2.2000    531.3  4.46808E-01  2.417E+05  1.8277E+02  1.4156E+05  2.6995E+01  1.0177E+02  4.7695E+00  1.3924E+02  3.8563E-09
 -2.3000    537.4  3.99591E-01  2.417E+05  1.8277E+02  1.4156E+05  2.6995E+01  1.0177E+02  3.2893E+00  1.1341E+02  3.4225E-09
 -2.4000    543.4  3.57056E-01  2.417E+05  1.8277E+02  1.4156E+05  2.6995E+01  1.0177E+02  1.7675E+00  9.2879E+01  3.0399E-09
 -2.5000    549.5  3.18731E-01  2.417E+05  1.8277E+02  1.4156E+05  2.6995E+01  1.0177E+02  1.9775E-01  7.6901E+01  2.7030E-09
 -2.6000    555.6  2.76968E-01  2.417E+05  1.8277E+02  1.4156E+05  2.6995E+01  1.0177E+02  1.4983E+00  6.8175E+01  2.4266E-09
 -2.7000    561.7  2.42772E-01  2.417E+05  1.8277E+02  1.4156E+05  2.6995E+01  1.0177E+02  3.3863E+00  6.7668E+01  2.1954E-09
 -2.8000    567.8  2.11971E-01  2.417E+05  1.8277E+02  1.4156E+05  2.6995E+01  1.0177E+02  5.4808E+00  7.3006E+01  2.0049E-09
 -2.9000    573.9  1.86560E-01  2.417E+05  1.8277E+02  1.4156E+05  2.6995E+01  1.0177E+02  7.8012E+00  8.2487E+01  1.8443E-09
 -3.0000    579.9  1.63447E-01  2.417E+05  1.8277E+02  1.4156E+05  2.6995E+01  1.0177E+02  1.0373E+01  9.4660E+01  1.7110E-09
 -3.1000    586.0  1.42361E-01  2.417E+05  1.8277E+02  1.4156E+05  2.6995E+01  1.0177E+02  1.3269E+01  1.0946E+02  1.6030E-09
 -3.2000    592.1  1.23046E-01  2.417E+05  1.8277E+02  1.4156E+05  2.6995E+01  1.0177E+02  1.6586E+01  1.2690E+02  1.5187E-09
 -3.3000    598.2  1.05257E-01  2.417E+05  1.8277E+02  1.4156E+05  2.6995E+01  1.0177E+02  2.0468E+01  1.4714E+02  1.4570E-09
 -3.4000    604.3  8.87506E-02  2.417E+05  1.8277E+02  1.4156E+05  2.6995E+01  1.0177E+02  2.5122E+01  1.7046E+02  1.4174E-09
 -3.5000    610.4  7.20643E-02  2.417E+05  1.8277E+02  1.4156E+05  2.6995E+01  1.0177E+02  3.0929E+01  1.9811E+02  1.4050E-09
 -3.6000    616.4  5.73389E-02  2.417E+05  1.8277E+02  1.4156E+05  2.6995E+01  1.0177E+02  3.8456E+01  2.3104E+02  1.4169E-09
 -3.7000    622.5  4.39104E-02  2.417E+05  1.8277E+02  1.4156E+05  2.6995E+01  1.0177E+02  4.8598E+01  2.6941E+02  1.4528E-09
 -3.8000    628.6  3.10641E-02  2.417E+05  1.8277E+02  1.4156E+05  2.6995E+01  1.0177E+02  6.3160E+01  3.1442E+02  1.5155E-09
 -3.9000    634.7  1.69326E-02  2.417E+05  1.8277E+02  1.4156E+05  2.6995E+01  1.0177E+02  8.6808E+01  3.7047E+02  1.6202E-09
 -4.0000    640.8  0.00000E+00  2.417E+05  1.8277E+02  1.4156E+05  2.6995E+01  1.0177E+02  1.3781E+02  4.4967E+02  1.7998E-09
