  0.0000000E+00  0.0000000E+00  0.0000000E+00
  1.4000     30.8  0.00000E+00  0.000E+00  4.9192E+01  1.0905E+04  2.4169E+00  0.0000E+00 -8.2436E+01  2.0944E+05  3.3330E-07
  1.3000     31.4  0.00000E+00  0.000E+00  4.9192E+01  1.0905E+04  2.4169E+00  0.0000E+00 -7.6719E+01  2.0423E+05  3.3230E-07
  1.2000     32.0  0.00000E+00  0.000E+00  4.9192E+01  1.0905E+04  2.4169E+00  0.0000E+00 -7.1276E+01  1.9928E+05  3.3148E-07
  1.1000     32.7  0.00000E+00  0.000E+00  4.9192E+01  1.0905E+04  2.4169E+00  0.0000E+00 -6.6087E+01  1.9457E+05  3.3083E-07
  1.0000     33.3  0.00000E+00  0.000E+00  4.9192E+01  1.0905E+04  2.4169E+00  0.0000E+00 -6.1135E+01  1.9008E+05  3.3036E-07
  0.9000     33.9  0.00000E+00  0.000E+00  4.9192E+01  1.0905E+04  2.4169E+00  0.0000E+00 -5.6404E+01  1.8579E+05  3.3006E-07
  0.8000     34.6  0.00000E+00  0.000E+00  4.9192E+01  1.0905E+04  2.4169E+00  0.0000E+00 -5.1839E+01  1.8166E+05  3.3073E-07
  0.7000     35.2  0.00000E+00  0.000E+00  4.9192E+01  1.0905E+04  2.4169E+00  0.0000E+00 -4.7298E+01  1.7753E+05  3.3300E-07
  0.6000     35.8  0.00000E+00  0.000E+00  4.9192E+01  1.0905E+04  2.4169E+00  0.0000E+00 -4.2604E+01  1.7322E+05  3.3618E-07
  0.5000     36.5  0.00000E+00  0.000E+00  4.9192E+01  1.0905E+04  2.4169E+00  0.0000E+00 -3.7590E+01  1.6858E+05  3.3959E-07
  0.4000     37.1  0.00000E+00  0.000E+00  4.9192E+01  1.0905E+04  2.4169E+00  0.0000E+00 -3.2014E+01  1.6336E+05  3.4327E-07
  0.3000     37.7  0.00000E+00  0.000E+00  4.9192E+01  1.0905E+04  2.4169E+00  0.0000E+00 -2.5629E+01  1.5733E+05  3.4479E-07
  0.2000     38.3  0.00000E+00  0.000E+00  4.9192E+01  1.0905E+04  2.4169E+00  0.0000E+00 -1.8246E+01  1.5037E+05  3.4323E-07
  0.1000     39.0  0.00000E+00  0.000E+00  4.9192E+01  1.0905E+04  2.4169E+00  0.0000E+00 -9.7231E+00  1.4242E+05  3.3752E-07
  0.0000     39.6  0.00000E+00  0.000E+00  4.9192E+01  1.0905E+04  2.4169E+00  0.0000E+00  0.0000E+00  1.3357E+05  3.2752E-07
 -0.1000     40.2  0.00000E+00  0.000E+00  4.9192E+01  1.0905E+04  2.4169E+00  0.0000E+00  1.0905E+01  1.2400E+05  3.1343E-07
 -0.2000     40.9  0.00000E+00  0.000E+00  4.9192E+01  1.0905E+04  2.4169E+00  0.0000E+00  2.2895E+01  1.1400E+05  2.9606E-07
 -0.3000     41.5  0.00000E+00  0.000E+00  4.9192E+01  1.0905E+04  2.4169E+00  0.0000E+00  3.5834E+01  1.0385E+05  2.7639E-07
 -0.4000     42.1  0.00000E+00  0.000E+00  4.9192E+01  1.0905E+04  2.4169E+00  0.0000E+00  4.9537E+01  9.3877E+04  2.5528E-07
 -0.5000     42.8  0.00000E+00  0.000E+00  4.9192E+01  1.0905E+04  2.4169E+00  0.0000E+00  6.3825E+01  8.4304E+04  2.3393E-07
 -0.6000     43.4  0.00000E+00  0.000E+00  4.9192E+01  1.0905E+04  2.4169E+00  0.0000E+00  7.8568E+01  7.5277E+04  2.1305E-07
 -0.7000     44.0  0.00000E+00  0.000E+00  4.9192E+01  1.0905E+04  2.4169E+00  0.0000E+00  9.3649E+01  6.6884E+04  1.9315E-07
 -0.8000     44.6  0.00000E+00  0.000E+00  4.9192E+01  1.0905E+04  2.4169E+00  0.0000E+00  1.0892E+02  5.9197E+04  1.7417E-07
 -0.9000     45.3  0.00000E+00  0.000E+00  4.9192E+01  1.0905E+04  2.4169E+00  0.0000E+00  1.2423E+02  5.2259E+04  1.5641E-07
 -1.0000     45.9  0.00000E+00  0.000E+00  4.9192E+01  1.0905E+04  2.4169E+00  0.0000E+00  1.3948E+02  4.6062E+04  1.4001E-07
 -1.1000     46.5  0.00000E+00  0.000E+00  4.9192E+01  1.0905E+04  2.4169E+00  0.0000E+00  1.5460E+02  4.0563E+04  1.2524E-07
 -1.2000     47.2  0.00000E+00  0.000E+00  4.9192E+01  1.0905E+04  2.4169E+00  0.0000E+00  1.6956E+02  3.5702E+04  1.1178E-07
 -1.3000     47.8  0.00000E+00  0.000E+00  4.9192E+01  1.0905E+04  2.4169E+00  0.0000E+00  1.8435E+02  3.1416E+04  9.9563E-08
 -1.4000     48.4  0.00000E+00  0.000E+00  4.9192E+01  1.0905E+04  2.4169E+00  0.0000E+00  1.9898E+02  2.7640E+04  8.8589E-08
 -1.5000     49.1  0.00000E+00  0.000E+00  4.9192E+01  1.0905E+04  2.4169E+00  0.0000E+00  2.1346E+02  2.4317E+04  7.8830E-08
 -1.6000     49.7  0.00000E+00  0.000E+00  4.9192E+01  1.0905E+04  2.4169E+00  0.0000E+00  2.2778E+02  2.1394E+04  7.0081E-08
 -1.7000     50.3  0.00000E+00  0.000E+00  4.9192E+01  1.0905E+04  2.4169E+00  0.0000E+00  2.4197E+02  1.8821E+04  6.2177E-08
 -1.8000     50.9  0.00000E+00  0.000E+00  4.9192E+01  1.0905E+04  2.4169E+00  0.0000E+00  2.5606E+02  1.6556E+04  5.5046E-08
 -1.9000     51.6  0.00000E+00  0.000E+00  4.9192E+01  1.0905E+04  2.4169E+00  0.0000E+00  2.7008E+02  1.4562E+04  4.8728E-08
 -2.0000     52.2  0.00000E+00  0.000E+00  4.9192E+01  1.0905E+04  2.4169E+00  0.0000E+00  2.8402E+02  1.2806E+04  4.3131E-08
 -2.1000     52.8  0.00000E+00  0.000E+00  4.9192E+01  1.0905E+04  2.4169E+00  0.0000E+00  2.9790E+02  1.1259E+04  3.8172E-08
 -2.2000     53.5  0.00000E+00  0.000E+00  4.9192E+01  1.0905E+04  2.4169E+00  0.0000E+00  3.1170E+02  9.8982E+03  3.3778E-08
 -2.3000     54.1  0.00000E+00  0.000E+00  4.9192E+01  1.0905E+04  2.4169E+00  0.0000E+00  3.2544E+02  8.6995E+03  2.9852E-08
 -2.4000     54.7  0.00000E+00  0.000E+00  4.9192E+01  1.0905E+04  2.4169E+00  0.0000E+00  3.3914E+02  7.6438E+03  2.6375E-08
 -2.5000     55.4  0.00000E+00  0.000E+00  4.9192E+01  1.0905E+04  2.4169E+00  0.0000E+00  3.5279E+02  6.7138E+03  2.3296E-08
 -2.6000     56.0  0.00000E+00  0.000E+00  4.9192E+01  1.0905E+04  2.4169E+00  0.0000E+00  3.6640E+02  5.8949E+03  2.0615E-08
 -2.7000     56.6  0.00000E+00  0.000E+00  4.9192E+01  1.0905E+04  2.4169E+00  0.0000E+00  3.7994E+02  5.1741E+03  1.8218E-08
 -2.8000     57.2  0.00000E+00  0.000E+00  4.9192E+01  1.0905E+04  2.4169E+00  0.0000E+00  3.9344E+02  4.5393E+03  1.6092E-08
 -2.9000     57.9  0.00000E+00  0.000E+00  4.9192E+01  1.0905E+04  2.4169E+00  0.0000E+00  4.0691E+02  3.9801E+03  1.4191E-08
 -3.0000     58.5  0.00000E+00  0.000E+00  4.9192E+01  1.0905E+04  2.4169E+00  0.0000E+00  4.2037E+02  3.4873E+03  1.2506E-08
 -3.1000     59.1  0.00000E+00  0.000E+00  4.9192E+01  1.0905E+04  2.4169E+00  0.0000E+00  4.3385E+02  3.0529E+03  1.1012E-08
 -3.2000     59.8  0.00000E+00  0.000E+00  4.9192E+01  1.0905E+04  2.4169E+00  0.0000E+00  4.4735E+02  2.6698E+03  9.6862E-09
 -3.3000     60.4  0.00000E+00  0.000E+00  4.9192E+01  1.0905E+04  2.4169E+00  0.0000E+00  4.6091E+02  2.3319E+03  8.5099E-09
 -3.4000     61.0  0.00000E+00  0.000E+00  4.9192E+01  1.0905E+04  2.4169E+00  0.0000E+00  4.7453E+02  2.0335E+03  7.4651E-09
 -3.5000     61.7  0.00000E+00  0.000E+00  4.9192E+01  1.0905E+04  2.4169E+00  0.0000E+00  4.8826E+02  1.7700E+03  6.5441E-09
 -3.6000     62.3  0.00000E+00  0.000E+00  4.9192E+01  1.0905E+04  2.4169E+00  0.0000E+00  5.0213E+02  1.5370E+03  5.7166E-09
 -3.7000     62.9  0.00000E+00  0.000E+00  4.9192E+01  1.0905E+04  2.4169E+00  0.0000E+00  5.1623E+02  1.3306E+03  4.9729E-09
 -3.8000     63.5  0.00000E+00  0.000E+00  4.9192E+01  1.0905E+04  2.4169E+00  0.0000E+00  5.3065E+02  1.1473E+03  4.3037E-09
 -3.9000     64.2  0.00000E+00  0.000E+00  4.9192E+01  1.0905E+04  2.4169E+00  0.0000E+00  5.4554E+02  9.8417E+02  3.7052E-09
 -4.0000     64.8  0.00000E+00  0.000E+00  4.9192E+01  1.0905E+04  2.4169E+00  0.0000E+00  5.6107E+02  8.3829E+02  3.1600E-09
