  0.0000000E+00  0.0000000E+00  0.0000000E+00
  1.4000      1.0  0.00000E+00  0.000E+00  3.5608E+00  3.8137E+02  1.5424E-01  0.0000E+00 -8.2408E+01  2.0877E+05  3.3204E-07
  1.3000      1.0  0.00000E+00  0.000E+00  3.5635E+00  3.8137E+02  1.5414E-01  0.0000E+00 -7.6687E+01  2.0357E+05  3.3104E-07
  1.2000      1.1  0.00000E+00  0.000E+00  3.5660E+00  3.8137E+02  1.5405E-01  0.0000E+00 -7.1239E+01  1.9863E+05  3.3022E-07
  1.1000      1.1  0.00000E+00  0.000E+00  3.5686E+00  3.8137E+02  1.5395E-01  0.0000E+00 -6.6046E+01  1.9393E+05  3.2956E-07
  1.0000      1.1  0.00000E+00  0.000E+00  3.5712E+00  3.8137E+02  1.5385E-01  0.0000E+00 -6.1091E+01  1.8946E+05  3.2909E-07
  0.9000      1.1  0.00000E+00  0.000E+00  3.5739E+00  3.8137E+02  1.5376E-01  0.0000E+00 -5.6358E+01  1.8519E+05  3.2880E-07
  0.8000      1.2  0.00000E+00  0.000E+00  3.5764E+00  3.8137E+02  1.5366E-01  0.0000E+00 -5.1791E+01  1.8107E+05  3.2946E-07
  0.7000      1.2  0.00000E+00  0.000E+00  3.5790E+00  3.8137E+02  1.5356E-01  0.0000E+00 -4.7249E+01  1.7695E+05  3.3172E-07
  0.6000      1.2  0.00000E+00  0.000E+00  3.5815E+00  3.8137E+02  1.5347E-01  0.0000E+00 -4.2554E+01  1.7266E+05  3.3489E-07
  0.5000      1.2  0.00000E+00  0.000E+00  3.5842E+00  3.8137E+02  1.5337E-01  0.0000E+00 -3.7540E+01  1.6804E+05  3.3828E-07
  0.4000      1.2  0.00000E+00  0.000E+00  3.5868E+00  3.8137E+02  1.5327E-01  0.0000E+00 -3.1967E+01  1.6284E+05  3.4194E-07
  0.3000      1.3  0.00000E+00  0.000E+00  3.5894E+00  3.8137E+02  1.5317E-01  0.0000E+00 -2.5586E+01  1.5684E+05  3.4346E-07
  0.2000      1.3  0.00000E+00  0.000E+00  3.5920E+00  3.8137E+02  1.5308E-01  0.0000E+00 -1.8212E+01  1.4992E+05  3.4193E-07
  0.1000      1.3  0.00000E+00  0.000E+00  3.5946E+00  3.8137E+02  1.5297E-01  0.0000E+00 -9.7031E+00  1.4201E+05  3.3626E-07
  0.0000      1.3  0.00000E+00  0.000E+00  3.5972E+00  3.8137E+02  1.5288E-01  0.0000E+00  0.0000E+00  1.3321E+05  3.2635E-07
 -0.1000      1.3  0.00000E+00  0.000E+00  3.5998E+00  3.8137E+02  1.5278E-01  0.0000E+00  1.0878E+01  1.2369E+05  3.1237E-07
 -0.2000      1.4  0.00000E+00  0.000E+00  3.6024E+00  3.8137E+02  1.5269E-01  0.0000E+00  2.2837E+01  1.1375E+05  2.9513E-07
 -0.3000      1.4  0.00000E+00  0.000E+00  3.6050E+00  3.8137E+02  1.5259E-01  0.0000E+00  3.5742E+01  1.0366E+05  2.7561E-07
 -0.4000      1.4  0.00000E+00  0.000E+00  3.6075E+00  3.8137E+02  1.5249E-01  0.0000E+00  4.9409E+01  9.3740E+04  2.5464E-07
 -0.5000      1.4  0.00000E+00  0.000E+00  3.6102E+00  3.8137E+02  1.5239E-01  0.0000E+00  6.3663E+01  8.4212E+04  2.3342E-07
 -0.6000      1.4  0.00000E+00  0.000E+00  3.6127E+00  3.8137E+02  1.5229E-01  0.0000E+00  7.8377E+01  7.5221E+04  2.1265E-07
 -0.7000      1.5  0.00000E+00  0.000E+00  3.6154E+00  3.8137E+02  1.5220E-01  0.0000E+00  9.3436E+01  6.6855E+04  1.9283E-07
 -0.8000      1.5  0.00000E+00  0.000E+00  3.6179E+00  3.8137E+02  1.5210E-01  0.0000E+00  1.0870E+02  5.9185E+04  1.7392E-07
 -0.9000      1.5  0.00000E+00  0.000E+00  3.6205E+00  3.8137E+02  1.5200E-01  0.0000E+00  1.2400E+02  5.2258E+04  1.5621E-07
 -1.0000      1.5  0.00000E+00  0.000E+00  3.6231E+00  3.8137E+02  1.5190E-01  0.0000E+00  1.3926E+02  4.6067E+04  1.3984E-07
 -1.1000      1.5  0.00000E+00  0.000E+00  3.6257E+00  3.8137E+02  1.5181E-01  0.0000E+00  1.5439E+02  4.0570E+04  1.2510E-07
 -1.2000      1.6  0.00000E+00  0.000E+00  3.6283E+00  3.8137E+02  1.5171E-01  0.0000E+00  1.6936E+02  3.5710E+04  1.1166E-07
 -1.3000      1.6  0.00000E+00  0.000E+00  3.6309E+00  3.8137E+02  1.5161E-01  0.0000E+00  1.8417E+02  3.1424E+04  9.9447E-08
 -1.4000      1.6  0.00000E+00  0.000E+00  3.6335E+00  3.8137E+02  1.5152E-01  0.0000E+00  1.9882E+02  2.7648E+04  8.8484E-08
 -1.5000      1.6  0.00000E+00  0.000E+00  3.6361E+00  3.8137E+02  1.5142E-01  0.0000E+00  2.1332E+02  2.4324E+04  7.8735E-08
 -1.6000      1.7  0.00000E+00  0.000E+00  3.6387E+00  3.8137E+02  1.5132E-01  0.0000E+00  2.2766E+02  2.1400E+04  6.9993E-08
 -1.7000      1.7  0.00000E+00  0.000E+00  3.6413E+00  3.8137E+02  1.5122E-01  0.0000E+00  2.4187E+02  1.8827E+04  6.2098E-08
 -1.8000      1.7  0.00000E+00  0.000E+00  3.6439E+00  3.8137E+02  1.5113E-01  0.0000E+00  2.5599E+02  1.6561E+04  5.4975E-08
 -1.9000      1.7  0.00000E+00  0.000E+00  3.6465E+00  3.8137E+02  1.5103E-01  0.0000E+00  2.7003E+02  1.4566E+04  4.8663E-08
 -2.0000      1.7  0.00000E+00  0.000E+00  3.6491E+00  3.8137E+02  1.5093E-01  0.0000E+00  2.8399E+02  1.2810E+04  4.3071E-08
 -2.1000      1.8  0.00000E+00  0.000E+00  3.6517E+00  3.8137E+02  1.5083E-01  0.0000E+00  2.9789E+02  1.1263E+04  3.8117E-08
 -2.2000      1.8  0.00000E+00  0.000E+00  3.6543E+00  3.8137E+02  1.5074E-01  0.0000E+00  3.1172E+02  9.9010E+03  3.3728E-08
 -2.3000      1.8  0.00000E+00  0.000E+00  3.6569E+00  3.8137E+02  1.5064E-01  0.0000E+00  3.2549E+02  8.7018E+03  2.9806E-08
 -2.4000      1.8  0.00000E+00  0.000E+00  3.6595E+00  3.8137E+02  1.5054E-01  0.0000E+00  3.3921E+02  7.6454E+03  2.6332E-08
 -2.5000      1.8  0.00000E+00  0.000E+00  3.6620E+00  3.8137E+02  1.5044E-01  0.0000E+00  3.5290E+02  6.7149E+03  2.3256E-08
 -2.6000      1.9  0.00000E+00  0.000E+00  3.6647E+00  3.8137E+02  1.5035E-01  0.0000E+00  3.6654E+02  5.8954E+03  2.0578E-08
 -2.7000      1.9  0.00000E+00  0.000E+00  3.6673E+00  3.8137E+02  1.5025E-01  0.0000E+00  3.8012E+02  5.1740E+03  1.8182E-08
 -2.8000      1.9  0.00000E+00  0.000E+00  3.6699E+00  3.8137E+02  1.5015E-01  0.0000E+00  3.9365E+02  4.5387E+03  1.6058E-08
 -2.9000      1.9  0.00000E+00  0.000E+00  3.6725E+00  3.8137E+02  1.5005E-01  0.0000E+00  4.0717E+02  3.9790E+03  1.4158E-08
 -3.0000      1.9  0.00000E+00  0.000E+00  3.6750E+00  3.8137E+02  1.4996E-01  0.0000E+00  4.2068E+02  3.4857E+03  1.2474E-08
 -3.1000      2.0  0.00000E+00  0.000E+00  3.6777E+00  3.8137E+02  1.4986E-01  0.0000E+00  4.3421E+02  3.0508E+03  1.0981E-08
 -3.2000      2.0  0.00000E+00  0.000E+00  3.6802E+00  3.8137E+02  1.4976E-01  0.0000E+00  4.4777E+02  2.6672E+03  9.6560E-09
 -3.3000      2.0  0.00000E+00  0.000E+00  3.6829E+00  3.8137E+02  1.4966E-01  0.0000E+00  4.6139E+02  2.3287E+03  8.4797E-09
 -3.4000      2.0  0.00000E+00  0.000E+00  3.6854E+00  3.8137E+02  1.4957E-01  0.0000E+00  4.7510E+02  2.0297E+03  7.4344E-09
 -3.5000      2.0  0.00000E+00  0.000E+00  3.6880E+00  3.8137E+02  1.4947E-01  0.0000E+00  4.8892E+02  1.7655E+03  6.5126E-09
 -3.6000      2.1  0.00000E+00  0.000E+00  3.6906E+00  3.8137E+02  1.4937E-01  0.0000E+00  5.0291E+02  1.5318E+03  5.6841E-09
 -3.7000      2.1  0.00000E+00  0.000E+00  3.6932E+00  3.8137E+02  1.4928E-01  0.0000E+00  5.1715E+02  1.3245E+03  4.9387E-09
 -3.8000      2.1  0.00000E+00  0.000E+00  3.6958E+00  3.8137E+02  1.4918E-01  0.0000E+00  5.3176E+02  1.1404E+03  4.2675E-09
 -3.9000      2.1  0.00000E+00  0.000E+00  3.6984E+00  3.8137E+02  1.4908E-01  0.0000E+00  5.4689E+02  9.7617E+02  3.6662E-09
 -4.0000      2.1  0.00000E+00  0.000E+00  3.7010E+00  3.8137E+02  1.4898E-01  0.0000E+00  5.6275E+02  8.2902E+02  3.1174E-09
