   0.00000000       0.00000000       6.85559082    
  1.4000    307.4  5.75317E+02  5.512E+05  1.6263E+03  6.9240E+05  1.2935E+01  3.5812E+01  1.2845E+01  2.3262E+04  5.9313E-08
  1.3000    285.2  5.11598E+02  5.512E+05  1.5412E+03  6.3458E+05  1.2935E+01  3.5812E+01  1.0953E+01  1.9032E+04  4.9353E-08
  1.2000    263.7  4.50003E+02  5.512E+05  1.4586E+03  5.7986E+05  1.2935E+01  3.5812E+01  9.2923E+00  1.5718E+04  4.1479E-08
  1.1000    242.8  3.91230E+02  5.512E+05  1.3786E+03  5.2819E+05  1.2935E+01  3.5812E+01  7.8589E+00  1.3116E+04  3.5219E-08
  1.0000    222.5  3.35802E+02  5.512E+05  1.3011E+03  4.7948E+05  1.2935E+01  3.5812E+01  6.6403E+00  1.1070E+04  3.0216E-08
  0.9000    203.0  2.84296E+02  5.512E+05  1.2263E+03  4.3368E+05  1.2935E+01  3.5812E+01  5.6185E+00  9.4589E+03  2.6195E-08
  0.8000    184.2  2.32139E+02  5.512E+05  1.1540E+03  3.9071E+05  1.2935E+01  3.5812E+01  4.7644E+00  8.1749E+03  2.2990E-08
  0.7000    166.1  1.78282E+02  5.512E+05  1.0843E+03  3.5051E+05  1.2935E+01  3.5812E+01  4.0344E+00  7.1141E+03  2.0416E-08
  0.6000    148.8  1.29317E+02  5.512E+05  1.0172E+03  3.1301E+05  1.2935E+01  3.5812E+01  3.3876E+00  6.1956E+03  1.8227E-08
  0.5000    132.2  8.90259E+01  5.512E+05  9.5268E+02  2.7814E+05  1.2935E+01  3.5812E+01  2.7941E+00  5.3684E+03  1.6260E-08
  0.4000    116.5  5.69537E+01  5.512E+05  8.9072E+02  2.4583E+05  1.2935E+01  3.5812E+01  2.2248E+00  4.5899E+03  1.4430E-08
  0.3000    101.6  3.54003E+01  5.512E+05  8.3135E+02  2.1602E+05  1.2935E+01  3.5812E+01  1.6595E+00  3.8361E+03  1.2559E-08
  0.2000     87.5  2.15658E+01  5.512E+05  7.7456E+02  1.8863E+05  1.2935E+01  3.5812E+01  1.0943E+00  3.1092E+03  1.0641E-08
  0.1000     74.4  1.31302E+01  5.512E+05  7.2035E+02  1.6360E+05  1.2935E+01  3.5812E+01  5.3604E-01  2.4245E+03  8.7023E-09
  0.0000     62.1  8.00127E+00  5.512E+05  6.6872E+02  1.4086E+05  1.2935E+01  3.5812E+01  0.0000E+00  1.8050E+03  6.8304E-09
 -0.1000     50.7  4.88477E+00  5.512E+05  6.1966E+02  1.2034E+05  1.2935E+01  3.5812E+01  4.9639E-01  1.2706E+03  5.1114E-09
 -0.2000     40.3  2.96015E+00  5.512E+05  5.7319E+02  1.0198E+05  1.2935E+01  3.5812E+01  9.3725E-01  8.3334E+02  3.6172E-09
 -0.3000     30.8  1.75493E+00  5.512E+05  5.2930E+02  8.5706E+04  1.2935E+01  3.5812E+01  1.3114E+00  4.9516E+02  2.3857E-09
 -0.4000     22.3  1.00555E+00  5.512E+05  4.8798E+02  7.1449E+04  1.2935E+01  3.5812E+01  1.6124E+00  2.5008E+02  1.4231E-09
 -0.5000     14.8  5.30827E-01  5.512E+05  4.4925E+02  5.9142E+04  1.2935E+01  3.5812E+01  1.8388E+00  8.6305E+01  7.1681E-10
 -0.6000      8.3  2.38200E-01  5.512E+05  4.1310E+02  4.8717E+04  1.2935E+01  3.5812E+01  1.9938E+00  1.1203E+01  2.3344E-10
 -0.7000      2.9  6.94122E-02  5.512E+05  3.7952E+02  4.0106E+04  1.2935E+01  3.5812E+01  2.0836E+00  5.7691E+01  6.5555E-11
 -0.8000      1.5  1.58596E-02  5.512E+05  3.4853E+02  3.3242E+04  1.2935E+01  3.5812E+01  2.1177E+00  6.7797E+01  2.1949E-10
 -0.9000      4.7  5.16949E-02  5.512E+05  3.2011E+02  2.8055E+04  1.2935E+01  3.5812E+01  2.1089E+00  5.5152E+01  2.6650E-10
 -1.0000      6.9  6.00696E-02  5.512E+05  2.9428E+02  2.4479E+04  1.2935E+01  3.5812E+01  2.0712E+00  3.1469E+01  2.4265E-10
 -1.1000      7.9  5.29027E-02  5.512E+05  2.7102E+02  2.2445E+04  1.2935E+01  3.5812E+01  2.0195E+00  5.8281E+00  1.7965E-10
 -1.2000      7.7  4.04062E-02  5.512E+05  2.5035E+02  2.1884E+04  1.2935E+01  3.5812E+01  1.9658E+00  1.6039E+01  9.9448E-11
 -1.3000      6.4  2.70820E-02  5.512E+05  2.3225E+02  2.2730E+04  1.2935E+01  3.5812E+01  1.9157E+00  3.1992E+01  1.5021E-11
 -1.4000      3.9  1.46744E-02  5.512E+05  2.1674E+02  2.4914E+04  1.2935E+01  3.5812E+01  1.8687E+00  4.2338E+01  6.8106E-11
 -1.5000      0.2  4.21715E-03  5.512E+05  2.0380E+02  2.8368E+04  1.2935E+01  3.5812E+01  1.8179E+00  4.8814E+01  1.4998E-10
 -1.6000      4.8  3.92020E-03  5.512E+05  1.9344E+02  3.3024E+04  1.2935E+01  3.5812E+01  1.7500E+00  5.3953E+01  2.3420E-10
 -1.7000     11.1  1.02934E-02  5.512E+05  1.8567E+02  3.8813E+04  1.2935E+01  3.5812E+01  1.6474E+00  6.0125E+01  3.2434E-10
 -1.8000     18.6  1.54376E-02  5.512E+05  1.8047E+02  4.5669E+04  1.2935E+01  3.5812E+01  1.4905E+00  6.8945E+01  4.2258E-10
 -1.9000     27.5  1.94399E-02  5.512E+05  1.7785E+02  5.3522E+04  1.2935E+01  3.5812E+01  1.2575E+00  8.1472E+01  5.3166E-10
 -2.0000     37.7  2.26264E-02  5.512E+05  1.7782E+02  6.2305E+04  1.2935E+01  3.5812E+01  9.2508E-01  9.8270E+01  6.5278E-10
 -2.1000     49.2  2.53270E-02  5.512E+05  1.8036E+02  7.1950E+04  1.2935E+01  3.5812E+01  4.7037E-01  1.1927E+02  7.8562E-10
 -2.2000     62.1  2.78154E-02  5.512E+05  1.8548E+02  8.2389E+04  1.2935E+01  3.5812E+01  1.2668E-01  1.4384E+02  9.2823E-10
 -2.3000     76.4  3.00866E-02  5.512E+05  1.9318E+02  9.3553E+04  1.2935E+01  3.5812E+01  8.8492E-01  1.7107E+02  1.0762E-09
 -2.4000     92.1  3.22782E-02  5.512E+05  2.0346E+02  1.0538E+05  1.2935E+01  3.5812E+01  1.8207E+00  1.9991E+02  1.2274E-09
 -2.5000    109.3  3.44325E-02  5.512E+05  2.1632E+02  1.1779E+05  1.2935E+01  3.5812E+01  2.9448E+00  2.2910E+02  1.3779E-09
 -2.6000    128.0  3.71113E-02  5.512E+05  2.3177E+02  1.3072E+05  1.2935E+01  3.5812E+01  4.2489E+00  2.5664E+02  1.5255E-09
 -2.7000    148.1  3.95082E-02  5.512E+05  2.4979E+02  1.4411E+05  1.2935E+01  3.5812E+01  5.7178E+00  2.8069E+02  1.6569E-09
 -2.8000    169.7  4.17457E-02  5.512E+05  2.7039E+02  1.5788E+05  1.2935E+01  3.5812E+01  7.3372E+00  3.0008E+02  1.7692E-09
 -2.9000    192.9  4.34284E-02  5.512E+05  2.9357E+02  1.7197E+05  1.2935E+01  3.5812E+01  9.0907E+00  3.1394E+02  1.8554E-09
 -3.0000    217.6  4.47104E-02  5.512E+05  3.1933E+02  1.8631E+05  1.2935E+01  3.5812E+01  1.0958E+01  3.2169E+02  1.9145E-09
 -3.1000    243.8  4.53894E-02  5.512E+05  3.4767E+02  2.0083E+05  1.2935E+01  3.5812E+01  1.2867E+01  3.2134E+02  1.9378E-09
 -3.2000    271.7  4.56788E-02  5.512E+05  3.7859E+02  2.1546E+05  1.2935E+01  3.5812E+01  1.4762E+01  3.1227E+02  1.9206E-09
 -3.3000    301.2  4.53398E-02  5.512E+05  4.1208E+02  2.3014E+05  1.2935E+01  3.5812E+01  1.6610E+01  2.9523E+02  1.8640E-09
 -3.4000    332.3  4.43643E-02  5.512E+05  4.4816E+02  2.4480E+05  1.2935E+01  3.5812E+01  1.8326E+01  2.6986E+02  1.7646E-09
 -3.5000    365.1  4.27880E-02  5.512E+05  4.8682E+02  2.5937E+05  1.2935E+01  3.5812E+01  1.9763E+01  2.3522E+02  1.6189E-09
 -3.6000    399.6  4.06150E-02  5.512E+05  5.2806E+02  2.7378E+05  1.2935E+01  3.5812E+01  2.0730E+01  1.9101E+02  1.4167E-09
 -3.7000    435.8  3.80033E-02  5.512E+05  5.7188E+02  2.8796E+05  1.2935E+01  3.5812E+01  2.0986E+01  1.3815E+02  1.1603E-09
 -3.8000    473.7  3.50509E-02  5.512E+05  6.1828E+02  3.0184E+05  1.2935E+01  3.5812E+01  2.0075E+01  7.7261E+01  8.5097E-10
 -3.9000    513.4  3.20974E-02  5.512E+05  6.6725E+02  3.1537E+05  1.2935E+01  3.5812E+01  1.8546E+01  2.2151E+01  5.2435E-10
 -4.0000    554.8  2.37977E-02  5.512E+05  7.1881E+02  3.2846E+05  1.2935E+01  3.5812E+01  1.9945E+01  0.0000E+00  3.1903E-10
