   0.00000000       0.00000000       7.55557632    
  1.4000     29.8  3.04940E+01  2.103E+07  3.9696E+02  7.9148E+04  2.3553E+01  6.8979E+01  2.6631E-01  6.7877E+03  1.5625E-08
  1.3000     30.1  2.97687E+01  2.103E+07  3.9696E+02  7.9148E+04  2.3553E+01  6.8979E+01  1.7057E-01  6.2959E+03  1.4488E-08
  1.2000     30.5  2.88923E+01  2.103E+07  3.9696E+02  7.9148E+04  2.3553E+01  6.8979E+01  8.8455E-02  5.8819E+03  1.3554E-08
  1.1000     30.8  2.78712E+01  2.103E+07  3.9696E+02  7.9148E+04  2.3553E+01  6.8979E+01  1.9226E-02  5.5307E+03  1.2783E-08
  1.0000     31.1  2.67083E+01  2.103E+07  3.9696E+02  7.9148E+04  2.3553E+01  6.8979E+01  3.8147E-02  5.2304E+03  1.2146E-08
  0.9000     31.5  2.54144E+01  2.103E+07  3.9696E+02  7.9148E+04  2.3553E+01  6.8979E+01  8.4862E-02  4.9715E+03  1.1617E-08
  0.8000     31.8  2.34615E+01  2.103E+07  3.9696E+02  7.9148E+04  2.3553E+01  6.8979E+01  1.2222E-01  4.7439E+03  1.1205E-08
  0.7000     32.2  2.04612E+01  2.103E+07  3.9696E+02  7.9148E+04  2.3553E+01  6.8979E+01  1.5140E-01  4.5340E+03  1.0909E-08
  0.6000     32.5  1.69395E+01  2.103E+07  3.9696E+02  7.9148E+04  2.3553E+01  6.8979E+01  1.7272E-01  4.3289E+03  1.0678E-08
  0.5000     32.9  1.33857E+01  2.103E+07  3.9696E+02  7.9148E+04  2.3553E+01  6.8979E+01  1.8516E-01  4.1180E+03  1.0472E-08
  0.4000     33.2  9.87120E+00  2.103E+07  3.9696E+02  7.9148E+04  2.3553E+01  6.8979E+01  1.8597E-01  3.8888E+03  1.0273E-08
  0.3000     33.6  7.12926E+00  2.103E+07  3.9696E+02  7.9148E+04  2.3553E+01  6.8979E+01  1.7109E-01  3.6306E+03  9.9839E-09
  0.2000     33.9  5.09584E+00  2.103E+07  3.9696E+02  7.9148E+04  2.3553E+01  6.8979E+01  1.3651E-01  3.3402E+03  9.5716E-09
  0.1000     34.2  3.69162E+00  2.103E+07  3.9696E+02  7.9148E+04  2.3553E+01  6.8979E+01  7.9639E-02  3.0205E+03  9.0124E-09
  0.0000     34.6  2.72283E+00  2.103E+07  3.9696E+02  7.9148E+04  2.3553E+01  6.8979E+01  0.0000E+00  2.6811E+03  8.3261E-09
 -0.1000     34.9  2.05779E+00  2.103E+07  3.9696E+02  7.9148E+04  2.3553E+01  6.8979E+01  1.0113E-01  2.3344E+03  7.5449E-09
 -0.2000     35.3  1.58851E+00  2.103E+07  3.9696E+02  7.9148E+04  2.3553E+01  6.8979E+01  2.2153E-01  1.9932E+03  6.7136E-09
 -0.3000     35.6  1.24646E+00  2.103E+07  3.9696E+02  7.9148E+04  2.3553E+01  6.8979E+01  3.5887E-01  1.6673E+03  5.8720E-09
 -0.4000     36.0  9.98579E-01  2.103E+07  3.9696E+02  7.9148E+04  2.3553E+01  6.8979E+01  5.1155E-01  1.3636E+03  5.0468E-09
 -0.5000     36.3  8.00716E-01  2.103E+07  3.9696E+02  7.9148E+04  2.3553E+01  6.8979E+01  6.7747E-01  1.0865E+03  4.2673E-09
 -0.6000     36.7  6.34856E-01  2.103E+07  3.9696E+02  7.9148E+04  2.3553E+01  6.8979E+01  8.5173E-01  8.3872E+02  3.5495E-09
 -0.7000     37.0  4.90962E-01  2.103E+07  3.9696E+02  7.9148E+04  2.3553E+01  6.8979E+01  1.0241E+00  6.2364E+02  2.9082E-09
 -0.8000     37.3  3.80087E-01  2.103E+07  3.9696E+02  7.9148E+04  2.3553E+01  6.8979E+01  1.1834E+00  4.4387E+02  2.3466E-09
 -0.9000     37.7  2.95619E-01  2.103E+07  3.9696E+02  7.9148E+04  2.3553E+01  6.8979E+01  1.3222E+00  2.9913E+02  1.8700E-09
 -1.0000     38.0  2.32085E-01  2.103E+07  3.9696E+02  7.9148E+04  2.3553E+01  6.8979E+01  1.4355E+00  1.8674E+02  1.4765E-09
 -1.1000     38.4  1.78751E-01  2.103E+07  3.9696E+02  7.9148E+04  2.3553E+01  6.8979E+01  1.5145E+00  1.0439E+02  1.1685E-09
 -1.2000     38.7  1.39895E-01  2.103E+07  3.9696E+02  7.9148E+04  2.3553E+01  6.8979E+01  1.5523E+00  4.8602E+01  9.3494E-10
 -1.3000     39.1  1.11632E-01  2.103E+07  3.9696E+02  7.9148E+04  2.3553E+01  6.8979E+01  1.5518E+00  1.3188E+01  7.6160E-10
 -1.4000     39.4  8.97832E-02  2.103E+07  3.9696E+02  7.9148E+04  2.3553E+01  6.8979E+01  1.5150E+00  6.9570E+00  6.3719E-10
 -1.5000     39.8  7.22764E-02  2.103E+07  3.9696E+02  7.9148E+04  2.3553E+01  6.8979E+01  1.4407E+00  1.5293E+01  5.5381E-10
 -1.6000     40.1  5.91909E-02  2.103E+07  3.9696E+02  7.9148E+04  2.3553E+01  6.8979E+01  1.3300E+00  1.5170E+01  5.0074E-10
 -1.7000     40.4  4.95578E-02  2.103E+07  3.9696E+02  7.9148E+04  2.3553E+01  6.8979E+01  1.1883E+00  9.9219E+00  4.6730E-10
 -1.8000     40.8  4.21170E-02  2.103E+07  3.9696E+02  7.9148E+04  2.3553E+01  6.8979E+01  1.0193E+00  1.8379E+00  4.4660E-10
 -1.9000     41.1  3.59845E-02  2.103E+07  3.9696E+02  7.9148E+04  2.3553E+01  6.8979E+01  8.2449E-01  7.7598E+00  4.3626E-10
 -2.0000     41.5  3.09823E-02  2.103E+07  3.9696E+02  7.9148E+04  2.3553E+01  6.8979E+01  6.0446E-01  1.8006E+01  4.3316E-10
 -2.1000     41.8  2.69297E-02  2.103E+07  3.9696E+02  7.9148E+04  2.3553E+01  6.8979E+01  3.6124E-01  2.8150E+01  4.3449E-10
 -2.2000     42.2  2.36453E-02  2.103E+07  3.9696E+02  7.9148E+04  2.3553E+01  6.8979E+01  9.7626E-02  3.7599E+01  4.3790E-10
 -2.3000     42.5  2.08659E-02  2.103E+07  3.9696E+02  7.9148E+04  2.3553E+01  6.8979E+01  1.8460E-01  4.6048E+01  4.4108E-10
 -2.4000     42.9  1.85402E-02  2.103E+07  3.9696E+02  7.9148E+04  2.3553E+01  6.8979E+01  4.8392E-01  5.3357E+01  4.4398E-10
 -2.5000     43.2  1.65702E-02  2.103E+07  3.9696E+02  7.9148E+04  2.3553E+01  6.8979E+01  7.9749E-01  5.9378E+01  4.4560E-10
 -2.6000     43.5  1.50497E-02  2.103E+07  3.9696E+02  7.9148E+04  2.3553E+01  6.8979E+01  1.1173E+00  6.3774E+01  4.4575E-10
 -2.7000     43.9  1.36546E-02  2.103E+07  3.9696E+02  7.9148E+04  2.3553E+01  6.8979E+01  1.4360E+00  6.6375E+01  4.4102E-10
 -2.8000     44.2  1.24097E-02  2.103E+07  3.9696E+02  7.9148E+04  2.3553E+01  6.8979E+01  1.7495E+00  6.7305E+01  4.3206E-10
 -2.9000     44.6  1.12250E-02  2.103E+07  3.9696E+02  7.9148E+04  2.3553E+01  6.8979E+01  2.0544E+00  6.6728E+01  4.1825E-10
 -3.0000     44.9  1.01272E-02  2.103E+07  3.9696E+02  7.9148E+04  2.3553E+01  6.8979E+01  2.3477E+00  6.4832E+01  4.0057E-10
 -3.1000     45.3  9.09784E-03  2.103E+07  3.9696E+02  7.9148E+04  2.3553E+01  6.8979E+01  2.6238E+00  6.1695E+01  3.7891E-10
 -3.2000     45.6  8.10255E-03  2.103E+07  3.9696E+02  7.9148E+04  2.3553E+01  6.8979E+01  2.8794E+00  5.7461E+01  3.5332E-10
 -3.3000     46.0  7.16031E-03  2.103E+07  3.9696E+02  7.9148E+04  2.3553E+01  6.8979E+01  3.1087E+00  5.2238E+01  3.2384E-10
 -3.4000     46.3  6.26379E-03  2.103E+07  3.9696E+02  7.9148E+04  2.3553E+01  6.8979E+01  3.3016E+00  4.6079E+01  2.9039E-10
 -3.5000     46.6  5.40059E-03  2.103E+07  3.9696E+02  7.9148E+04  2.3553E+01  6.8979E+01  3.4426E+00  3.8977E+01  2.5301E-10
 -3.6000     47.0  4.60449E-03  2.103E+07  3.9696E+02  7.9148E+04  2.3553E+01  6.8979E+01  3.5121E+00  3.0991E+01  2.1059E-10
 -3.7000     47.3  3.89197E-03  2.103E+07  3.9696E+02  7.9148E+04  2.3553E+01  6.8979E+01  3.4834E+00  2.2319E+01  1.6394E-10
 -3.8000     47.7  3.26671E-03  2.103E+07  3.9696E+02  7.9148E+04  2.3553E+01  6.8979E+01  3.2976E+00  1.3038E+01  1.1339E-10
 -3.9000     48.0  2.98666E-03  2.103E+07  3.9696E+02  7.9148E+04  2.3553E+01  6.8979E+01  2.9778E+00  4.6604E+00  6.3240E-11
 -4.0000     48.4  2.44994E-03  2.103E+07  3.9696E+02  7.9148E+04  2.3553E+01  6.8979E+01  2.8058E+00  0.0000E+00  3.0002E-11
