   0.00000000       0.00000000       5.63272858    
  1.4000     58.0  6.78958E+01  7.993E+06  4.9652E+02  7.7358E+05  1.4261E+01  3.4795E+01  2.1457E+00  6.5072E+03  1.7438E-08
  1.3000     53.1  6.03922E+01  7.626E+06  4.9645E+02  7.0722E+05  1.4261E+01  3.4795E+01  1.7909E+00  5.2669E+03  1.4234E-08
  1.2000     48.5  5.30833E+01  7.268E+06  4.9638E+02  6.4456E+05  1.4261E+01  3.4795E+01  1.4848E+00  4.3230E+03  1.1780E-08
  1.1000     44.1  4.61069E+01  6.918E+06  4.9631E+02  5.8550E+05  1.4261E+01  3.4795E+01  1.2261E+00  3.6033E+03  9.8892E-09
  1.0000     40.0  3.95298E+01  6.577E+06  4.9625E+02  5.2995E+05  1.4261E+01  3.4795E+01  1.0116E+00  3.0535E+03  8.4260E-09
  0.9000     36.1  3.34395E+01  6.245E+06  4.9618E+02  4.7783E+05  1.4261E+01  3.4795E+01  8.3701E-01  2.6327E+03  7.2873E-09
  0.8000     32.5  2.72292E+01  5.922E+06  4.9611E+02  4.2904E+05  1.4261E+01  3.4795E+01  6.9597E-01  2.3062E+03  6.4101E-09
  0.7000     29.1  2.07792E+01  5.607E+06  4.9604E+02  3.8350E+05  1.4261E+01  3.4795E+01  5.7949E-01  2.0427E+03  5.7305E-09
  0.6000     26.0  1.49526E+01  5.301E+06  4.9597E+02  3.4112E+05  1.4261E+01  3.4795E+01  4.7939E-01  1.8183E+03  5.1737E-09
  0.5000     23.2  1.02275E+01  5.004E+06  4.9590E+02  3.0180E+05  1.4261E+01  3.4795E+01  3.9006E-01  1.6187E+03  4.6912E-09
  0.4000     20.6  6.50256E+00  4.716E+06  4.9583E+02  2.6546E+05  1.4261E+01  3.4795E+01  3.0639E-01  1.4319E+03  4.2594E-09
  0.3000     18.2  4.04608E+00  4.436E+06  4.9576E+02  2.3201E+05  1.4261E+01  3.4795E+01  2.2503E-01  1.2514E+03  3.8275E-09
  0.2000     16.1  2.49485E+00  4.166E+06  4.9569E+02  2.0135E+05  1.4261E+01  3.4795E+01  1.4573E-01  1.0775E+03  3.3917E-09
  0.1000     14.3  1.56329E+00  3.903E+06  4.9562E+02  1.7340E+05  1.4261E+01  3.4795E+01  6.9950E-02  9.1338E+02  2.9559E-09
  0.0000     12.7  1.00274E+00  3.650E+06  4.9555E+02  1.4808E+05  1.4261E+01  3.4795E+01  0.0000E+00  7.6388E+02  2.5386E-09
 -0.1000     11.4  6.63998E-01  3.406E+06  4.9548E+02  1.2528E+05  1.4261E+01  3.4795E+01  6.2230E-02  6.3231E+02  2.1553E-09
 -0.2000     10.3  4.54836E-01  3.170E+06  4.9541E+02  1.0492E+05  1.4261E+01  3.4795E+01  1.1595E-01  5.1980E+02  1.8175E-09
 -0.3000      9.5  3.22266E-01  2.943E+06  4.9534E+02  8.6908E+04  1.4261E+01  3.4795E+01  1.6165E-01  4.2519E+02  1.5283E-09
 -0.4000      9.0  2.38941E-01  2.724E+06  4.9527E+02  7.1159E+04  1.4261E+01  3.4795E+01  2.0097E-01  3.4602E+02  1.2838E-09
 -0.5000      8.7  1.82539E-01  2.515E+06  4.9520E+02  5.7581E+04  1.4261E+01  3.4795E+01  2.3601E-01  2.7937E+02  1.0800E-09
 -0.6000      8.6  1.42498E-01  2.314E+06  4.9513E+02  4.6085E+04  1.4261E+01  3.4795E+01  2.6841E-01  2.2258E+02  9.0991E-10
 -0.7000      8.9  1.12201E-01  2.122E+06  4.9506E+02  3.6580E+04  1.4261E+01  3.4795E+01  2.9847E-01  1.7400E+02  7.6861E-10
 -0.8000      9.3  9.12328E-02  1.938E+06  4.9499E+02  2.8978E+04  1.4261E+01  3.4795E+01  3.2603E-01  1.3257E+02  6.5006E-10
 -0.9000     10.0  7.65753E-02  1.764E+06  4.9492E+02  2.3188E+04  1.4261E+01  3.4795E+01  3.5117E-01  9.7406E+01  5.5107E-10
 -1.0000     11.0  6.61497E-02  1.598E+06  4.9485E+02  1.9121E+04  1.4261E+01  3.4795E+01  3.7370E-01  6.7770E+01  4.6896E-10
 -1.1000     12.3  5.68151E-02  1.441E+06  4.9478E+02  1.6688E+04  1.4261E+01  3.4795E+01  3.9081E-01  4.3711E+01  4.0460E-10
 -1.2000     13.8  4.99349E-02  1.292E+06  4.9471E+02  1.5799E+04  1.4261E+01  3.4795E+01  3.9882E-01  2.5324E+01  3.5643E-10
 -1.3000     15.5  4.48766E-02  1.153E+06  4.9464E+02  1.6364E+04  1.4261E+01  3.4795E+01  3.9578E-01  1.1947E+01  3.2231E-10
 -1.4000     17.5  4.05884E-02  1.022E+06  4.9457E+02  1.8295E+04  1.4261E+01  3.4795E+01  3.7874E-01  3.1074E+00  3.0134E-10
 -1.5000     19.8  3.65496E-02  8.999E+05  4.9450E+02  2.1500E+04  1.4261E+01  3.4795E+01  3.4213E-01  1.2559E+00  2.9388E-10
 -1.6000     22.3  3.32880E-02  7.865E+05  4.9443E+02  2.5892E+04  1.4261E+01  3.4795E+01  2.8090E-01  1.4902E+00  2.9831E-10
 -1.7000     25.0  3.08368E-02  6.819E+05  4.9436E+02  3.1379E+04  1.4261E+01  3.4795E+01  1.9177E-01  1.5879E+00  3.1168E-10
 -1.8000     28.1  2.88795E-02  5.860E+05  4.9429E+02  3.7873E+04  1.4261E+01  3.4795E+01  7.1381E-02  7.2402E+00  3.3165E-10
 -1.9000     31.3  2.70176E-02  4.989E+05  4.9422E+02  4.5284E+04  1.4261E+01  3.4795E+01  8.5327E-02  1.5005E+01  3.5813E-10
 -2.0000     34.9  2.53329E-02  4.205E+05  4.9415E+02  5.3523E+04  1.4261E+01  3.4795E+01  2.8424E-01  2.4537E+01  3.9023E-10
 -2.1000     38.7  2.38753E-02  3.509E+05  4.9408E+02  6.2499E+04  1.4261E+01  3.4795E+01  5.3040E-01  3.5368E+01  4.2669E-10
 -2.2000     42.7  2.26640E-02  2.900E+05  4.9402E+02  7.2124E+04  1.4261E+01  3.4795E+01  8.2730E-01  4.6949E+01  4.6589E-10
 -2.3000     47.0  2.15884E-02  2.378E+05  4.9395E+02  8.2308E+04  1.4261E+01  3.4795E+01  1.1790E+00  5.8834E+01  5.0560E-10
 -2.4000     51.6  2.06816E-02  1.944E+05  4.9388E+02  9.2961E+04  1.4261E+01  3.4795E+01  1.5889E+00  7.0638E+01  5.4550E-10
 -2.5000     56.4  1.99137E-02  1.598E+05  4.9381E+02  1.0399E+05  1.4261E+01  3.4795E+01  2.0586E+00  8.1928E+01  5.8409E-10
 -2.6000     61.5  1.95211E-02  1.339E+05  4.9374E+02  1.1532E+05  1.4261E+01  3.4795E+01  2.5814E+00  9.1973E+01  6.2090E-10
 -2.7000     66.8  1.91091E-02  1.168E+05  4.9367E+02  1.2684E+05  1.4261E+01  3.4795E+01  3.1492E+00  1.0019E+02  6.5068E-10
 -2.8000     72.4  1.87441E-02  1.084E+05  4.9360E+02  1.3847E+05  1.4261E+01  3.4795E+01  3.7563E+00  1.0635E+02  6.7332E-10
 -2.9000     78.2  1.82711E-02  1.087E+05  4.9353E+02  1.5013E+05  1.4261E+01  3.4795E+01  4.3975E+00  1.1034E+02  6.8689E-10
 -3.0000     84.3  1.77712E-02  1.178E+05  4.9346E+02  1.6172E+05  1.4261E+01  3.4795E+01  5.0656E+00  1.1212E+02  6.9187E-10
 -3.1000     90.6  1.72111E-02  1.356E+05  4.9339E+02  1.7315E+05  1.4261E+01  3.4795E+01  5.7480E+00  1.1150E+02  6.8715E-10
 -3.2000     97.2  1.64759E-02  1.622E+05  4.9332E+02  1.8433E+05  1.4261E+01  3.4795E+01  6.3890E+00  1.0727E+02  6.6734E-10
 -3.3000    104.1  1.57969E-02  1.976E+05  4.9325E+02  1.9517E+05  1.4261E+01  3.4795E+01  6.9579E+00  9.9359E+01  6.3142E-10
 -3.4000    111.2  1.50582E-02  2.417E+05  4.9318E+02  2.0559E+05  1.4261E+01  3.4795E+01  7.5018E+00  8.9768E+01  5.8651E-10
 -3.5000    118.6  1.40777E-02  2.945E+05  4.9311E+02  2.1550E+05  1.4261E+01  3.4795E+01  7.9795E+00  7.8196E+01  5.3176E-10
 -3.6000    126.2  1.29835E-02  3.561E+05  4.9304E+02  2.2480E+05  1.4261E+01  3.4795E+01  8.2909E+00  6.3597E+01  4.6015E-10
 -3.7000    134.1  1.18322E-02  4.264E+05  4.9297E+02  2.3340E+05  1.4261E+01  3.4795E+01  8.3549E+00  4.6286E+01  3.7260E-10
 -3.8000    142.2  1.06589E-02  5.055E+05  4.9290E+02  2.4122E+05  1.4261E+01  3.4795E+01  8.0172E+00  2.6445E+01  2.6963E-10
 -3.9000    150.6  9.75002E-03  5.933E+05  4.9283E+02  2.4816E+05  1.4261E+01  3.4795E+01  7.4467E+00  8.5169E+00  1.6328E-10
 -4.0000    159.2  7.42063E-03  6.899E+05  4.9276E+02  2.5414E+05  1.4261E+01  3.4795E+01  7.5410E+00  0.0000E+00  9.3641E-11
