   0.00000000       0.00000000       5.74917221    
  1.4000     21.6  2.11028E+01  1.324E+07  5.1482E+02  8.0942E+05  1.4727E+01  3.5834E+01  1.9557E-01  5.0675E+03  1.1756E-08
  1.3000     21.9  2.06401E+01  1.318E+07  5.1483E+02  7.3993E+05  1.4727E+01  3.5834E+01  1.2491E-01  4.6916E+03  1.0877E-08
  1.2000     22.1  2.00667E+01  1.313E+07  5.1484E+02  6.7431E+05  1.4727E+01  3.5834E+01  6.4148E-02  4.3757E+03  1.0155E-08
  1.1000     22.4  1.93907E+01  1.306E+07  5.1485E+02  6.1246E+05  1.4727E+01  3.5834E+01  1.2863E-02  4.1082E+03  9.5598E-09
  1.0000     22.6  1.86155E+01  1.299E+07  5.1486E+02  5.5430E+05  1.4727E+01  3.5834E+01  2.9678E-02  3.8798E+03  9.0677E-09
  0.9000     22.9  1.77440E+01  1.291E+07  5.1487E+02  4.9972E+05  1.4727E+01  3.5834E+01  6.4278E-02  3.6833E+03  8.6599E-09
  0.8000     23.1  1.64012E+01  1.282E+07  5.1487E+02  4.4864E+05  1.4727E+01  3.5834E+01  9.1904E-02  3.5108E+03  8.3412E-09
  0.7000     23.4  1.43146E+01  1.273E+07  5.1488E+02  4.0096E+05  1.4727E+01  3.5834E+01  1.1340E-01  3.3519E+03  8.1098E-09
  0.6000     23.7  1.18549E+01  1.264E+07  5.1489E+02  3.5658E+05  1.4727E+01  3.5834E+01  1.2893E-01  3.1968E+03  7.9282E-09
  0.5000     23.9  9.37076E+00  1.253E+07  5.1490E+02  3.1541E+05  1.4727E+01  3.5834E+01  1.3775E-01  3.0374E+03  7.7642E-09
  0.4000     24.2  6.90849E+00  1.242E+07  5.1491E+02  2.7736E+05  1.4727E+01  3.5834E+01  1.3784E-01  2.8644E+03  7.6056E-09
  0.3000     24.4  4.98796E+00  1.230E+07  5.1492E+02  2.4234E+05  1.4727E+01  3.5834E+01  1.2628E-01  2.6699E+03  7.3785E-09
  0.2000     24.7  3.56550E+00  1.218E+07  5.1492E+02  2.1025E+05  1.4727E+01  3.5834E+01  1.0028E-01  2.4517E+03  7.0598E-09
  0.1000     24.9  2.58425E+00  1.205E+07  5.1493E+02  1.8100E+05  1.4727E+01  3.5834E+01  5.8200E-02  2.2124E+03  6.6329E-09
  0.0000     25.2  1.90848E+00  1.191E+07  5.1494E+02  1.5448E+05  1.4727E+01  3.5834E+01  0.0000E+00  1.9598E+03  6.1142E-09
 -0.1000     25.4  1.44466E+00  1.177E+07  5.1495E+02  1.3062E+05  1.4727E+01  3.5834E+01  7.3111E-02  1.7032E+03  5.5293E-09
 -0.2000     25.7  1.11773E+00  1.162E+07  5.1496E+02  1.0932E+05  1.4727E+01  3.5834E+01  1.5930E-01  1.4521E+03  4.9116E-09
 -0.3000     25.9  8.79599E-01  1.146E+07  5.1496E+02  9.0474E+04  1.4727E+01  3.5834E+01  2.5690E-01  1.2136E+03  4.2905E-09
 -0.4000     26.2  7.07321E-01  1.130E+07  5.1497E+02  7.4000E+04  1.4727E+01  3.5834E+01  3.6490E-01  9.9242E+02  3.6847E-09
 -0.5000     26.4  5.69340E-01  1.113E+07  5.1498E+02  5.9800E+04  1.4727E+01  3.5834E+01  4.8203E-01  7.9136E+02  3.1153E-09
 -0.6000     26.7  4.53471E-01  1.096E+07  5.1499E+02  4.7782E+04  1.4727E+01  3.5834E+01  6.0482E-01  6.1208E+02  2.5927E-09
 -0.7000     26.9  3.52473E-01  1.077E+07  5.1500E+02  3.7851E+04  1.4727E+01  3.5834E+01  7.2616E-01  4.5678E+02  2.1272E-09
 -0.8000     27.2  2.74467E-01  1.059E+07  5.1501E+02  2.9914E+04  1.4727E+01  3.5834E+01  8.3844E-01  3.2698E+02  1.7198E-09
 -0.9000     27.4  2.14938E-01  1.039E+07  5.1501E+02  2.3877E+04  1.4727E+01  3.5834E+01  9.3692E-01  2.2213E+02  1.3733E-09
 -1.0000     27.7  1.69925E-01  1.019E+07  5.1502E+02  1.9646E+04  1.4727E+01  3.5834E+01  1.0188E+00  1.4009E+02  1.0856E-09
 -1.1000     27.9  1.31829E-01  9.982E+06  5.1503E+02  1.7128E+04  1.4727E+01  3.5834E+01  1.0781E+00  7.9203E+01  8.5834E-10
 -1.2000     28.2  1.03893E-01  9.768E+06  5.1504E+02  1.6228E+04  1.4727E+01  3.5834E+01  1.1100E+00  3.7039E+01  6.8363E-10
 -1.3000     28.5  8.34329E-02  9.547E+06  5.1505E+02  1.6854E+04  1.4727E+01  3.5834E+01  1.1168E+00  9.2852E+00  5.5140E-10
 -1.4000     28.7  6.74624E-02  9.320E+06  5.1506E+02  1.8912E+04  1.4727E+01  3.5834E+01  1.0999E+00  7.5703E+00  4.5401E-10
 -1.5000     29.0  5.44801E-02  9.086E+06  5.1506E+02  2.2306E+04  1.4727E+01  3.5834E+01  1.0579E+00  1.5824E+01  3.8630E-10
 -1.6000     29.2  4.46715E-02  8.846E+06  5.1507E+02  2.6945E+04  1.4727E+01  3.5834E+01  9.9121E-01  1.7732E+01  3.4101E-10
 -1.7000     29.5  3.74175E-02  8.600E+06  5.1508E+02  3.2734E+04  1.4727E+01  3.5834E+01  9.0331E-01  1.5654E+01  3.1066E-10
 -1.8000     29.7  3.18176E-02  8.347E+06  5.1509E+02  3.9580E+04  1.4727E+01  3.5834E+01  7.9712E-01  1.1270E+01  2.9021E-10
 -1.9000     30.0  2.71517E-02  8.087E+06  5.1510E+02  4.7389E+04  1.4727E+01  3.5834E+01  6.7349E-01  5.5498E+00  2.7789E-10
 -2.0000     30.2  2.33136E-02  7.821E+06  5.1510E+02  5.6066E+04  1.4727E+01  3.5834E+01  5.3262E-01  9.0723E-01  2.7155E-10
 -2.1000     30.5  2.01842E-02  7.549E+06  5.1511E+02  6.5519E+04  1.4727E+01  3.5834E+01  3.7534E-01  7.5605E+00  2.6917E-10
 -2.2000     30.7  1.76403E-02  7.270E+06  5.1512E+02  7.5654E+04  1.4727E+01  3.5834E+01  2.0343E-01  1.3962E+01  2.6906E-10
 -2.3000     31.0  1.54999E-02  6.984E+06  5.1513E+02  8.6376E+04  1.4727E+01  3.5834E+01  1.7883E-02  1.9853E+01  2.6949E-10
 -2.4000     31.2  1.37117E-02  6.692E+06  5.1514E+02  9.7593E+04  1.4727E+01  3.5834E+01  1.8039E-01  2.5100E+01  2.7031E-10
 -2.5000     31.5  1.21979E-02  6.394E+06  5.1515E+02  1.0921E+05  1.4727E+01  3.5834E+01  3.8959E-01  2.9569E+01  2.7073E-10
 -2.6000     31.7  1.10265E-02  6.089E+06  5.1515E+02  1.2113E+05  1.4727E+01  3.5834E+01  6.0455E-01  3.3014E+01  2.7052E-10
 -2.7000     32.0  9.97049E-03  5.778E+06  5.1516E+02  1.3327E+05  1.4727E+01  3.5834E+01  8.2031E-01  3.5308E+01  2.6744E-10
 -2.8000     32.2  9.03559E-03  5.460E+06  5.1517E+02  1.4553E+05  1.4727E+01  3.5834E+01  1.0343E+00  3.6522E+01  2.6186E-10
 -2.9000     32.5  8.15955E-03  5.136E+06  5.1518E+02  1.5781E+05  1.4727E+01  3.5834E+01  1.2444E+00  3.6762E+01  2.5340E-10
 -3.0000     32.7  7.36289E-03  4.805E+06  5.1519E+02  1.7002E+05  1.4727E+01  3.5834E+01  1.4486E+00  3.6153E+01  2.4269E-10
 -3.1000     33.0  6.62743E-03  4.468E+06  5.1520E+02  1.8207E+05  1.4727E+01  3.5834E+01  1.6433E+00  3.4742E+01  2.2965E-10
 -3.2000     33.2  5.93814E-03  4.124E+06  5.1520E+02  1.9387E+05  1.4727E+01  3.5834E+01  1.8243E+00  3.2587E+01  2.1419E-10
 -3.3000     33.5  5.27810E-03  3.774E+06  5.1521E+02  2.0532E+05  1.4727E+01  3.5834E+01  1.9883E+00  2.9771E+01  1.9638E-10
 -3.4000     33.8  4.66059E-03  3.418E+06  5.1522E+02  2.1632E+05  1.4727E+01  3.5834E+01  2.1302E+00  2.6357E+01  1.7622E-10
 -3.5000     34.0  4.07367E-03  3.055E+06  5.1523E+02  2.2679E+05  1.4727E+01  3.5834E+01  2.2369E+00  2.2305E+01  1.5365E-10
 -3.6000     34.3  3.52330E-03  2.685E+06  5.1524E+02  2.3663E+05  1.4727E+01  3.5834E+01  2.2948E+00  1.7651E+01  1.2795E-10
 -3.7000     34.5  3.01957E-03  2.309E+06  5.1524E+02  2.4574E+05  1.4727E+01  3.5834E+01  2.2869E+00  1.2539E+01  9.9706E-11
 -3.8000     34.8  2.56677E-03  1.927E+06  5.1525E+02  2.5403E+05  1.4727E+01  3.5834E+01  2.1778E+00  7.0428E+00  6.9227E-11
 -3.9000     35.0  2.26414E-03  1.538E+06  5.1526E+02  2.6142E+05  1.4727E+01  3.5834E+01  2.0073E+00  2.2466E+00  3.9603E-11
 -4.0000     35.3  1.69843E-03  1.143E+06  5.1527E+02  2.6779E+05  1.4727E+01  3.5834E+01  1.9988E+00  0.0000E+00  2.1048E-11
