   0.00000000       0.00000000       7.12144279    
  1.4000    356.2  1.15128E+03  1.267E+05  5.3207E+02  1.4668E+06  1.4513E+01  4.3861E+01  1.3307E+01  2.0602E+04  4.9673E-08
  1.3000    335.3  9.84691E+02  1.267E+05  5.3013E+02  1.3351E+06  1.4513E+01  4.3861E+01  1.1628E+01  1.7815E+04  4.4042E-08
  1.2000    314.2  8.34365E+02  1.267E+05  5.2818E+02  1.2108E+06  1.4513E+01  4.3861E+01  1.0128E+01  1.5462E+04  3.9184E-08
  1.1000    293.2  6.99998E+02  1.267E+05  5.2623E+02  1.0938E+06  1.4513E+01  4.3861E+01  8.7982E+00  1.3476E+04  3.4986E-08
  1.0000    272.1  5.80771E+02  1.267E+05  5.2429E+02  9.8385E+05  1.4513E+01  4.3861E+01  7.6316E+00  1.1804E+04  3.1356E-08
  0.9000    251.2  4.76103E+02  1.267E+05  5.2234E+02  8.8084E+05  1.4513E+01  4.3861E+01  6.6179E+00  1.0398E+04  2.8211E-08
  0.8000    230.4  3.77678E+02  1.267E+05  5.2039E+02  7.8458E+05  1.4513E+01  4.3861E+01  5.7372E+00  9.2058E+03  2.5538E-08
  0.7000    210.0  2.82859E+02  1.267E+05  5.1845E+02  6.9486E+05  1.4513E+01  4.3861E+01  4.9549E+00  8.1635E+03  2.3269E-08
  0.6000    189.9  2.00511E+02  1.267E+05  5.1650E+02  6.1150E+05  1.4513E+01  4.3861E+01  4.2353E+00  7.2132E+03  2.1225E-08
  0.5000    170.2  1.34974E+02  1.267E+05  5.1456E+02  5.3433E+05  1.4513E+01  4.3861E+01  3.5512E+00  6.3162E+03  1.9272E-08
  0.4000    151.0  8.44829E+01  1.267E+05  5.1261E+02  4.6316E+05  1.4513E+01  4.3861E+01  2.8719E+00  5.4351E+03  1.7342E-08
  0.3000    132.4  5.12961E+01  1.267E+05  5.1066E+02  3.9781E+05  1.4513E+01  4.3861E+01  2.1748E+00  4.5476E+03  1.5241E-08
  0.2000    114.4  3.04713E+01  1.267E+05  5.0872E+02  3.3808E+05  1.4513E+01  4.3861E+01  1.4551E+00  3.6602E+03  1.2959E-08
  0.1000     97.2  1.80549E+01  1.267E+05  5.0677E+02  2.8381E+05  1.4513E+01  4.3861E+01  7.2255E-01  2.7973E+03  1.0540E-08
  0.0000     80.8  1.06810E+01  1.267E+05  5.0482E+02  2.3480E+05  1.4513E+01  4.3861E+01  0.0000E+00  1.9959E+03  8.1119E-09
 -0.1000     65.3  6.31028E+00  1.267E+05  5.0288E+02  1.9088E+05  1.4513E+01  4.3861E+01  6.8368E-01  1.2926E+03  5.8184E-09
 -0.2000     50.7  3.67803E+00  1.267E+05  5.0093E+02  1.5185E+05  1.4513E+01  4.3861E+01  1.3000E+00  7.1408E+02  3.7889E-09
 -0.3000     37.2  2.07175E+00  1.267E+05  4.9898E+02  1.1755E+05  1.4513E+01  4.3861E+01  1.8267E+00  2.7147E+02  2.1060E-09
 -0.4000     24.8  1.09678E+00  1.267E+05  4.9704E+02  8.7769E+04  1.4513E+01  4.3861E+01  2.2490E+00  3.8102E+01  8.0192E-10
 -0.5000     13.6  4.95903E-01  1.267E+05  4.9509E+02  6.2343E+04  1.4513E+01  4.3861E+01  2.5608E+00  2.2877E+02  1.2963E-10
 -0.6000      3.7  1.38511E-01  1.267E+05  4.9314E+02  4.1083E+04  1.4513E+01  4.3861E+01  2.7643E+00  3.2170E+02  7.3067E-10
 -0.7000      4.9  5.53827E-02  1.267E+05  4.9120E+02  2.3805E+04  1.4513E+01  4.3861E+01  2.8691E+00  3.4025E+02  1.0580E-09
 -0.8000     12.0  1.44423E-01  1.267E+05  4.8925E+02  1.0327E+04  1.4513E+01  4.3861E+01  2.8913E+00  3.0807E+02  1.1713E-09
 -0.9000     17.6  1.73180E-01  1.267E+05  4.8730E+02  4.6500E+02  1.4513E+01  4.3861E+01  2.8517E+00  2.4713E+02  1.1321E-09
 -1.0000     21.6  1.69729E-01  1.267E+05  4.8536E+02  5.9641E+03  1.4513E+01  4.3861E+01  2.7725E+00  1.7553E+02  9.9665E-10
 -1.1000     24.0  1.45950E-01  1.267E+05  4.8341E+02  9.1438E+03  1.4513E+01  4.3861E+01  2.6778E+00  1.0712E+02  8.1595E-10
 -1.2000     24.7  1.17473E-01  1.267E+05  4.8146E+02  9.2574E+03  1.4513E+01  4.3861E+01  2.5875E+00  5.0328E+01  6.2164E-10
 -1.3000     23.5  8.94179E-02  1.267E+05  4.7952E+02  6.4881E+03  1.4513E+01  4.3861E+01  2.5103E+00  7.5898E+00  4.3195E-10
 -1.4000     20.4  6.28812E-02  1.267E+05  4.7757E+02  1.0192E+03  1.4513E+01  4.3861E+01  2.4484E+00  2.1766E+01  2.5601E-10
 -1.5000     15.3  3.88823E-02  1.267E+05  4.7562E+02  6.9656E+03  1.4513E+01  4.3861E+01  2.3989E+00  3.9840E+01  9.6414E-11
 -1.6000      8.2  1.90294E-02  1.267E+05  4.7368E+02  1.7283E+04  1.4513E+01  4.3861E+01  2.3505E+00  5.0139E+01  5.0967E-11
 -1.7000      1.0  2.95365E-03  1.267E+05  4.7173E+02  2.9751E+04  1.4513E+01  4.3861E+01  2.2820E+00  5.6852E+01  1.9292E-10
 -1.8000     12.4  1.03166E-02  1.267E+05  4.6979E+02  4.4184E+04  1.4513E+01  4.3861E+01  2.1680E+00  6.3391E+01  3.3472E-10
 -1.9000     26.1  2.10073E-02  1.267E+05  4.6784E+02  6.0400E+04  1.4513E+01  4.3861E+01  1.9792E+00  7.2353E+01  4.8185E-10
 -2.0000     42.2  2.92821E-02  1.267E+05  4.6589E+02  7.8216E+04  1.4513E+01  4.3861E+01  1.6789E+00  8.5915E+01  6.3962E-10
 -2.1000     60.7  3.55119E-02  1.267E+05  4.6395E+02  9.7448E+04  1.4513E+01  4.3861E+01  1.2237E+00  1.0572E+02  8.1262E-10
 -2.2000     81.7  4.01980E-02  1.267E+05  4.6200E+02  1.1791E+05  1.4513E+01  4.3861E+01  5.6625E-01  1.3268E+02  1.0039E-09
 -2.3000    105.4  4.38506E-02  1.267E+05  4.6005E+02  1.3943E+05  1.4513E+01  4.3861E+01  3.4320E-01  1.6691E+02  1.2124E-09
 -2.4000    131.6  4.67386E-02  1.267E+05  4.5811E+02  1.6181E+05  1.4513E+01  4.3861E+01  1.5549E+00  2.0787E+02  1.4388E-09
 -2.5000    160.7  4.92386E-02  1.267E+05  4.5616E+02  1.8487E+05  1.4513E+01  4.3861E+01  3.1165E+00  2.5452E+02  1.6808E-09
 -2.6000    192.5  5.23411E-02  1.267E+05  4.5421E+02  2.0843E+05  1.4513E+01  4.3861E+01  5.0522E+00  3.0451E+02  1.9381E-09
 -2.7000    227.3  5.55333E-02  1.267E+05  4.5227E+02  2.3231E+05  1.4513E+01  4.3861E+01  7.3719E+00  3.5510E+02  2.1943E-09
 -2.8000    265.0  5.90713E-02  1.267E+05  4.5032E+02  2.5633E+05  1.4513E+01  4.3861E+01  1.0076E+01  4.0376E+02  2.4441E-09
 -2.9000    305.8  6.23588E-02  1.267E+05  4.4837E+02  2.8029E+05  1.4513E+01  4.3861E+01  1.3155E+01  4.4817E+02  2.6754E-09
 -3.0000    349.7  6.56011E-02  1.267E+05  4.4643E+02  3.0401E+05  1.4513E+01  4.3861E+01  1.6587E+01  4.8612E+02  2.8830E-09
 -3.1000    396.8  6.85853E-02  1.267E+05  4.4448E+02  3.2733E+05  1.4513E+01  4.3861E+01  2.0314E+01  5.1490E+02  3.0564E-09
 -3.2000    447.2  7.07902E-02  1.267E+05  4.4253E+02  3.5004E+05  1.4513E+01  4.3861E+01  2.4220E+01  5.3077E+02  3.1788E-09
 -3.3000    501.0  7.20971E-02  1.267E+05  4.4059E+02  3.7196E+05  1.4513E+01  4.3861E+01  2.8183E+01  5.3102E+02  3.2362E-09
 -3.4000    558.2  7.19234E-02  1.267E+05  4.3864E+02  3.9292E+05  1.4513E+01  4.3861E+01  3.2066E+01  5.1387E+02  3.2166E-09
 -3.5000    619.0  7.00556E-02  1.267E+05  4.3669E+02  4.1273E+05  1.4513E+01  4.3861E+01  3.5598E+01  4.7550E+02  3.1026E-09
 -3.6000    683.3  6.62183E-02  1.267E+05  4.3475E+02  4.3121E+05  1.4513E+01  4.3861E+01  3.8433E+01  4.1309E+02  2.8609E-09
 -3.7000    751.3  6.08476E-02  1.267E+05  4.3280E+02  4.4816E+05  1.4513E+01  4.3861E+01  4.0125E+01  3.2597E+02  2.4765E-09
 -3.8000    823.1  5.44210E-02  1.267E+05  4.3086E+02  4.6342E+05  1.4513E+01  4.3861E+01  3.9813E+01  2.1315E+02  1.9311E-09
 -3.9000    898.7  4.96891E-02  1.267E+05  4.2891E+02  4.7680E+05  1.4513E+01  4.3861E+01  3.7171E+01  9.0747E+01  1.2282E-09
 -4.0000    978.2  4.19613E-02  1.267E+05  4.2696E+02  4.8810E+05  1.4513E+01  4.3861E+01  3.4838E+01  0.0000E+00  6.0922E-10
