   0.00000000       0.00000000       6.80132294    
  1.4000     63.0  2.24335E+02  1.248E+05  3.9058E+02  1.0037E+05  2.2544E+01  8.3630E+01  3.6423E-02  8.4294E+03  1.4995E-08
  1.3000     63.7  2.09528E+02  1.248E+05  3.9058E+02  1.0037E+05  2.2544E+01  8.3630E+01  6.8062E-02  8.2392E+03  1.4969E-08
  1.2000     64.4  1.93388E+02  1.248E+05  3.9058E+02  1.0037E+05  2.2544E+01  8.3630E+01  9.5474E-02  8.0552E+03  1.4954E-08
  1.1000     65.1  1.76503E+02  1.248E+05  3.9058E+02  1.0037E+05  2.2544E+01  8.3630E+01  1.1955E-01  7.8774E+03  1.4950E-08
  1.0000     65.8  1.59394E+02  1.248E+05  3.9058E+02  1.0037E+05  2.2544E+01  8.3630E+01  1.4098E-01  7.7056E+03  1.4958E-08
  0.9000     66.5  1.42467E+02  1.248E+05  3.9058E+02  1.0037E+05  2.2544E+01  8.3630E+01  1.6019E-01  7.5393E+03  1.4977E-08
  0.8000     67.2  1.24133E+02  1.248E+05  3.9058E+02  1.0037E+05  2.2544E+01  8.3630E+01  1.7768E-01  7.3768E+03  1.5043E-08
  0.7000     67.9  1.03275E+02  1.248E+05  3.9058E+02  1.0037E+05  2.2544E+01  8.3630E+01  1.9431E-01  7.2125E+03  1.5188E-08
  0.6000     68.6  8.20231E+01  1.248E+05  3.9058E+02  1.0037E+05  2.2544E+01  8.3630E+01  2.1028E-01  7.0392E+03  1.5386E-08
  0.5000     69.3  6.22914E+01  1.248E+05  3.9058E+02  1.0037E+05  2.2544E+01  8.3630E+01  2.2406E-01  6.8488E+03  1.5606E-08
  0.4000     70.0  4.43793E+01  1.248E+05  3.9058E+02  1.0037E+05  2.2544E+01  8.3630E+01  2.3150E-01  6.6289E+03  1.5848E-08
  0.3000     70.7  3.08130E+01  1.248E+05  3.9058E+02  1.0037E+05  2.2544E+01  8.3630E+01  2.2471E-01  6.3651E+03  1.5983E-08
  0.2000     71.4  2.10596E+01  1.248E+05  3.9058E+02  1.0037E+05  2.2544E+01  8.3630E+01  1.9222E-01  6.0447E+03  1.5945E-08
  0.1000     72.1  1.44816E+01  1.248E+05  3.9058E+02  1.0037E+05  2.2544E+01  8.3630E+01  1.2117E-01  5.6587E+03  1.5657E-08
  0.0000     72.8  1.00821E+01  1.248E+05  3.9058E+02  1.0037E+05  2.2544E+01  8.3630E+01  0.0000E+00  5.2056E+03  1.5088E-08
 -0.1000     73.5  7.16275E+00  1.248E+05  3.9058E+02  1.0037E+05  2.2544E+01  8.3630E+01  1.7930E-01  4.6926E+03  1.4236E-08
 -0.2000     74.2  5.18717E+00  1.248E+05  3.9058E+02  1.0037E+05  2.2544E+01  8.3630E+01  4.2018E-01  4.1347E+03  1.3138E-08
 -0.3000     74.9  3.81667E+00  1.248E+05  3.9058E+02  1.0037E+05  2.2544E+01  8.3630E+01  7.2143E-01  3.5517E+03  1.1851E-08
 -0.4000     75.6  2.86945E+00  1.248E+05  3.9058E+02  1.0037E+05  2.2544E+01  8.3630E+01  1.0774E+00  2.9660E+03  1.0439E-08
 -0.5000     76.3  2.16712E+00  1.248E+05  3.9058E+02  1.0037E+05  2.2544E+01  8.3630E+01  1.4788E+00  2.3989E+03  8.9867E-09
 -0.6000     77.0  1.62744E+00  1.248E+05  3.9058E+02  1.0037E+05  2.2544E+01  8.3630E+01  1.9103E+00  1.8682E+03  7.5599E-09
 -0.7000     77.7  1.19913E+00  1.248E+05  3.9058E+02  1.0037E+05  2.2544E+01  8.3630E+01  2.3446E+00  1.3923E+03  6.2232E-09
 -0.8000     78.4  8.90335E-01  1.248E+05  3.9058E+02  1.0037E+05  2.2544E+01  8.3630E+01  2.7500E+00  9.8655E+02  5.0154E-09
 -0.9000     79.1  6.69588E-01  1.248E+05  3.9058E+02  1.0037E+05  2.2544E+01  8.3630E+01  3.1025E+00  6.5812E+02  3.9757E-09
 -1.0000     79.8  5.13171E-01  1.248E+05  3.9058E+02  1.0037E+05  2.2544E+01  8.3630E+01  3.3890E+00  4.0405E+02  3.1145E-09
 -1.1000     80.5  3.90729E-01  1.248E+05  3.9058E+02  1.0037E+05  2.2544E+01  8.3630E+01  3.5949E+00  2.1820E+02  2.4379E-09
 -1.2000     81.2  3.05881E-01  1.248E+05  3.9058E+02  1.0037E+05  2.2544E+01  8.3630E+01  3.7150E+00  9.0273E+01  1.9182E-09
 -1.3000     81.9  2.46770E-01  1.248E+05  3.9058E+02  1.0037E+05  2.2544E+01  8.3630E+01  3.7654E+00  4.6602E+00  1.5200E-09
 -1.4000     82.6  2.02431E-01  1.248E+05  3.9058E+02  1.0037E+05  2.2544E+01  8.3630E+01  3.7609E+00  5.1059E+01  1.2153E-09
 -1.5000     83.3  1.66929E-01  1.248E+05  3.9058E+02  1.0037E+05  2.2544E+01  8.3630E+01  3.7064E+00  8.4562E+01  9.8649E-10
 -1.6000     84.0  1.39990E-01  1.248E+05  3.9058E+02  1.0037E+05  2.2544E+01  8.3630E+01  3.6074E+00  1.0205E+02  8.1395E-10
 -1.7000     84.7  1.20079E-01  1.248E+05  3.9058E+02  1.0037E+05  2.2544E+01  8.3630E+01  3.4780E+00  1.0976E+02  6.7796E-10
 -1.8000     85.4  1.04815E-01  1.248E+05  3.9058E+02  1.0037E+05  2.2544E+01  8.3630E+01  3.3324E+00  1.1225E+02  5.6527E-10
 -1.9000     86.1  9.15556E-02  1.248E+05  3.9058E+02  1.0037E+05  2.2544E+01  8.3630E+01  3.1761E+00  1.1161E+02  4.7238E-10
 -2.0000     86.8  8.00389E-02  1.248E+05  3.9058E+02  1.0037E+05  2.2544E+01  8.3630E+01  3.0089E+00  1.0862E+02  3.9609E-10
 -2.1000     87.5  7.00361E-02  1.248E+05  3.9058E+02  1.0037E+05  2.2544E+01  8.3630E+01  2.8306E+00  1.0391E+02  3.3358E-10
 -2.2000     88.2  6.13454E-02  1.248E+05  3.9058E+02  1.0037E+05  2.2544E+01  8.3630E+01  2.6412E+00  9.8048E+01  2.8242E-10
 -2.3000     88.9  5.39638E-02  1.248E+05  3.9058E+02  1.0037E+05  2.2544E+01  8.3630E+01  2.4418E+00  9.1520E+01  2.3948E-10
 -2.4000     89.6  4.74594E-02  1.248E+05  3.9058E+02  1.0037E+05  2.2544E+01  8.3630E+01  2.2330E+00  8.4688E+01  2.0395E-10
 -2.5000     90.3  4.17256E-02  1.248E+05  3.9058E+02  1.0037E+05  2.2544E+01  8.3630E+01  2.0141E+00  7.7724E+01  1.7465E-10
 -2.6000     91.0  3.65817E-02  1.248E+05  3.9058E+02  1.0037E+05  2.2544E+01  8.3630E+01  1.7845E+00  7.0784E+01  1.5173E-10
 -2.7000     91.7  3.21684E-02  1.248E+05  3.9058E+02  1.0037E+05  2.2544E+01  8.3630E+01  1.5447E+00  6.4033E+01  1.3223E-10
 -2.8000     92.4  2.83151E-02  1.248E+05  3.9058E+02  1.0037E+05  2.2544E+01  8.3630E+01  1.2959E+00  5.7616E+01  1.1583E-10
 -2.9000     93.1  2.49092E-02  1.248E+05  3.9058E+02  1.0037E+05  2.2544E+01  8.3630E+01  1.0371E+00  5.1563E+01  1.0157E-10
 -3.0000     93.8  2.18860E-02  1.248E+05  3.9058E+02  1.0037E+05  2.2544E+01  8.3630E+01  7.6657E-01  4.5860E+01  8.9580E-11
 -3.1000     94.5  1.91962E-02  1.248E+05  3.9058E+02  1.0037E+05  2.2544E+01  8.3630E+01  4.8279E-01  4.0508E+01  7.9494E-11
 -3.2000     95.2  1.67935E-02  1.248E+05  3.9058E+02  1.0037E+05  2.2544E+01  8.3630E+01  1.8332E-01  3.5494E+01  7.1012E-11
 -3.3000     95.9  1.46387E-02  1.248E+05  3.9058E+02  1.0037E+05  2.2544E+01  8.3630E+01  1.3519E-01  3.0798E+01  6.3892E-11
 -3.4000     96.6  1.26936E-02  1.248E+05  3.9058E+02  1.0037E+05  2.2544E+01  8.3630E+01  4.7803E-01  2.6383E+01  5.7964E-11
 -3.5000     97.3  1.09743E-02  1.248E+05  3.9058E+02  1.0037E+05  2.2544E+01  8.3630E+01  8.4921E-01  2.2263E+01  5.3128E-11
 -3.6000     98.0  9.35881E-03  1.248E+05  3.9058E+02  1.0037E+05  2.2544E+01  8.3630E+01  1.2600E+00  1.8378E+01  4.8883E-11
 -3.7000     98.7  7.81056E-03  1.248E+05  3.9058E+02  1.0037E+05  2.2544E+01  8.3630E+01  1.7408E+00  1.4521E+01  4.5755E-11
 -3.8000     99.4  6.29452E-03  1.248E+05  3.9058E+02  1.0037E+05  2.2544E+01  8.3630E+01  2.3495E+00  1.0434E+01  4.4443E-11
 -3.9000    100.1  4.80256E-03  1.248E+05  3.9058E+02  1.0037E+05  2.2544E+01  8.3630E+01  3.2025E+00  5.8071E+00  4.5930E-11
 -4.0000    100.8  3.20238E-03  1.248E+05  3.9058E+02  1.0037E+05  2.2544E+01  8.3630E+01  4.6201E+00  0.0000E+00  5.1846E-11
