   0.00000000       0.00000000       5.66147995    
  1.4000    546.7  4.38686E+03  1.041E+05  6.5858E+02  1.5350E+05  1.6380E+01  5.0616E+01  1.3395E+01  1.6795E+04  3.7520E-08
  1.3000    520.7  3.67930E+03  1.041E+05  6.5674E+02  1.5348E+05  1.6380E+01  5.0616E+01  1.2291E+01  1.5720E+04  3.6304E-08
  1.2000    493.4  3.03194E+03  1.041E+05  6.5491E+02  1.5347E+05  1.6380E+01  5.0616E+01  1.1207E+01  1.4663E+04  3.4991E-08
  1.1000    465.2  2.45677E+03  1.041E+05  6.5307E+02  1.5346E+05  1.6380E+01  5.0616E+01  1.0157E+01  1.3635E+04  3.3598E-08
  1.0000    436.0  1.95813E+03  1.041E+05  6.5123E+02  1.5345E+05  1.6380E+01  5.0616E+01  9.1547E+00  1.2645E+04  3.2144E-08
  0.9000    406.2  1.53540E+03  1.041E+05  6.4939E+02  1.5344E+05  1.6380E+01  5.0616E+01  8.2100E+00  1.1704E+04  3.0647E-08
  0.8000    375.9  1.16549E+03  1.041E+05  6.4755E+02  1.5342E+05  1.6380E+01  5.0616E+01  7.3236E+00  1.0808E+04  2.9193E-08
  0.7000    345.2  8.38229E+02  1.041E+05  6.4572E+02  1.5341E+05  1.6380E+01  5.0616E+01  6.4797E+00  9.9383E+03  2.7827E-08
  0.6000    314.4  5.70979E+02  1.041E+05  6.4388E+02  1.5340E+05  1.6380E+01  5.0616E+01  5.6561E+00  9.0691E+03  2.6445E-08
  0.5000    283.6  3.68803E+02  1.041E+05  6.4204E+02  1.5339E+05  1.6380E+01  5.0616E+01  4.8337E+00  8.1793E+03  2.4946E-08
  0.4000    253.1  2.21364E+02  1.041E+05  6.4020E+02  1.5338E+05  1.6380E+01  5.0616E+01  3.9833E+00  7.2396E+03  2.3285E-08
  0.3000    222.9  1.28152E+02  1.041E+05  6.3837E+02  1.5336E+05  1.6380E+01  5.0616E+01  3.0774E+00  6.2273E+03  2.1213E-08
  0.2000    193.3  7.21314E+01  1.041E+05  6.3653E+02  1.5335E+05  1.6380E+01  5.0616E+01  2.1040E+00  5.1442E+03  1.8676E-08
  0.1000    164.5  4.02258E+01  1.041E+05  6.3469E+02  1.5334E+05  1.6380E+01  5.0616E+01  1.0686E+00  4.0160E+03  1.5679E-08
  0.0000    136.6  2.22684E+01  1.041E+05  6.3285E+02  1.5333E+05  1.6380E+01  5.0616E+01  0.0000E+00  2.8949E+03  1.2375E-08
 -0.1000    109.8  1.22433E+01  1.041E+05  6.3102E+02  1.5332E+05  1.6380E+01  5.0616E+01  1.0539E+00  1.8484E+03  8.9908E-09
 -0.2000     84.3  6.60061E+00  1.041E+05  6.2918E+02  1.5330E+05  1.6380E+01  5.0616E+01  2.0346E+00  9.4422E+02  5.7915E-09
 -0.3000     60.3  3.40446E+00  1.041E+05  6.2734E+02  1.5329E+05  1.6380E+01  5.0616E+01  2.8862E+00  2.3188E+02  3.0065E-09
 -0.4000     38.0  1.61119E+00  1.041E+05  6.2550E+02  1.5328E+05  1.6380E+01  5.0616E+01  3.5646E+00  2.6563E+02  7.8789E-10
 -0.5000     17.5  5.99972E-01  1.041E+05  6.2366E+02  1.5327E+05  1.6380E+01  5.0616E+01  4.0467E+00  5.5531E+02  8.0335E-10
 -0.6000      1.0  5.59883E-02  1.041E+05  6.2183E+02  1.5326E+05  1.6380E+01  5.0616E+01  4.3340E+00  6.6888E+02  1.8037E-09
 -0.7000     17.2  2.02271E-01  1.041E+05  6.1999E+02  1.5324E+05  1.6380E+01  5.0616E+01  4.4533E+00  6.5275E+02  2.3121E-09
 -0.8000     31.1  2.99074E-01  1.041E+05  6.1815E+02  1.5323E+05  1.6380E+01  5.0616E+01  4.4526E+00  5.5905E+02  2.4544E-09
 -0.9000     42.5  3.14548E-01  1.041E+05  6.1631E+02  1.5322E+05  1.6380E+01  5.0616E+01  4.3885E+00  4.3454E+02  2.3618E-09
 -1.0000     51.1  2.93303E-01  1.041E+05  6.1448E+02  1.5321E+05  1.6380E+01  5.0616E+01  4.3102E+00  3.1186E+02  2.1412E-09
 -1.1000     56.7  2.50059E-01  1.041E+05  6.1264E+02  1.5320E+05  1.6380E+01  5.0616E+01  4.2598E+00  2.1091E+02  1.8767E-09
 -1.2000     59.3  2.05802E-01  1.041E+05  6.1080E+02  1.5318E+05  1.6380E+01  5.0616E+01  4.2622E+00  1.3903E+02  1.6060E-09
 -1.3000     58.6  1.64428E-01  1.041E+05  6.0896E+02  1.5317E+05  1.6380E+01  5.0616E+01  4.3165E+00  9.2820E+01  1.3416E-09
 -1.4000     54.4  1.24773E-01  1.041E+05  6.0713E+02  1.5316E+05  1.6380E+01  5.0616E+01  4.4142E+00  6.6742E+01  1.0891E-09
 -1.5000     46.5  8.67612E-02  1.041E+05  6.0529E+02  1.5315E+05  1.6380E+01  5.0616E+01  4.5471E+00  5.6156E+01  8.5235E-10
 -1.6000     34.9  5.25049E-02  1.041E+05  6.0345E+02  1.5313E+05  1.6380E+01  5.0616E+01  4.7007E+00  5.6168E+01  6.2775E-10
 -1.7000     19.2  2.19409E-02  1.041E+05  6.0161E+02  1.5312E+05  1.6380E+01  5.0616E+01  4.8516E+00  6.1600E+01  4.0995E-10
 -1.8000      0.6  5.99372E-03  1.041E+05  5.9977E+02  1.5311E+05  1.6380E+01  5.0616E+01  4.9756E+00  6.8711E+01  1.9763E-10
 -1.9000     24.9  3.16409E-02  1.041E+05  5.9794E+02  1.5310E+05  1.6380E+01  5.0616E+01  5.0499E+00  7.5328E+01  8.0647E-12
 -2.0000     53.6  5.45284E-02  1.041E+05  5.9610E+02  1.5309E+05  1.6380E+01  5.0616E+01  5.0482E+00  7.9808E+01  2.0805E-10
 -2.1000     87.1  7.43580E-02  1.041E+05  5.9426E+02  1.5307E+05  1.6380E+01  5.0616E+01  4.9367E+00  8.0542E+01  4.0456E-10
 -2.2000    125.5  9.10288E-02  1.041E+05  5.9242E+02  1.5306E+05  1.6380E+01  5.0616E+01  4.6719E+00  7.6038E+01  6.0057E-10
 -2.3000    169.0  1.05490E-01  1.041E+05  5.9059E+02  1.5305E+05  1.6380E+01  5.0616E+01  4.2071E+00  6.5530E+01  7.9582E-10
 -2.4000    217.8  1.17253E-01  1.041E+05  5.8875E+02  1.5304E+05  1.6380E+01  5.0616E+01  3.4892E+00  4.8705E+01  9.9241E-10
 -2.5000    272.0  1.26576E-01  1.041E+05  5.8691E+02  1.5303E+05  1.6380E+01  5.0616E+01  2.4536E+00  2.5233E+01  1.1920E-09
 -2.6000    331.8  1.31648E-01  1.041E+05  5.8507E+02  1.5301E+05  1.6380E+01  5.0616E+01  1.0060E+00  5.9976E+00  1.4054E-09
 -2.7000    397.5  1.35913E-01  1.041E+05  5.8323E+02  1.5300E+05  1.6380E+01  5.0616E+01  9.4980E-01  4.5113E+01  1.6268E-09
 -2.8000    469.2  1.38821E-01  1.041E+05  5.8140E+02  1.5299E+05  1.6380E+01  5.0616E+01  3.4942E+00  9.0536E+01  1.8557E-09
 -2.9000    547.0  1.41769E-01  1.041E+05  5.7956E+02  1.5298E+05  1.6380E+01  5.0616E+01  6.6994E+00  1.4021E+02  2.0831E-09
 -3.0000    631.2  1.44217E-01  1.041E+05  5.7772E+02  1.5297E+05  1.6380E+01  5.0616E+01  1.0622E+01  1.9154E+02  2.3055E-09
 -3.1000    721.9  1.46376E-01  1.041E+05  5.7588E+02  1.5295E+05  1.6380E+01  5.0616E+01  1.5308E+01  2.4202E+02  2.5162E-09
 -3.2000    819.3  1.48390E-01  1.041E+05  5.7405E+02  1.5294E+05  1.6380E+01  5.0616E+01  2.0774E+01  2.8873E+02  2.7063E-09
 -3.3000    923.6  1.50247E-01  1.041E+05  5.7221E+02  1.5293E+05  1.6380E+01  5.0616E+01  2.6996E+01  3.2835E+02  2.8645E-09
 -3.4000   1035.0  1.51572E-01  1.041E+05  5.7037E+02  1.5292E+05  1.6380E+01  5.0616E+01  3.3858E+01  3.5635E+02  2.9738E-09
 -3.5000   1153.7  1.50887E-01  1.041E+05  5.6853E+02  1.5291E+05  1.6380E+01  5.0616E+01  4.1216E+01  3.6867E+02  3.0211E-09
 -3.6000   1279.8  1.49689E-01  1.041E+05  5.6670E+02  1.5289E+05  1.6380E+01  5.0616E+01  4.8827E+01  3.6124E+02  2.9746E-09
 -3.7000   1413.5  1.47704E-01  1.041E+05  5.6486E+02  1.5288E+05  1.6380E+01  5.0616E+01  5.6163E+01  3.2830E+02  2.8035E-09
 -3.8000   1555.0  1.44867E-01  1.041E+05  5.6302E+02  1.5287E+05  1.6380E+01  5.0616E+01  6.2246E+01  2.6352E+02  2.4705E-09
 -3.9000   1704.4  1.39839E-01  1.041E+05  5.6118E+02  1.5286E+05  1.6380E+01  5.0616E+01  6.5008E+01  1.5879E+02  1.9267E-09
 -4.0000   1862.1  1.36226E-01  1.041E+05  5.5934E+02  1.5285E+05  1.6380E+01  5.0616E+01  5.8210E+01  0.0000E+00  1.0718E-09
