   0.00000000       0.00000000       6.49159431    
  1.4000     26.5  2.61865E+01  1.122E+07  6.2467E+02  1.2378E+05  1.7682E+01  4.3444E+01  2.3831E-01  6.1799E+03  1.4310E-08
  1.3000     26.8  2.56029E+01  1.122E+07  6.2449E+02  1.2374E+05  1.7682E+01  4.3444E+01  1.5182E-01  5.7245E+03  1.3248E-08
  1.2000     27.2  2.48823E+01  1.122E+07  6.2431E+02  1.2369E+05  1.7682E+01  4.3444E+01  7.7553E-02  5.3415E+03  1.2376E-08
  1.1000     27.5  2.40376E+01  1.122E+07  6.2413E+02  1.2364E+05  1.7682E+01  4.3444E+01  1.4877E-02  5.0170E+03  1.1656E-08
  1.0000     27.8  2.30666E+01  1.122E+07  6.2395E+02  1.2359E+05  1.7682E+01  4.3444E+01  3.7094E-02  4.7398E+03  1.1061E-08
  0.9000     28.1  2.19789E+01  1.122E+07  6.2377E+02  1.2354E+05  1.7682E+01  4.3444E+01  7.9338E-02  4.5011E+03  1.0568E-08
  0.8000     28.4  2.03092E+01  1.122E+07  6.2359E+02  1.2350E+05  1.7682E+01  4.3444E+01  1.1307E-01  4.2914E+03  1.0183E-08
  0.7000     28.7  1.77238E+01  1.122E+07  6.2340E+02  1.2345E+05  1.7682E+01  4.3444E+01  1.3932E-01  4.0983E+03  9.9034E-09
  0.6000     29.0  1.46797E+01  1.122E+07  6.2322E+02  1.2340E+05  1.7682E+01  4.3444E+01  1.5834E-01  3.9096E+03  9.6850E-09
  0.5000     29.3  1.15997E+01  1.122E+07  6.2304E+02  1.2335E+05  1.7682E+01  4.3444E+01  1.6916E-01  3.7158E+03  9.4879E-09
  0.4000     29.6  8.55228E+00  1.122E+07  6.2286E+02  1.2330E+05  1.7682E+01  4.3444E+01  1.6930E-01  3.5051E+03  9.2976E-09
  0.3000     30.0  6.17462E+00  1.122E+07  6.2268E+02  1.2326E+05  1.7682E+01  4.3444E+01  1.5517E-01  3.2683E+03  9.0236E-09
  0.2000     30.3  4.41341E+00  1.122E+07  6.2250E+02  1.2321E+05  1.7682E+01  4.3444E+01  1.2332E-01  3.0022E+03  8.6376E-09
  0.1000     30.6  3.19844E+00  1.122E+07  6.2232E+02  1.2316E+05  1.7682E+01  4.3444E+01  7.1640E-02  2.7103E+03  8.1190E-09
  0.0000     30.9  2.36082E+00  1.122E+07  6.2213E+02  1.2311E+05  1.7682E+01  4.3444E+01  0.0000E+00  2.4016E+03  7.4875E-09
 -0.1000     31.2  1.78623E+00  1.122E+07  6.2195E+02  1.2306E+05  1.7682E+01  4.3444E+01  9.0170E-02  2.0876E+03  6.7735E-09
 -0.2000     31.5  1.38116E+00  1.122E+07  6.2177E+02  1.2302E+05  1.7682E+01  4.3444E+01  1.9672E-01  1.7800E+03  6.0183E-09
 -0.3000     31.8  1.08599E+00  1.122E+07  6.2159E+02  1.2297E+05  1.7682E+01  4.3444E+01  3.1756E-01  1.4874E+03  5.2576E-09
 -0.4000     32.1  8.72309E-01  1.122E+07  6.2141E+02  1.2292E+05  1.7682E+01  4.3444E+01  4.5132E-01  1.2158E+03  4.5151E-09
 -0.5000     32.4  7.01385E-01  1.122E+07  6.2123E+02  1.2287E+05  1.7682E+01  4.3444E+01  5.9634E-01  9.6880E+02  3.8164E-09
 -0.6000     32.8  5.57963E-01  1.122E+07  6.2105E+02  1.2282E+05  1.7682E+01  4.3444E+01  7.4838E-01  7.4843E+02  3.1748E-09
 -0.7000     33.1  4.33087E-01  1.122E+07  6.2086E+02  1.2277E+05  1.7682E+01  4.3444E+01  8.9851E-01  5.5756E+02  2.6030E-09
 -0.8000     33.4  3.36730E-01  1.122E+07  6.2068E+02  1.2273E+05  1.7682E+01  4.3444E+01  1.0372E+00  3.9815E+02  2.1029E-09
 -0.9000     33.7  2.63173E-01  1.122E+07  6.2050E+02  1.2268E+05  1.7682E+01  4.3444E+01  1.1584E+00  2.6960E+02  1.6781E-09
 -1.0000     34.0  2.07700E-01  1.122E+07  6.2032E+02  1.2263E+05  1.7682E+01  4.3444E+01  1.2585E+00  1.6933E+02  1.3263E-09
 -1.1000     34.3  1.60840E-01  1.122E+07  6.2014E+02  1.2258E+05  1.7682E+01  4.3444E+01  1.3298E+00  9.5258E+01  1.0492E-09
 -1.2000     34.6  1.26548E-01  1.122E+07  6.1996E+02  1.2253E+05  1.7682E+01  4.3444E+01  1.3667E+00  4.4324E+01  8.3707E-10
 -1.3000     34.9  1.01478E-01  1.122E+07  6.1977E+02  1.2249E+05  1.7682E+01  4.3444E+01  1.3718E+00  1.1172E+01  6.7746E-10
 -1.4000     35.2  8.19366E-02  1.122E+07  6.1959E+02  1.2244E+05  1.7682E+01  4.3444E+01  1.3469E+00  8.5645E+00  5.6082E-10
 -1.5000     35.6  6.61342E-02  1.122E+07  6.1941E+02  1.2239E+05  1.7682E+01  4.3444E+01  1.2904E+00  1.7777E+01  4.8057E-10
 -1.6000     35.9  5.42235E-02  1.122E+07  6.1923E+02  1.2234E+05  1.7682E+01  4.3444E+01  1.2029E+00  1.9303E+01  4.2763E-10
 -1.7000     36.2  4.54202E-02  1.122E+07  6.1905E+02  1.2229E+05  1.7682E+01  4.3444E+01  1.0889E+00  1.6051E+01  3.9271E-10
 -1.8000     36.5  3.86169E-02  1.122E+07  6.1887E+02  1.2225E+05  1.7682E+01  4.3444E+01  9.5184E-01  1.0062E+01  3.6973E-10
 -1.9000     36.8  3.29632E-02  1.122E+07  6.1869E+02  1.2220E+05  1.7682E+01  4.3444E+01  7.9272E-01  2.5156E+00  3.5653E-10
 -2.0000     37.1  2.83228E-02  1.122E+07  6.1850E+02  1.2215E+05  1.7682E+01  4.3444E+01  6.1185E-01  5.8369E+00  3.5038E-10
 -2.1000     37.4  2.45440E-02  1.122E+07  6.1832E+02  1.2210E+05  1.7682E+01  4.3444E+01  4.1037E-01  1.4342E+01  3.4890E-10
 -2.2000     37.7  2.14700E-02  1.122E+07  6.1814E+02  1.2205E+05  1.7682E+01  4.3444E+01  1.9040E-01  2.2454E+01  3.4995E-10
 -2.3000     38.1  1.88827E-02  1.122E+07  6.1796E+02  1.2201E+05  1.7682E+01  4.3444E+01  4.6631E-02  2.9868E+01  3.5145E-10
 -2.4000     38.4  1.67134E-02  1.122E+07  6.1778E+02  1.2196E+05  1.7682E+01  4.3444E+01  2.9974E-01  3.6429E+01  3.5322E-10
 -2.5000     38.7  1.48805E-02  1.122E+07  6.1760E+02  1.2191E+05  1.7682E+01  4.3444E+01  5.6674E-01  4.1987E+01  3.5436E-10
 -2.6000     39.0  1.34633E-02  1.122E+07  6.1742E+02  1.2186E+05  1.7682E+01  4.3444E+01  8.4113E-01  4.6246E+01  3.5465E-10
 -2.7000     39.3  1.21750E-02  1.122E+07  6.1723E+02  1.2181E+05  1.7682E+01  4.3444E+01  1.1171E+00  4.9051E+01  3.5123E-10
 -2.8000     39.6  1.10373E-02  1.122E+07  6.1705E+02  1.2176E+05  1.7682E+01  4.3444E+01  1.3914E+00  5.0499E+01  3.4463E-10
 -2.9000     39.9  9.96339E-03  1.122E+07  6.1687E+02  1.2172E+05  1.7682E+01  4.3444E+01  1.6618E+00  5.0726E+01  3.3434E-10
 -3.0000     40.2  8.98047E-03  1.122E+07  6.1669E+02  1.2167E+05  1.7682E+01  4.3444E+01  1.9259E+00  4.9884E+01  3.2117E-10
 -3.1000     40.5  8.07264E-03  1.122E+07  6.1651E+02  1.2162E+05  1.7682E+01  4.3444E+01  2.1797E+00  4.8037E+01  3.0500E-10
 -3.2000     40.9  7.12605E-03  1.122E+07  6.1633E+02  1.2157E+05  1.7682E+01  4.3444E+01  2.3787E+00  4.4153E+01  2.8145E-10
 -3.3000     41.2  6.46984E-03  1.122E+07  6.1615E+02  1.2152E+05  1.7682E+01  4.3444E+01  2.5493E+00  3.9344E+01  2.5435E-10
 -3.4000     41.5  5.69968E-03  1.122E+07  6.1596E+02  1.2148E+05  1.7682E+01  4.3444E+01  2.7232E+00  3.4790E+01  2.2818E-10
 -3.5000     41.8  4.96644E-03  1.122E+07  6.1578E+02  1.2143E+05  1.7682E+01  4.3444E+01  2.8531E+00  2.9437E+01  1.9889E-10
 -3.6000     42.1  4.27976E-03  1.122E+07  6.1560E+02  1.2138E+05  1.7682E+01  4.3444E+01  2.9215E+00  2.3331E+01  1.6560E-10
 -3.7000     42.4  3.65562E-03  1.122E+07  6.1542E+02  1.2133E+05  1.7682E+01  4.3444E+01  2.9066E+00  1.6641E+01  1.2897E-10
 -3.8000     42.7  3.09820E-03  1.122E+07  6.1524E+02  1.2128E+05  1.7682E+01  4.3444E+01  2.7623E+00  9.4592E+00  8.9406E-11
 -3.9000     43.0  2.75991E-03  1.122E+07  6.1506E+02  1.2124E+05  1.7682E+01  4.3444E+01  2.5306E+00  3.1314E+00  5.0743E-11
 -4.0000     43.3  2.12106E-03  1.122E+07  6.1487E+02  1.2119E+05  1.7682E+01  4.3444E+01  2.4816E+00  0.0000E+00  2.6139E-11
